2014-05-13/12:53:04.031/CESTDEBUGin Animator.run(n) for team.uninter.mordorq.gamespace.Animator@2eaa9981
2014-05-13/12:53:04.074/CESTDEBUGin Animator.run(n): round 1 ended in team.uninter.mordorq.gamespace.Animator@2eaa9981
2014-05-13/12:53:04.075/CESTDEBUGin Animator.run(n): scene.repaint called in team.uninter.mordorq.gamespace.Animator@2eaa9981
2014-05-13/12:53:05.030/CESTDEBUGin Animator.run(n) for team.uninter.mordorq.gamespace.Animator@2eaa9981
2014-05-13/12:53:05.031/CESTDEBUGin Animator.run(n): team.uninter.mordorq.gamespace.Hobbit[,0,0,0x0,invalid,layout=java.awt.FlowLayout,alignmentX=0.0,alignmentY=0.0,border=,flags=9,maximumSize=,minimumSize=,preferredSize=] was controlled in team.uninter.mordorq.gamespace.Animator@2eaa9981
2014-05-13/12:53:05.031/CESTDEBUGin Animator.run(n): team.uninter.mordorq.gamespace.Hobbit[,0,0,0x0,invalid,layout=java.awt.FlowLayout,alignmentX=0.0,alignmentY=0.0,border=,flags=9,maximumSize=,minimumSize=,preferredSize=] was controlled in team.uninter.mordorq.gamespace.Animator@2eaa9981
2014-05-13/12:53:05.032/CESTDEBUGin Animator.run(n): team.uninter.mordorq.gamespace.Hobbit[,0,0,0x0,invalid,layout=java.awt.FlowLayout,alignmentX=0.0,alignmentY=0.0,border=,flags=9,maximumSize=,minimumSize=,preferredSize=] was controlled in team.uninter.mordorq.gamespace.Animator@2eaa9981
2014-05-13/12:53:05.032/CESTDEBUGin Animator.run(n): team.uninter.mordorq.gamespace.Hobbit[,0,0,0x0,invalid,layout=java.awt.FlowLayout,alignmentX=0.0,alignmentY=0.0,border=,flags=9,maximumSize=,minimumSize=,preferredSize=] was controlled in team.uninter.mordorq.gamespace.Animator@2eaa9981
2014-05-13/12:53:05.048/CESTDEBUGin Animator.run(n): team.uninter.mordorq.gamespace.Hobbit[,0,0,0x0,invalid,layout=java.awt.FlowLayout,alignmentX=0.0,alignmentY=0.0,border=,flags=9,maximumSize=,minimumSize=,preferredSize=] was controlled in team.uninter.mordorq.gamespace.Animator@2eaa9981
2014-05-13/12:53:05.049/CESTDEBUGin Animator.run(n): team.uninter.mordorq.gamespace.Hobbit[,0,0,0x0,invalid,layout=java.awt.FlowLayout,alignmentX=0.0,alignmentY=0.0,border=,flags=9,maximumSize=,minimumSize=,preferredSize=] was controlled in team.uninter.mordorq.gamespace.Animator@2eaa9981
2014-05-13/12:53:05.050/CESTDEBUGin Animator.run(n): team.uninter.mordorq.gamespace.Hobbit[,0,0,0x0,invalid,layout=java.awt.FlowLayout,alignmentX=0.0,alignmentY=0.0,border=,flags=9,maximumSize=,minimumSize=,preferredSize=] was controlled in team.uninter.mordorq.gamespace.Animator@2eaa9981
2014-05-13/12:53:05.052/CESTDEBUGin Animator.run(n): team.uninter.mordorq.gamespace.Hobbit[,0,0,0x0,invalid,layout=java.awt.FlowLayout,alignmentX=0.0,alignmentY=0.0,border=,flags=9,maximumSize=,minimumSize=,preferredSize=] was controlled in team.uninter.mordorq.gamespace.Animator@2eaa9981
2014-05-13/12:53:05.053/CESTDEBUGin Animator.run(n): team.uninter.mordorq.gamespace.Hobbit[,0,0,0x0,invalid,layout=java.awt.FlowLayout,alignmentX=0.0,alignmentY=0.0,border=,flags=9,maximumSize=,minimumSize=,preferredSize=] was controlled in team.uninter.mordorq.gamespace.Animator@2eaa9981
2014-05-13/12:53:05.056/CESTDEBUGin Animator.run(n): team.uninter.mordorq.gamespace.Hobbit[,0,0,0x0,invalid,layout=java.awt.FlowLayout,alignmentX=0.0,alignmentY=0.0,border=,flags=9,maximumSize=,minimumSize=,preferredSize=] was controlled in team.uninter.mordorq.gamespace.Animator@2eaa9981
2014-05-13/12:53:05.103/CESTDEBUGin Animator.run(n): round 2 ended in team.uninter.mordorq.gamespace.Animator@2eaa9981
2014-05-13/12:53:05.108/CESTDEBUGin Animator.run(n): scene.repaint called in team.uninter.mordorq.gamespace.Animator@2eaa9981
2014-05-13/12:53:06.030/CESTDEBUGin Animator.run(n) for team.uninter.mordorq.gamespace.Animator@2eaa9981
2014-05-13/12:53:06.031/CESTDEBUGin Animator.run(n): team.uninter.mordorq.gamespace.Elf[,0,0,0x0,invalid,layout=java.awt.FlowLayout,alignmentX=0.0,alignmentY=0.0,border=,flags=9,maximumSize=,minimumSize=,preferredSize=] was controlled in team.uninter.mordorq.gamespace.Animator@2eaa9981
2014-05-13/12:53:06.031/CESTDEBUGin Animator.run(n): team.uninter.mordorq.gamespace.Elf[,0,0,0x0,invalid,layout=java.awt.FlowLayout,alignmentX=0.0,alignmentY=0.0,border=,flags=9,maximumSize=,minimumSize=,preferredSize=] was controlled in team.uninter.mordorq.gamespace.Animator@2eaa9981
2014-05-13/12:53:06.032/CESTDEBUGin Animator.run(n): team.uninter.mordorq.gamespace.Elf[,0,0,0x0,invalid,layout=java.awt.FlowLayout,alignmentX=0.0,alignmentY=0.0,border=,flags=9,maximumSize=,minimumSize=,preferredSize=] was controlled in team.uninter.mordorq.gamespace.Animator@2eaa9981
2014-05-13/12:53:06.032/CESTDEBUGin Animator.run(n): team.uninter.mordorq.gamespace.Elf[,0,0,0x0,invalid,layout=java.awt.FlowLayout,alignmentX=0.0,alignmentY=0.0,border=,flags=9,maximumSize=,minimumSize=,preferredSize=] was controlled in team.uninter.mordorq.gamespace.Animator@2eaa9981
2014-05-13/12:53:06.033/CESTDEBUGin Animator.run(n): team.uninter.mordorq.gamespace.Elf[,0,0,0x0,invalid,layout=java.awt.FlowLayout,alignmentX=0.0,alignmentY=0.0,border=,flags=9,maximumSize=,minimumSize=,preferredSize=] was controlled in team.uninter.mordorq.gamespace.Animator@2eaa9981
2014-05-13/12:53:06.033/CESTDEBUGin Animator.run(n): team.uninter.mordorq.gamespace.Hobbit[,0,0,0x0,invalid,layout=java.awt.FlowLayout,alignmentX=0.0,alignmentY=0.0,border=,flags=9,maximumSize=,minimumSize=,preferredSize=] was controlled in team.uninter.mordorq.gamespace.Animator@2eaa9981
2014-05-13/12:53:06.033/CESTDEBUGin Animator.run(n): team.uninter.mordorq.gamespace.Hobbit[,0,0,0x0,invalid,layout=java.awt.FlowLayout,alignmentX=0.0,alignmentY=0.0,border=,flags=9,maximumSize=,minimumSize=,preferredSize=] was controlled in team.uninter.mordorq.gamespace.Animator@2eaa9981
2014-05-13/12:53:06.034/CESTDEBUGin Animator.run(n): team.uninter.mordorq.gamespace.Hobbit[,0,0,0x0,invalid,layout=java.awt.FlowLayout,alignmentX=0.0,alignmentY=0.0,border=,flags=9,maximumSize=,minimumSize=,preferredSize=] was controlled in team.uninter.mordorq.gamespace.Animator@2eaa9981
2014-05-13/12:53:06.034/CESTDEBUGin Animator.run(n): team.uninter.mordorq.gamespace.Hobbit[,0,0,0x0,invalid,layout=java.awt.FlowLayout,alignmentX=0.0,alignmentY=0.0,border=,flags=9,maximumSize=,minimumSize=,preferredSize=] was controlled in team.uninter.mordorq.gamespace.Animator@2eaa9981
2014-05-13/12:53:06.035/CESTDEBUGin Animator.run(n): team.uninter.mordorq.gamespace.Hobbit[,0,0,0x0,invalid,layout=java.awt.FlowLayout,alignmentX=0.0,alignmentY=0.0,border=,flags=9,maximumSize=,minimumSize=,preferredSize=] was controlled in team.uninter.mordorq.gamespace.Animator@2eaa9981
2014-05-13/12:53:06.059/CESTDEBUGin Animator.run(n): round 3 ended in team.uninter.mordorq.gamespace.Animator@2eaa9981
2014-05-13/12:53:06.059/CESTDEBUGin Animator.run(n): scene.repaint called in team.uninter.mordorq.gamespace.Animator@2eaa9981
