2014-05-13/14:49:05.223/CESTDEBUG at ( -16,0 ) was ET of Hobbit
2014-05-13/14:49:05.224/CESTDEBUG Hobbit at RoadGrid at ( -16,0 )
2014-05-13/14:49:05.225/CESTDEBUG and on the grid: true
2014-05-13/14:49:05.225/CESTDEBUG at ( -16,16 ) was ET of Hobbit
2014-05-13/14:49:05.225/CESTDEBUG Hobbit at RoadGrid at ( -16,16 )
2014-05-13/14:49:05.226/CESTDEBUG and on the grid: true
2014-05-13/14:49:05.226/CESTDEBUG at ( -16,32 ) was ET of Hobbit
2014-05-13/14:49:05.226/CESTDEBUG Hobbit at RoadGrid at ( -16,32 )
2014-05-13/14:49:05.227/CESTDEBUG and on the grid: true
2014-05-13/14:49:05.227/CESTDEBUG at ( -16,48 ) was ET of Hobbit
2014-05-13/14:49:05.227/CESTDEBUG Hobbit at RoadGrid at ( -16,48 )
2014-05-13/14:49:05.229/CESTDEBUG and on the grid: true
2014-05-13/14:49:05.230/CESTDEBUG at ( -16,64 ) was ET of Hobbit
2014-05-13/14:49:05.230/CESTDEBUG Hobbit at RoadGrid at ( -16,64 )
2014-05-13/14:49:05.230/CESTDEBUG and on the grid: true
2014-05-13/14:49:05.231/CESTDEBUG at ( -16,80 ) was ET of Hobbit
2014-05-13/14:49:05.231/CESTDEBUG Hobbit at RoadGrid at ( -16,80 )
2014-05-13/14:49:05.231/CESTDEBUG and on the grid: true
2014-05-13/14:49:05.232/CESTDEBUG at ( -16,96 ) was ET of Hobbit
2014-05-13/14:49:05.232/CESTDEBUG Hobbit at RoadGrid at ( -16,96 )
2014-05-13/14:49:05.233/CESTDEBUG and on the grid: true
2014-05-13/14:49:05.233/CESTDEBUG at ( -16,112 ) was ET of Hobbit
2014-05-13/14:49:05.233/CESTDEBUG Hobbit at RoadGrid at ( -16,112 )
2014-05-13/14:49:05.234/CESTDEBUG and on the grid: true
2014-05-13/14:49:05.234/CESTDEBUG at ( -16,128 ) was ET of Hobbit
2014-05-13/14:49:05.234/CESTDEBUG Hobbit at RoadGrid at ( -16,128 )
2014-05-13/14:49:05.235/CESTDEBUG and on the grid: true
2014-05-13/14:49:05.235/CESTDEBUG at ( -16,144 ) was ET of Hobbit
2014-05-13/14:49:05.235/CESTDEBUG Hobbit at RoadGrid at ( -16,144 )
2014-05-13/14:49:05.236/CESTDEBUG and on the grid: true
2014-05-13/14:49:06.223/CESTDEBUG at ( -16,160 ) was ET of Elf
2014-05-13/14:49:06.223/CESTDEBUG Elf at RoadGrid at ( -16,160 )
2014-05-13/14:49:06.224/CESTDEBUG and on the grid: true
2014-05-13/14:49:06.224/CESTDEBUG at ( -16,176 ) was ET of Elf
2014-05-13/14:49:06.224/CESTDEBUG Elf at RoadGrid at ( -16,176 )
2014-05-13/14:49:06.225/CESTDEBUG and on the grid: true
2014-05-13/14:49:06.225/CESTDEBUG at ( -16,192 ) was ET of Elf
2014-05-13/14:49:06.225/CESTDEBUG Elf at RoadGrid at ( -16,192 )
2014-05-13/14:49:06.226/CESTDEBUG and on the grid: true
2014-05-13/14:49:06.226/CESTDEBUG at ( -16,208 ) was ET of Elf
2014-05-13/14:49:06.226/CESTDEBUG Elf at RoadGrid at ( -16,208 )
2014-05-13/14:49:06.227/CESTDEBUG and on the grid: true
2014-05-13/14:49:06.227/CESTDEBUG at ( -16,224 ) was ET of Elf
2014-05-13/14:49:06.227/CESTDEBUG Elf at RoadGrid at ( -16,224 )
2014-05-13/14:49:06.228/CESTDEBUG and on the grid: true
2014-05-13/14:49:06.228/CESTDEBUG at ( -16,240 ) was ET of Hobbit
2014-05-13/14:49:06.228/CESTDEBUG Hobbit at RoadGrid at ( -16,240 )
2014-05-13/14:49:06.229/CESTDEBUG and on the grid: true
2014-05-13/14:49:06.229/CESTDEBUG at ( -16,256 ) was ET of Hobbit
2014-05-13/14:49:06.230/CESTDEBUG Hobbit at RoadGrid at ( -16,256 )
2014-05-13/14:49:06.230/CESTDEBUG and on the grid: true
2014-05-13/14:49:06.230/CESTDEBUG at ( -16,272 ) was ET of Hobbit
2014-05-13/14:49:06.231/CESTDEBUG Hobbit at RoadGrid at ( -16,272 )
2014-05-13/14:49:06.231/CESTDEBUG and on the grid: true
2014-05-13/14:49:06.231/CESTDEBUG at ( -16,288 ) was ET of Hobbit
2014-05-13/14:49:06.232/CESTDEBUG Hobbit at RoadGrid at ( -16,288 )
2014-05-13/14:49:06.232/CESTDEBUG and on the grid: true
2014-05-13/14:49:06.232/CESTDEBUG at ( -16,304 ) was ET of Hobbit
2014-05-13/14:49:06.232/CESTDEBUG Hobbit at RoadGrid at ( -16,304 )
2014-05-13/14:49:06.233/CESTDEBUG and on the grid: true
2014-05-13/14:49:07.224/CESTDEBUG at ( -16,320 ) was ET of Elf
2014-05-13/14:49:07.224/CESTDEBUG Elf at RoadGrid at ( -16,320 )
2014-05-13/14:49:07.224/CESTDEBUG and on the grid: true
2014-05-13/14:49:07.225/CESTDEBUG at ( -16,336 ) was ET of Elf
2014-05-13/14:49:07.225/CESTDEBUG Elf at RoadGrid at ( -16,336 )
2014-05-13/14:49:07.225/CESTDEBUG and on the grid: true
2014-05-13/14:49:07.226/CESTDEBUG at ( -16,352 ) was ET of Elf
2014-05-13/14:49:07.226/CESTDEBUG Elf at RoadGrid at ( -16,352 )
2014-05-13/14:49:07.226/CESTDEBUG and on the grid: true
2014-05-13/14:49:07.227/CESTDEBUG at ( -16,368 ) was ET of Elf
2014-05-13/14:49:07.227/CESTDEBUG Elf at RoadGrid at ( -16,368 )
2014-05-13/14:49:07.227/CESTDEBUG and on the grid: true
2014-05-13/14:49:07.228/CESTDEBUG at ( -16,384 ) was ET of Elf
2014-05-13/14:49:07.228/CESTDEBUG Elf at RoadGrid at ( -16,384 )
2014-05-13/14:49:07.228/CESTDEBUG and on the grid: true
2014-05-13/14:49:07.229/CESTDEBUG at ( -16,400 ) was ET of Hobbit
2014-05-13/14:49:07.229/CESTDEBUG Hobbit at RoadGrid at ( -16,400 )
2014-05-13/14:49:07.229/CESTDEBUG and on the grid: true
2014-05-13/14:49:07.230/CESTDEBUG at ( -16,416 ) was ET of Hobbit
2014-05-13/14:49:07.230/CESTDEBUG Hobbit at RoadGrid at ( -16,416 )
2014-05-13/14:49:07.230/CESTDEBUG and on the grid: true
2014-05-13/14:49:07.230/CESTDEBUG at ( -16,432 ) was ET of Hobbit
2014-05-13/14:49:07.231/CESTDEBUG Hobbit at RoadGrid at ( -16,432 )
2014-05-13/14:49:07.231/CESTDEBUG and on the grid: true
2014-05-13/14:49:07.232/CESTDEBUG at ( -16,448 ) was ET of Hobbit
2014-05-13/14:49:07.232/CESTDEBUG Hobbit at RoadGrid at ( -16,448 )
2014-05-13/14:49:07.232/CESTDEBUG and on the grid: true
2014-05-13/14:49:07.232/CESTDEBUG at ( -16,464 ) was ET of Hobbit
2014-05-13/14:49:07.233/CESTDEBUG Hobbit at RoadGrid at ( -16,464 )
2014-05-13/14:49:07.233/CESTDEBUG and on the grid: true
2014-05-13/14:49:07.233/CESTDEBUG at ( -16,480 ) was ET of Hobbit
2014-05-13/14:49:07.233/CESTDEBUG Hobbit at RoadGrid at ( -16,480 )
2014-05-13/14:49:07.233/CESTDEBUG and on the grid: true
2014-05-13/14:49:07.234/CESTDEBUG at ( -16,496 ) was ET of Hobbit
2014-05-13/14:49:07.234/CESTDEBUG Hobbit at RoadGrid at ( -16,496 )
2014-05-13/14:49:07.234/CESTDEBUG and on the grid: true
2014-05-13/14:49:08.223/CESTDEBUG at ( -16,512 ) was ET of Elf
2014-05-13/14:49:08.223/CESTDEBUG Elf at RoadGrid at ( -16,512 )
2014-05-13/14:49:08.223/CESTDEBUG and on the grid: true
2014-05-13/14:49:08.224/CESTDEBUG at ( -16,528 ) was ET of Elf
2014-05-13/14:49:08.226/CESTDEBUG Elf at RoadGrid at ( -16,528 )
2014-05-13/14:49:08.226/CESTDEBUG and on the grid: true
2014-05-13/14:49:08.227/CESTDEBUG at ( -16,544 ) was ET of Elf
2014-05-13/14:49:08.228/CESTDEBUG Elf at RoadGrid at ( -16,544 )
2014-05-13/14:49:08.229/CESTDEBUG and on the grid: true
2014-05-13/14:49:08.229/CESTDEBUG at ( -16,560 ) was ET of Elf
2014-05-13/14:49:08.229/CESTDEBUG Elf at RoadGrid at ( -16,560 )
2014-05-13/14:49:08.230/CESTDEBUG and on the grid: true
2014-05-13/14:49:08.231/CESTDEBUG at ( -16,576 ) was ET of Elf
2014-05-13/14:49:08.231/CESTDEBUG Elf at RoadGrid at ( -16,576 )
2014-05-13/14:49:08.231/CESTDEBUG and on the grid: true
2014-05-13/14:49:08.234/CESTDEBUG at ( -16,592 ) was ET of Elf
2014-05-13/14:49:08.234/CESTDEBUG Elf at RoadGrid at ( -16,592 )
2014-05-13/14:49:08.234/CESTDEBUG and on the grid: true
2014-05-13/14:49:08.235/CESTDEBUG at ( -16,608 ) was ET of Elf
2014-05-13/14:49:08.235/CESTDEBUG Elf at RoadGrid at ( -16,608 )
2014-05-13/14:49:08.235/CESTDEBUG and on the grid: true
2014-05-13/14:49:08.236/CESTDEBUG at ( -16,624 ) was ET of Elf
2014-05-13/14:49:08.236/CESTDEBUG Elf at RoadGrid at ( -16,624 )
2014-05-13/14:49:08.237/CESTDEBUG and on the grid: true
2014-05-13/14:49:08.237/CESTDEBUG at ( 0,0 ) was ET of Elf
