2014-05-13/18:10:38.576/CESTDEBUGcan cast Nazgul on GroundGrid
2014-05-13/18:10:38.585/CESTDEBUGcan cast Nazgul on GroundGrid
2014-05-13/18:10:38.594/CESTDEBUGcan cast Nazgul on GroundGrid
2014-05-13/18:10:38.596/CESTDEBUGcan cast Nazgul on GroundGrid
2014-05-13/18:10:38.605/CESTDEBUGcan cast Nazgul on RoadGrid
2014-05-13/18:10:38.613/CESTDEBUGcan cast Nazgul on RoadGrid
2014-05-13/18:10:38.615/CESTDEBUGcan cast Nazgul on RoadGrid
2014-05-13/18:10:38.625/CESTDEBUGcan cast Nazgul on RoadGrid
2014-05-13/18:10:38.633/CESTDEBUGcan cast Nazgul on RoadGrid
2014-05-13/18:10:38.641/CESTDEBUGcan cast Nazgul on RoadGrid
2014-05-13/18:10:38.645/CESTDEBUGcan cast Nazgul on RoadGrid
2014-05-13/18:10:38.651/CESTDEBUGcan cast Nazgul on RoadGrid
2014-05-13/18:10:38.661/CESTDEBUGcan cast Nazgul on GroundGrid
2014-05-13/18:10:38.661/CESTDEBUGcan cast Nazgul on GroundGrid
2014-05-13/18:10:38.672/CESTDEBUGcan cast Nazgul on GroundGrid
2014-05-13/18:10:38.680/CESTDEBUGcan cast Nazgul on RoadGrid
2014-05-13/18:10:38.690/CESTDEBUGcan cast Nazgul on GroundGrid
2014-05-13/18:10:38.692/CESTDEBUGcan cast Nazgul on GroundGrid
2014-05-13/18:10:38.701/CESTDEBUGcan cast Nazgul on RoadGrid
2014-05-13/18:10:38.709/CESTDEBUGcan cast Nazgul on RoadGrid
2014-05-13/18:10:38.720/CESTDEBUGcan cast Nazgul on GroundGrid
2014-05-13/18:10:38.727/CESTDEBUGcan cast Nazgul on GroundGrid
2014-05-13/18:10:38.734/CESTDEBUGcan cast Nazgul on GroundGrid
2014-05-13/18:10:38.742/CESTDEBUGcan cast Nazgul on GroundGrid
2014-05-13/18:10:38.796/CESTDEBUGcan cast Nazgul on GroundGrid
2014-05-13/18:10:38.815/CESTDEBUGcan cast Nazgul on GroundGrid
2014-05-13/18:10:38.830/CESTDEBUGcan cast Nazgul on GroundGrid
2014-05-13/18:10:38.842/CESTDEBUGcan cast Nazgul on GroundGrid
2014-05-13/18:10:38.848/CESTDEBUGcan cast Nazgul on GroundGrid
2014-05-13/18:10:38.855/CESTDEBUGcan cast Nazgul on GroundGrid
2014-05-13/18:10:38.865/CESTDEBUGcan cast Nazgul on GroundGrid
2014-05-13/18:10:38.874/CESTDEBUGcan cast Nazgul on GroundGrid
2014-05-13/18:10:38.874/CESTDEBUGcan cast Nazgul on GroundGrid
2014-05-13/18:10:38.881/CESTDEBUGcan cast Nazgul on GroundGrid
2014-05-13/18:10:38.889/CESTDEBUGcan cast Nazgul on GroundGrid
2014-05-13/18:10:38.889/CESTDEBUGcan cast Nazgul on GroundGrid
2014-05-13/18:10:38.897/CESTDEBUGcan cast Nazgul on GroundGrid
2014-05-13/18:10:38.903/CESTDEBUGcan cast Nazgul on GroundGrid
2014-05-13/18:10:38.909/CESTDEBUGcan cast Nazgul on RoadGrid
2014-05-13/18:10:38.915/CESTDEBUGcan cast Nazgul on RoadGrid
2014-05-13/18:10:38.921/CESTDEBUGcan cast Nazgul on RoadGrid
2014-05-13/18:10:39.041/CESTDEBUGcan cast Nazgul on RoadGrid
2014-05-13/18:10:48.174/CESTDEBUGcan cast Nazgul on GroundGrid
2014-05-13/18:10:48.182/CESTDEBUGcan cast Nazgul on GroundGrid
2014-05-13/18:10:48.189/CESTDEBUGcan cast Nazgul on RoadGrid
2014-05-13/18:10:48.196/CESTDEBUGcan cast Nazgul on RoadGrid
2014-05-13/18:10:48.204/CESTDEBUGcan cast Nazgul on GroundGrid
2014-05-13/18:10:48.211/CESTDEBUGcan cast Nazgul on GroundGrid
2014-05-13/18:10:48.224/CESTDEBUGcan cast Nazgul on GroundGrid
2014-05-13/18:10:48.233/CESTDEBUGcan cast Nazgul on GroundGrid
2014-05-13/18:10:48.243/CESTDEBUGcan cast Nazgul on RoadGrid
2014-05-13/18:10:48.249/CESTDEBUGcan cast Nazgul on RoadGrid
2014-05-13/18:10:48.256/CESTDEBUGcan cast Nazgul on RoadGrid
2014-05-13/18:10:48.262/CESTDEBUGcan cast Nazgul on RoadGrid
2014-05-13/18:10:48.270/CESTDEBUGcan cast Nazgul on RoadGrid
2014-05-13/18:10:48.340/CESTDEBUGcan cast Nazgul on RoadGrid
2014-05-13/18:10:48.353/CESTDEBUGcan cast Nazgul on RoadGrid
2014-05-13/18:10:48.360/CESTDEBUGcan cast Nazgul on RoadGrid
2014-05-13/18:10:48.361/CESTDEBUGcan cast Nazgul on RoadGrid
2014-05-13/18:10:48.368/CESTDEBUGcan cast Nazgul on RoadGrid
2014-05-13/18:10:48.368/CESTDEBUGcan cast Nazgul on RoadGrid
2014-05-13/18:10:48.376/CESTDEBUGcan cast Nazgul on RoadGrid
2014-05-13/18:10:48.385/CESTDEBUGcan cast Nazgul on RoadGrid
2014-05-13/18:10:48.386/CESTDEBUGcan cast Nazgul on RoadGrid
2014-05-13/18:10:48.392/CESTDEBUGcan cast Nazgul on GroundGrid
2014-05-13/18:10:48.404/CESTDEBUGcan cast Nazgul on GroundGrid
2014-05-13/18:10:48.404/CESTDEBUGcan cast Nazgul on GroundGrid
2014-05-13/18:10:48.412/CESTDEBUGcan cast Nazgul on GroundGrid
2014-05-13/18:10:48.422/CESTDEBUGcan cast Nazgul on GroundGrid
2014-05-13/18:10:48.429/CESTDEBUGcan cast Nazgul on GroundGrid
2014-05-13/18:10:48.430/CESTDEBUGcan cast Nazgul on GroundGrid
2014-05-13/18:10:48.439/CESTDEBUGcan cast Nazgul on GroundGrid
2014-05-13/18:10:48.451/CESTDEBUGcan cast Nazgul on GroundGrid
2014-05-13/18:10:48.507/CESTDEBUGcan cast Nazgul on GroundGrid
2014-05-13/18:10:48.524/CESTDEBUGcan cast Nazgul on GroundGrid
2014-05-13/18:10:48.531/CESTDEBUGcan cast Nazgul on GroundGrid
2014-05-13/18:10:48.532/CESTDEBUGcan cast Nazgul on GroundGrid
2014-05-13/18:10:48.540/CESTDEBUGcan cast Nazgul on GroundGrid
2014-05-13/18:10:48.547/CESTDEBUGcan cast Nazgul on RoadGrid
2014-05-13/18:10:48.555/CESTDEBUGcan cast Nazgul on RoadGrid
2014-05-13/18:10:48.556/CESTDEBUGcan cast Nazgul on RoadGrid
2014-05-13/18:10:48.562/CESTDEBUGcan cast Nazgul on RoadGrid
2014-05-13/18:10:48.574/CESTDEBUGcan cast Nazgul on RoadGrid
2014-05-13/18:10:48.581/CESTDEBUGcan cast Nazgul on RoadGrid
2014-05-13/18:10:48.583/CESTDEBUGcan cast Nazgul on GroundGrid
2014-05-13/18:10:48.590/CESTDEBUGcan cast Nazgul on GroundGrid
2014-05-13/18:10:48.600/CESTDEBUGcan cast Nazgul on GroundGrid
2014-05-13/18:10:48.602/CESTDEBUGcan cast Nazgul on GroundGrid
2014-05-13/18:10:48.615/CESTDEBUGcan cast Nazgul on GroundGrid
2014-05-13/18:10:48.623/CESTDEBUGcan cast Nazgul on GroundGrid
2014-05-13/18:10:48.647/CESTDEBUGcan cast Nazgul on GroundGrid
2014-05-13/18:10:48.656/CESTDEBUGcan cast Nazgul on GroundGrid
2014-05-13/18:10:48.663/CESTDEBUGcan cast Nazgul on GroundGrid
2014-05-13/18:10:48.673/CESTDEBUGcan cast Nazgul on GroundGrid
2014-05-13/18:10:48.678/CESTDEBUGcan cast Nazgul on GroundGrid
2014-05-13/18:10:48.687/CESTDEBUGcan cast Nazgul on GroundGrid
2014-05-13/18:10:48.693/CESTDEBUGcan cast Nazgul on GroundGrid
2014-05-13/18:10:48.706/CESTDEBUGcan cast Nazgul on GroundGrid
2014-05-13/18:10:48.718/CESTDEBUGcan cast Nazgul on GroundGrid
2014-05-13/18:10:48.726/CESTDEBUGcan cast Nazgul on GroundGrid
2014-05-13/18:10:48.739/CESTDEBUGcan cast Nazgul on GroundGrid
2014-05-13/18:10:48.755/CESTDEBUGcan cast Nazgul on GroundGrid
2014-05-13/18:10:48.766/CESTDEBUGcan cast Nazgul on GroundGrid
2014-05-13/18:10:48.777/CESTDEBUGcan cast Nazgul on GroundGrid
2014-05-13/18:10:49.470/CESTDEBUGcan cast Nazgul on GroundGrid
2014-05-13/18:10:58.235/CESTDEBUGcan cast IceWindMagic on GroundGrid
2014-05-13/18:10:58.247/CESTDEBUGcan cast IceWindMagic on GroundGrid
2014-05-13/18:10:58.263/CESTDEBUGcan cast IceWindMagic on GroundGrid
2014-05-13/18:10:58.263/CESTDEBUGcan cast IceWindMagic on GroundGrid
2014-05-13/18:10:58.279/CESTDEBUGcan cast IceWindMagic on GroundGrid
2014-05-13/18:10:58.292/CESTDEBUGcan cast IceWindMagic on GroundGrid
2014-05-13/18:10:58.311/CESTDEBUGcan cast IceWindMagic on RoadGrid
2014-05-13/18:10:58.318/CESTDEBUGcan cast IceWindMagic on GroundGrid
2014-05-13/18:10:58.324/CESTDEBUGcan cast IceWindMagic on GroundGrid
2014-05-13/18:10:58.330/CESTDEBUGcan cast IceWindMagic on GroundGrid
2014-05-13/18:10:58.342/CESTDEBUGcan cast IceWindMagic on RoadGrid
2014-05-13/18:10:58.361/CESTDEBUGcan cast IceWindMagic on GroundGrid
2014-05-13/18:10:58.380/CESTDEBUGcan cast IceWindMagic on GroundGrid
2014-05-13/18:10:58.512/CESTDEBUGcan cast IceWindMagic on GroundGrid
2014-05-13/18:10:58.520/CESTDEBUGcan cast IceWindMagic on GroundGrid
2014-05-13/18:10:58.527/CESTDEBUGcan cast IceWindMagic on GroundGrid
2014-05-13/18:10:58.537/CESTDEBUGcan cast IceWindMagic on GroundGrid
2014-05-13/18:10:58.543/CESTDEBUGcan cast IceWindMagic on GroundGrid
2014-05-13/18:10:58.551/CESTDEBUGcan cast IceWindMagic on GroundGrid
2014-05-13/18:10:58.557/CESTDEBUGcan cast IceWindMagic on GroundGrid
2014-05-13/18:10:58.564/CESTDEBUGcan cast IceWindMagic on GroundGrid
2014-05-13/18:10:58.574/CESTDEBUGcan cast IceWindMagic on GroundGrid
2014-05-13/18:10:58.589/CESTDEBUGcan cast IceWindMagic on GroundGrid
2014-05-13/18:10:58.589/CESTDEBUGcan cast IceWindMagic on GroundGrid
2014-05-13/18:10:58.599/CESTDEBUGcan cast IceWindMagic on GroundGrid
2014-05-13/18:10:58.603/CESTDEBUGcan cast IceWindMagic on GroundGrid
2014-05-13/18:10:58.733/CESTDEBUGcan cast IceWindMagic on GroundGrid
2014-05-13/18:10:58.748/CESTDEBUGcan cast IceWindMagic on GroundGrid
2014-05-13/18:10:58.755/CESTDEBUGcan cast IceWindMagic on GroundGrid
2014-05-13/18:10:58.768/CESTDEBUGcan cast IceWindMagic on GroundGrid
2014-05-13/18:10:58.913/CESTDEBUGcan cast IceWindMagic on GroundGrid
2014-05-13/18:11:05.624/CESTDEBUGcan cast PoisonFogMagic on GroundGrid
2014-05-13/18:11:05.635/CESTDEBUGcan cast PoisonFogMagic on GroundGrid
2014-05-13/18:11:05.645/CESTDEBUGcan cast PoisonFogMagic on RoadGrid
2014-05-13/18:11:05.649/CESTDEBUGcan cast PoisonFogMagic on GroundGrid
2014-05-13/18:11:05.668/CESTDEBUGcan cast PoisonFogMagic on GroundGrid
2014-05-13/18:11:05.674/CESTDEBUGcan cast PoisonFogMagic on GroundGrid
2014-05-13/18:11:05.682/CESTDEBUGcan cast PoisonFogMagic on RoadGrid
2014-05-13/18:11:05.683/CESTDEBUGcan cast PoisonFogMagic on RoadGrid
2014-05-13/18:11:05.691/CESTDEBUGcan cast PoisonFogMagic on GroundGrid
2014-05-13/18:11:05.704/CESTDEBUGcan cast PoisonFogMagic on RoadGrid
2014-05-13/18:11:05.704/CESTDEBUGcan cast PoisonFogMagic on RoadGrid
2014-05-13/18:11:05.712/CESTDEBUGcan cast PoisonFogMagic on GroundGrid
2014-05-13/18:11:05.722/CESTDEBUGcan cast PoisonFogMagic on GroundGrid
2014-05-13/18:11:05.724/CESTDEBUGcan cast PoisonFogMagic on GroundGrid
2014-05-13/18:11:05.734/CESTDEBUGcan cast PoisonFogMagic on GroundGrid
2014-05-13/18:11:05.745/CESTDEBUGcan cast PoisonFogMagic on GroundGrid
2014-05-13/18:11:05.752/CESTDEBUGcan cast PoisonFogMagic on GroundGrid
2014-05-13/18:11:05.767/CESTDEBUGcan cast PoisonFogMagic on GroundGrid
2014-05-13/18:11:05.849/CESTDEBUGcan cast PoisonFogMagic on GroundGrid
2014-05-13/18:11:05.859/CESTDEBUGcan cast PoisonFogMagic on GroundGrid
2014-05-13/18:11:05.861/CESTDEBUGcan cast PoisonFogMagic on GroundGrid
2014-05-13/18:11:05.868/CESTDEBUGcan cast PoisonFogMagic on GroundGrid
2014-05-13/18:11:05.874/CESTDEBUGcan cast PoisonFogMagic on GroundGrid
2014-05-13/18:11:05.883/CESTDEBUGcan cast PoisonFogMagic on GroundGrid
2014-05-13/18:11:05.883/CESTDEBUGcan cast PoisonFogMagic on GroundGrid
2014-05-13/18:11:05.892/CESTDEBUGcan cast PoisonFogMagic on GroundGrid
2014-05-13/18:11:05.905/CESTDEBUGcan cast PoisonFogMagic on GroundGrid
2014-05-13/18:11:05.915/CESTDEBUGcan cast PoisonFogMagic on RoadGrid
2014-05-13/18:11:05.925/CESTDEBUGcan cast PoisonFogMagic on RoadGrid
2014-05-13/18:11:05.926/CESTDEBUGcan cast PoisonFogMagic on RoadGrid
2014-05-13/18:11:05.938/CESTDEBUGcan cast PoisonFogMagic on RoadGrid
2014-05-13/18:11:05.947/CESTDEBUGcan cast PoisonFogMagic on RoadGrid
2014-05-13/18:11:05.955/CESTDEBUGcan cast PoisonFogMagic on RoadGrid
2014-05-13/18:11:05.963/CESTDEBUGcan cast PoisonFogMagic on RoadGrid
2014-05-13/18:11:05.970/CESTDEBUGcan cast PoisonFogMagic on RoadGrid
2014-05-13/18:11:05.976/CESTDEBUGcan cast PoisonFogMagic on RoadGrid
2014-05-13/18:11:05.984/CESTDEBUGcan cast PoisonFogMagic on RoadGrid
2014-05-13/18:11:05.996/CESTDEBUGcan cast PoisonFogMagic on RoadGrid
2014-05-13/18:11:06.019/CESTDEBUGcan cast PoisonFogMagic on RoadGrid
2014-05-13/18:11:06.028/CESTDEBUGcan cast PoisonFogMagic on RoadGrid
2014-05-13/18:11:06.038/CESTDEBUGcan cast PoisonFogMagic on GroundGrid
2014-05-13/18:11:06.048/CESTDEBUGcan cast PoisonFogMagic on GroundGrid
2014-05-13/18:11:06.048/CESTDEBUGcan cast PoisonFogMagic on GroundGrid
2014-05-13/18:11:06.056/CESTDEBUGcan cast PoisonFogMagic on GroundGrid
2014-05-13/18:11:06.065/CESTDEBUGcan cast PoisonFogMagic on GroundGrid
2014-05-13/18:11:06.071/CESTDEBUGcan cast PoisonFogMagic on GroundGrid
2014-05-13/18:11:06.081/CESTDEBUGcan cast PoisonFogMagic on GroundGrid
2014-05-13/18:11:06.091/CESTDEBUGcan cast PoisonFogMagic on GroundGrid
2014-05-13/18:11:06.092/CESTDEBUGcan cast PoisonFogMagic on GroundGrid
2014-05-13/18:11:06.104/CESTDEBUGcan cast PoisonFogMagic on GroundGrid
2014-05-13/18:11:06.115/CESTDEBUGcan cast PoisonFogMagic on GroundGrid
2014-05-13/18:11:06.127/CESTDEBUGcan cast PoisonFogMagic on GroundGrid
2014-05-13/18:11:06.148/CESTDEBUGcan cast PoisonFogMagic on GroundGrid
2014-05-13/18:11:06.149/CESTDEBUGcan cast PoisonFogMagic on GroundGrid
2014-05-13/18:11:06.157/CESTDEBUGcan cast PoisonFogMagic on GroundGrid
2014-05-13/18:11:06.167/CESTDEBUGcan cast PoisonFogMagic on GroundGrid
2014-05-13/18:11:06.174/CESTDEBUGcan cast PoisonFogMagic on RoadGrid
2014-05-13/18:11:06.183/CESTDEBUGcan cast PoisonFogMagic on RoadGrid
2014-05-13/18:11:06.185/CESTDEBUGcan cast PoisonFogMagic on RoadGrid
2014-05-13/18:11:06.194/CESTDEBUGcan cast PoisonFogMagic on RoadGrid
2014-05-13/18:11:06.204/CESTDEBUGcan cast PoisonFogMagic on RoadGrid
2014-05-13/18:11:06.211/CESTDEBUGcan cast PoisonFogMagic on RoadGrid
2014-05-13/18:11:06.219/CESTDEBUGcan cast PoisonFogMagic on RoadGrid
2014-05-13/18:11:06.229/CESTDEBUGcan cast PoisonFogMagic on RoadGrid
2014-05-13/18:11:06.229/CESTDEBUGcan cast PoisonFogMagic on RoadGrid
2014-05-13/18:11:06.236/CESTDEBUGcan cast PoisonFogMagic on RoadGrid
2014-05-13/18:11:06.257/CESTDEBUGcan cast PoisonFogMagic on RoadGrid
2014-05-13/18:11:06.273/CESTDEBUGcan cast PoisonFogMagic on RoadGrid
2014-05-13/18:11:06.283/CESTDEBUGcan cast PoisonFogMagic on RoadGrid
2014-05-13/18:11:06.292/CESTDEBUGcan cast PoisonFogMagic on RoadGrid
2014-05-13/18:11:06.312/CESTDEBUGcan cast PoisonFogMagic on RoadGrid
2014-05-13/18:11:06.325/CESTDEBUGcan cast PoisonFogMagic on RoadGrid
2014-05-13/18:11:06.335/CESTDEBUGcan cast PoisonFogMagic on RoadGrid
2014-05-13/18:11:06.343/CESTDEBUGcan cast PoisonFogMagic on RoadGrid
2014-05-13/18:11:06.357/CESTDEBUGcan cast PoisonFogMagic on RoadGrid
2014-05-13/18:11:06.365/CESTDEBUGcan cast PoisonFogMagic on RoadGrid
2014-05-13/18:11:06.372/CESTDEBUGcan cast PoisonFogMagic on RoadGrid
2014-05-13/18:11:06.373/CESTDEBUGcan cast PoisonFogMagic on RoadGrid
2014-05-13/18:11:06.382/CESTDEBUGcan cast PoisonFogMagic on RoadGrid
2014-05-13/18:11:06.395/CESTDEBUGcan cast PoisonFogMagic on RoadGrid
2014-05-13/18:11:06.405/CESTDEBUGcan cast PoisonFogMagic on RoadGrid
2014-05-13/18:11:06.406/CESTDEBUGcan cast PoisonFogMagic on RoadGrid
2014-05-13/18:11:06.418/CESTDEBUGcan cast PoisonFogMagic on RoadGrid
2014-05-13/18:11:06.433/CESTDEBUGcan cast PoisonFogMagic on RoadGrid
2014-05-13/18:11:06.441/CESTDEBUGcan cast PoisonFogMagic on RoadGrid
2014-05-13/18:11:06.449/CESTDEBUGcan cast PoisonFogMagic on RoadGrid
2014-05-13/18:11:06.460/CESTDEBUGcan cast PoisonFogMagic on RoadGrid
2014-05-13/18:11:06.467/CESTDEBUGcan cast PoisonFogMagic on RoadGrid
2014-05-13/18:11:06.479/CESTDEBUGcan cast PoisonFogMagic on RoadGrid
2014-05-13/18:11:06.601/CESTDEBUGcan cast PoisonFogMagic on RoadGrid
2014-05-13/18:11:06.610/CESTDEBUGcan cast PoisonFogMagic on RoadGrid
2014-05-13/18:11:06.618/CESTDEBUGcan cast PoisonFogMagic on RoadGrid
2014-05-13/18:11:06.625/CESTDEBUGcan cast PoisonFogMagic on RoadGrid
2014-05-13/18:11:06.632/CESTDEBUGcan cast PoisonFogMagic on RoadGrid
2014-05-13/18:11:06.634/CESTDEBUGcan cast PoisonFogMagic on RoadGrid
2014-05-13/18:11:06.640/CESTDEBUGcan cast PoisonFogMagic on RoadGrid
2014-05-13/18:11:06.648/CESTDEBUGcan cast PoisonFogMagic on RoadGrid
2014-05-13/18:11:06.649/CESTDEBUGcan cast PoisonFogMagic on RoadGrid
2014-05-13/18:11:06.661/CESTDEBUGcan cast PoisonFogMagic on RoadGrid
2014-05-13/18:11:06.671/CESTDEBUGcan cast PoisonFogMagic on GroundGrid
2014-05-13/18:11:06.678/CESTDEBUGcan cast PoisonFogMagic on GroundGrid
2014-05-13/18:11:06.687/CESTDEBUGcan cast PoisonFogMagic on GroundGrid
2014-05-13/18:11:06.695/CESTDEBUGcan cast PoisonFogMagic on GroundGrid
2014-05-13/18:11:06.703/CESTDEBUGcan cast PoisonFogMagic on GroundGrid
2014-05-13/18:11:06.734/CESTDEBUGcan cast PoisonFogMagic on GroundGrid
2014-05-13/18:11:06.750/CESTDEBUGcan cast PoisonFogMagic on GroundGrid
2014-05-13/18:11:06.760/CESTDEBUGcan cast PoisonFogMagic on GroundGrid
2014-05-13/18:11:06.768/CESTDEBUGcan cast PoisonFogMagic on GroundGrid
2014-05-13/18:11:06.774/CESTDEBUGcan cast PoisonFogMagic on GroundGrid
2014-05-13/18:11:06.786/CESTDEBUGcan cast PoisonFogMagic on GroundGrid
2014-05-13/18:11:06.793/CESTDEBUGcan cast PoisonFogMagic on GroundGrid
2014-05-13/18:11:06.794/CESTDEBUGcan cast PoisonFogMagic on GroundGrid
2014-05-13/18:11:06.802/CESTDEBUGcan cast PoisonFogMagic on GroundGrid
2014-05-13/18:11:06.810/CESTDEBUGcan cast PoisonFogMagic on GroundGrid
2014-05-13/18:11:06.821/CESTDEBUGcan cast PoisonFogMagic on GroundGrid
2014-05-13/18:11:06.979/CESTDEBUGcan cast PoisonFogMagic on GroundGrid
2014-05-13/18:11:06.997/CESTDEBUGcan cast PoisonFogMagic on GroundGrid
2014-05-13/18:11:07.006/CESTDEBUGcan cast PoisonFogMagic on GroundGrid
2014-05-13/18:11:07.007/CESTDEBUGcan cast PoisonFogMagic on GroundGrid
2014-05-13/18:11:07.018/CESTDEBUGcan cast PoisonFogMagic on GroundGrid
2014-05-13/18:11:07.033/CESTDEBUGcan cast PoisonFogMagic on GroundGrid
2014-05-13/18:11:07.154/CESTDEBUGcan cast PoisonFogMagic on GroundGrid
2014-05-13/18:16:20.741/CESTDEBUGcan cast Nazgul on RoadGrid
2014-05-13/18:16:20.774/CESTDEBUGcan cast Nazgul on RoadGrid
2014-05-13/18:16:20.791/CESTDEBUGcan cast Nazgul on GroundGrid
2014-05-13/18:16:20.804/CESTDEBUGcan cast Nazgul on GroundGrid
2014-05-13/18:16:20.821/CESTDEBUGcan cast Nazgul on RoadGrid
2014-05-13/18:16:20.831/CESTDEBUGcan cast Nazgul on RoadGrid
2014-05-13/18:16:20.836/CESTDEBUGcan cast Nazgul on RoadGrid
2014-05-13/18:16:20.854/CESTDEBUGcan cast Nazgul on RoadGrid
2014-05-13/18:16:21.022/CESTDEBUGcan cast Nazgul on RoadGrid
2014-05-13/18:16:21.033/CESTDEBUGcan cast Nazgul on GroundGrid
2014-05-13/18:16:21.036/CESTDEBUGcan cast Nazgul on GroundGrid
2014-05-13/18:16:21.046/CESTDEBUGcan cast Nazgul on GroundGrid
2014-05-13/18:16:21.053/CESTDEBUGcan cast Nazgul on GroundGrid
2014-05-13/18:16:21.060/CESTDEBUGcan cast Nazgul on GroundGrid
2014-05-13/18:16:21.066/CESTDEBUGcan cast Nazgul on GroundGrid
2014-05-13/18:16:21.077/CESTDEBUGcan cast Nazgul on GroundGrid
2014-05-13/18:16:21.083/CESTDEBUGcan cast Nazgul on GroundGrid
2014-05-13/18:16:21.220/CESTDEBUGcan cast Nazgul on GroundGrid
2014-05-13/18:16:21.229/CESTDEBUGcan cast Nazgul on GroundGrid
2014-05-13/18:16:21.231/CESTDEBUGcan cast Nazgul on GroundGrid
2014-05-13/18:16:21.240/CESTDEBUGcan cast Nazgul on GroundGrid
2014-05-13/18:16:21.254/CESTDEBUGcan cast Nazgul on GroundGrid
2014-05-13/18:16:21.254/CESTDEBUGcan cast Nazgul on GroundGrid
2014-05-13/18:16:21.262/CESTDEBUGcan cast Nazgul on GroundGrid
2014-05-13/18:16:21.431/CESTDEBUGcan cast Nazgul on GroundGrid
2014-05-13/18:16:33.218/CESTDEBUGcan cast IceWindMagic on GroundGrid
2014-05-13/18:16:33.232/CESTDEBUGcan cast IceWindMagic on RoadGrid
2014-05-13/18:16:33.242/CESTDEBUGcan cast IceWindMagic on RoadGrid
2014-05-13/18:16:33.251/CESTDEBUGcan cast IceWindMagic on RoadGrid
2014-05-13/18:16:33.251/CESTDEBUGcan cast IceWindMagic on RoadGrid
2014-05-13/18:16:33.261/CESTDEBUGcan cast IceWindMagic on RoadGrid
2014-05-13/18:16:33.272/CESTDEBUGcan cast IceWindMagic on RoadGrid
2014-05-13/18:16:33.288/CESTDEBUGcan cast IceWindMagic on RoadGrid
2014-05-13/18:16:33.295/CESTDEBUGcan cast IceWindMagic on RoadGrid
2014-05-13/18:16:33.297/CESTDEBUGcan cast IceWindMagic on RoadGrid
2014-05-13/18:16:33.304/CESTDEBUGcan cast IceWindMagic on GroundGrid
2014-05-13/18:16:33.315/CESTDEBUGcan cast IceWindMagic on GroundGrid
2014-05-13/18:16:33.323/CESTDEBUGcan cast IceWindMagic on GroundGrid
2014-05-13/18:16:33.333/CESTDEBUGcan cast IceWindMagic on RoadGrid
2014-05-13/18:16:33.333/CESTDEBUGcan cast IceWindMagic on RoadGrid
2014-05-13/18:16:33.346/CESTDEBUGcan cast IceWindMagic on RoadGrid
2014-05-13/18:16:33.358/CESTDEBUGcan cast IceWindMagic on RoadGrid
2014-05-13/18:16:33.372/CESTDEBUGcan cast IceWindMagic on RoadGrid
2014-05-13/18:16:33.384/CESTDEBUGcan cast IceWindMagic on GroundGrid
2014-05-13/18:16:33.405/CESTDEBUGcan cast IceWindMagic on GroundGrid
2014-05-13/18:16:33.405/CESTDEBUGcan cast IceWindMagic on GroundGrid
2014-05-13/18:16:33.417/CESTDEBUGcan cast IceWindMagic on GroundGrid
2014-05-13/18:16:33.417/CESTDEBUGcan cast IceWindMagic on GroundGrid
2014-05-13/18:16:33.438/CESTDEBUGcan cast IceWindMagic on GroundGrid
2014-05-13/18:16:33.456/CESTDEBUGcan cast IceWindMagic on GroundGrid
2014-05-13/18:16:33.467/CESTDEBUGcan cast IceWindMagic on GroundGrid
2014-05-13/18:16:33.475/CESTDEBUGcan cast IceWindMagic on GroundGrid
2014-05-13/18:16:33.502/CESTDEBUGcan cast IceWindMagic on GroundGrid
2014-05-13/18:16:33.524/CESTDEBUGcan cast IceWindMagic on GroundGrid
2014-05-13/18:16:33.535/CESTDEBUGcan cast IceWindMagic on GroundGrid
2014-05-13/18:16:33.545/CESTDEBUGcan cast IceWindMagic on GroundGrid
2014-05-13/18:16:33.559/CESTDEBUGcan cast IceWindMagic on GroundGrid
2014-05-13/18:16:33.569/CESTDEBUGcan cast IceWindMagic on GroundGrid
2014-05-13/18:16:33.576/CESTDEBUGcan cast IceWindMagic on GroundGrid
2014-05-13/18:16:33.586/CESTDEBUGcan cast IceWindMagic on GroundGrid
2014-05-13/18:16:33.598/CESTDEBUGcan cast IceWindMagic on GroundGrid
2014-05-13/18:16:33.598/CESTDEBUGcan cast IceWindMagic on GroundGrid
2014-05-13/18:16:33.615/CESTDEBUGcan cast IceWindMagic on GroundGrid
2014-05-13/18:16:33.907/CESTDEBUGcan cast IceWindMagic on GroundGrid
2014-05-13/18:17:08.872/CESTDEBUGcan cast PoisonFogMagic on GroundGrid
2014-05-13/18:17:08.883/CESTDEBUGcan cast PoisonFogMagic on RoadGrid
2014-05-13/18:17:08.884/CESTDEBUGcan cast PoisonFogMagic on RoadGrid
2014-05-13/18:17:08.889/CESTDEBUGcan cast PoisonFogMagic on RoadGrid
2014-05-13/18:17:08.899/CESTDEBUGcan cast PoisonFogMagic on GroundGrid
2014-05-13/18:17:08.906/CESTDEBUGcan cast PoisonFogMagic on GroundGrid
2014-05-13/18:17:08.913/CESTDEBUGcan cast PoisonFogMagic on GroundGrid
2014-05-13/18:17:08.921/CESTDEBUGcan cast PoisonFogMagic on GroundGrid
2014-05-13/18:17:08.932/CESTDEBUGcan cast PoisonFogMagic on GroundGrid
2014-05-13/18:17:08.942/CESTDEBUGcan cast PoisonFogMagic on GroundGrid
2014-05-13/18:17:08.955/CESTDEBUGcan cast PoisonFogMagic on RoadGrid
2014-05-13/18:17:08.956/CESTDEBUGcan cast PoisonFogMagic on RoadGrid
2014-05-13/18:17:08.966/CESTDEBUGcan cast PoisonFogMagic on GroundGrid
2014-05-13/18:17:08.973/CESTDEBUGcan cast PoisonFogMagic on GroundGrid
2014-05-13/18:17:08.982/CESTDEBUGcan cast PoisonFogMagic on GroundGrid
2014-05-13/18:17:09.001/CESTDEBUGcan cast PoisonFogMagic on GroundGrid
2014-05-13/18:17:09.010/CESTDEBUGcan cast PoisonFogMagic on GroundGrid
2014-05-13/18:17:09.018/CESTDEBUGcan cast PoisonFogMagic on GroundGrid
2014-05-13/18:17:09.038/CESTDEBUGcan cast PoisonFogMagic on RoadGrid
2014-05-13/18:17:09.046/CESTDEBUGcan cast PoisonFogMagic on RoadGrid
2014-05-13/18:17:09.047/CESTDEBUGcan cast PoisonFogMagic on RoadGrid
2014-05-13/18:17:09.059/CESTDEBUGcan cast PoisonFogMagic on GroundGrid
2014-05-13/18:17:09.073/CESTDEBUGcan cast PoisonFogMagic on GroundGrid
2014-05-13/18:17:09.079/CESTDEBUGcan cast PoisonFogMagic on GroundGrid
2014-05-13/18:17:09.105/CESTDEBUGcan cast PoisonFogMagic on GroundGrid
2014-05-13/18:17:09.149/CESTDEBUGcan cast PoisonFogMagic on GroundGrid
2014-05-13/18:17:09.159/CESTDEBUGcan cast PoisonFogMagic on GroundGrid
2014-05-13/18:17:09.160/CESTDEBUGcan cast PoisonFogMagic on GroundGrid
2014-05-13/18:17:09.172/CESTDEBUGcan cast PoisonFogMagic on GroundGrid
2014-05-13/18:17:09.180/CESTDEBUGcan cast PoisonFogMagic on GroundGrid
2014-05-13/18:17:09.194/CESTDEBUGcan cast PoisonFogMagic on GroundGrid
2014-05-13/18:17:11.036/CESTDEBUGcan cast PoisonFogMagic on GroundGrid
2014-05-13/18:17:11.045/CESTDEBUGcan cast PoisonFogMagic on GroundGrid
2014-05-13/18:17:11.054/CESTDEBUGcan cast PoisonFogMagic on RoadGrid
2014-05-13/18:17:11.063/CESTDEBUGcan cast PoisonFogMagic on GroundGrid
2014-05-13/18:17:11.071/CESTDEBUGcan cast PoisonFogMagic on GroundGrid
2014-05-13/18:17:11.077/CESTDEBUGcan cast PoisonFogMagic on GroundGrid
2014-05-13/18:17:11.085/CESTDEBUGcan cast PoisonFogMagic on GroundGrid
2014-05-13/18:17:11.086/CESTDEBUGcan cast PoisonFogMagic on GroundGrid
2014-05-13/18:17:11.092/CESTDEBUGcan cast PoisonFogMagic on RoadGrid
2014-05-13/18:17:11.099/CESTDEBUGcan cast PoisonFogMagic on GroundGrid
2014-05-13/18:17:11.107/CESTDEBUGcan cast PoisonFogMagic on RoadGrid
2014-05-13/18:17:11.116/CESTDEBUGcan cast PoisonFogMagic on GroundGrid
2014-05-13/18:17:11.121/CESTDEBUGcan cast PoisonFogMagic on GroundGrid
2014-05-13/18:17:11.129/CESTDEBUGcan cast PoisonFogMagic on GroundGrid
2014-05-13/18:17:11.143/CESTDEBUGcan cast PoisonFogMagic on RoadGrid
2014-05-13/18:17:11.150/CESTDEBUGcan cast PoisonFogMagic on RoadGrid
2014-05-13/18:17:11.182/CESTDEBUGcan cast PoisonFogMagic on RoadGrid
2014-05-13/18:17:11.190/CESTDEBUGcan cast PoisonFogMagic on RoadGrid
2014-05-13/18:17:11.200/CESTDEBUGcan cast PoisonFogMagic on RoadGrid
2014-05-13/18:17:11.453/CESTDEBUGcan cast PoisonFogMagic on RoadGrid
2014-05-13/18:17:11.463/CESTDEBUGcan cast PoisonFogMagic on RoadGrid
2014-05-13/18:17:11.472/CESTDEBUGcan cast PoisonFogMagic on RoadGrid
2014-05-13/18:17:11.479/CESTDEBUGcan cast PoisonFogMagic on RoadGrid
2014-05-13/18:17:11.481/CESTDEBUGcan cast PoisonFogMagic on RoadGrid
2014-05-13/18:17:11.488/CESTDEBUGcan cast PoisonFogMagic on RoadGrid
2014-05-13/18:17:11.502/CESTDEBUGcan cast PoisonFogMagic on RoadGrid
2014-05-13/18:17:11.503/CESTDEBUGcan cast PoisonFogMagic on RoadGrid
2014-05-13/18:17:11.517/CESTDEBUGcan cast PoisonFogMagic on RoadGrid
2014-05-13/18:17:11.523/CESTDEBUGcan cast PoisonFogMagic on RoadGrid
2014-05-13/18:17:11.631/CESTDEBUGcan cast PoisonFogMagic on RoadGrid
2014-05-13/18:17:11.646/CESTDEBUGcan cast PoisonFogMagic on RoadGrid
2014-05-13/18:17:11.656/CESTDEBUGcan cast PoisonFogMagic on RoadGrid
2014-05-13/18:17:11.670/CESTDEBUGcan cast PoisonFogMagic on RoadGrid
2014-05-13/18:17:11.679/CESTDEBUGcan cast PoisonFogMagic on RoadGrid
2014-05-13/18:17:11.710/CESTDEBUGcan cast PoisonFogMagic on RoadGrid
2014-05-13/18:17:11.731/CESTDEBUGcan cast PoisonFogMagic on RoadGrid
2014-05-13/18:17:11.741/CESTDEBUGcan cast PoisonFogMagic on RoadGrid
2014-05-13/18:17:11.749/CESTDEBUGcan cast PoisonFogMagic on RoadGrid
2014-05-13/18:17:11.757/CESTDEBUGcan cast PoisonFogMagic on RoadGrid
2014-05-13/18:17:11.770/CESTDEBUGcan cast PoisonFogMagic on RoadGrid
2014-05-13/18:17:11.776/CESTDEBUGcan cast PoisonFogMagic on RoadGrid
2014-05-13/18:17:11.782/CESTDEBUGcan cast PoisonFogMagic on GroundGrid
2014-05-13/18:17:11.790/CESTDEBUGcan cast PoisonFogMagic on GroundGrid
2014-05-13/18:17:11.801/CESTDEBUGcan cast PoisonFogMagic on GroundGrid
2014-05-13/18:17:11.876/CESTDEBUGcan cast PoisonFogMagic on GroundGrid
2014-05-13/18:17:11.890/CESTDEBUGcan cast PoisonFogMagic on GroundGrid
2014-05-13/18:17:11.900/CESTDEBUGcan cast PoisonFogMagic on RoadGrid
2014-05-13/18:17:11.911/CESTDEBUGcan cast PoisonFogMagic on RoadGrid
2014-05-13/18:17:11.919/CESTDEBUGcan cast PoisonFogMagic on RoadGrid
2014-05-13/18:17:11.925/CESTDEBUGcan cast PoisonFogMagic on RoadGrid
2014-05-13/18:17:11.926/CESTDEBUGcan cast PoisonFogMagic on RoadGrid
2014-05-13/18:17:11.937/CESTDEBUGcan cast PoisonFogMagic on RoadGrid
2014-05-13/18:17:11.945/CESTDEBUGcan cast PoisonFogMagic on RoadGrid
2014-05-13/18:17:11.946/CESTDEBUGcan cast PoisonFogMagic on RoadGrid
2014-05-13/18:17:11.955/CESTDEBUGcan cast PoisonFogMagic on RoadGrid
2014-05-13/18:17:11.967/CESTDEBUGcan cast PoisonFogMagic on GroundGrid
2014-05-13/18:17:11.974/CESTDEBUGcan cast PoisonFogMagic on GroundGrid
2014-05-13/18:17:11.980/CESTDEBUGcan cast PoisonFogMagic on GroundGrid
2014-05-13/18:17:11.987/CESTDEBUGcan cast PoisonFogMagic on GroundGrid
2014-05-13/18:17:11.995/CESTDEBUGcan cast PoisonFogMagic on GroundGrid
2014-05-13/18:17:12.008/CESTDEBUGcan cast PoisonFogMagic on GroundGrid
2014-05-13/18:17:12.074/CESTDEBUGcan cast PoisonFogMagic on GroundGrid
2014-05-13/18:17:12.082/CESTDEBUGcan cast PoisonFogMagic on GroundGrid
2014-05-13/18:17:12.093/CESTDEBUGcan cast PoisonFogMagic on GroundGrid
2014-05-13/18:17:12.107/CESTDEBUGcan cast PoisonFogMagic on GroundGrid
2014-05-13/18:17:12.120/CESTDEBUGcan cast PoisonFogMagic on GroundGrid
2014-05-13/18:17:12.143/CESTDEBUGcan cast PoisonFogMagic on GroundGrid
2014-05-13/18:17:12.154/CESTDEBUGcan cast PoisonFogMagic on RoadGrid
2014-05-13/18:17:12.168/CESTDEBUGcan cast PoisonFogMagic on RoadGrid
2014-05-13/18:17:12.174/CESTDEBUGcan cast PoisonFogMagic on RoadGrid
2014-05-13/18:17:12.183/CESTDEBUGcan cast PoisonFogMagic on RoadGrid
2014-05-13/18:17:12.193/CESTDEBUGcan cast PoisonFogMagic on RoadGrid
2014-05-13/18:17:12.207/CESTDEBUGcan cast PoisonFogMagic on RoadGrid
2014-05-13/18:17:12.235/CESTDEBUGcan cast PoisonFogMagic on RoadGrid
2014-05-13/18:17:13.067/CESTDEBUGcan cast PoisonFogMagic on RoadGrid
2014-05-13/18:17:13.079/CESTDEBUGcan cast PoisonFogMagic on RoadGrid
2014-05-13/18:17:13.091/CESTDEBUGcan cast PoisonFogMagic on RoadGrid
2014-05-13/18:17:13.100/CESTDEBUGcan cast PoisonFogMagic on RoadGrid
2014-05-13/18:17:13.107/CESTDEBUGcan cast PoisonFogMagic on RoadGrid
2014-05-13/18:17:13.120/CESTDEBUGcan cast PoisonFogMagic on GroundGrid
2014-05-13/18:17:13.136/CESTDEBUGcan cast PoisonFogMagic on GroundGrid
2014-05-13/18:17:13.137/CESTDEBUGcan cast PoisonFogMagic on GroundGrid
2014-05-13/18:17:13.145/CESTDEBUGcan cast PoisonFogMagic on GroundGrid
2014-05-13/18:17:13.156/CESTDEBUGcan cast PoisonFogMagic on GroundGrid
2014-05-13/18:17:13.162/CESTDEBUGcan cast PoisonFogMagic on GroundGrid
2014-05-13/18:17:13.169/CESTDEBUGcan cast PoisonFogMagic on GroundGrid
2014-05-13/18:17:13.175/CESTDEBUGcan cast PoisonFogMagic on GroundGrid
2014-05-13/18:17:13.190/CESTDEBUGcan cast PoisonFogMagic on GroundGrid
2014-05-13/18:17:13.201/CESTDEBUGcan cast PoisonFogMagic on GroundGrid
2014-05-13/18:17:13.202/CESTDEBUGcan cast PoisonFogMagic on GroundGrid
2014-05-13/18:17:13.208/CESTDEBUGcan cast PoisonFogMagic on GroundGrid
2014-05-13/18:17:13.226/CESTDEBUGcan cast PoisonFogMagic on GroundGrid
2014-05-13/18:17:13.242/CESTDEBUGcan cast PoisonFogMagic on GroundGrid
2014-05-13/18:17:13.245/CESTDEBUGcan cast PoisonFogMagic on GroundGrid
2014-05-13/18:17:13.255/CESTDEBUGcan cast PoisonFogMagic on GroundGrid
2014-05-13/18:17:13.261/CESTDEBUGcan cast PoisonFogMagic on GroundGrid
2014-05-13/18:17:13.268/CESTDEBUGcan cast PoisonFogMagic on GroundGrid
2014-05-13/18:17:13.275/CESTDEBUGcan cast PoisonFogMagic on GroundGrid
2014-05-13/18:17:13.286/CESTDEBUGcan cast PoisonFogMagic on GroundGrid
2014-05-13/18:17:13.286/CESTDEBUGcan cast PoisonFogMagic on GroundGrid
2014-05-13/18:17:13.302/CESTDEBUGcan cast PoisonFogMagic on GroundGrid
2014-05-13/18:17:13.310/CESTDEBUGcan cast PoisonFogMagic on GroundGrid
2014-05-13/18:17:13.331/CESTDEBUGcan cast PoisonFogMagic on GroundGrid
2014-05-13/18:17:13.341/CESTDEBUGcan cast PoisonFogMagic on GroundGrid
2014-05-13/18:17:13.350/CESTDEBUGcan cast PoisonFogMagic on GroundGrid
2014-05-13/18:17:13.358/CESTDEBUGcan cast PoisonFogMagic on GroundGrid
2014-05-13/18:17:13.364/CESTDEBUGcan cast PoisonFogMagic on GroundGrid
2014-05-13/18:17:13.371/CESTDEBUGcan cast PoisonFogMagic on GroundGrid
2014-05-13/18:17:13.377/CESTDEBUGcan cast PoisonFogMagic on GroundGrid
2014-05-13/18:17:13.386/CESTDEBUGcan cast PoisonFogMagic on GroundGrid
2014-05-13/18:17:13.392/CESTDEBUGcan cast PoisonFogMagic on GroundGrid
2014-05-13/18:17:13.400/CESTDEBUGcan cast PoisonFogMagic on GroundGrid
2014-05-13/18:17:13.409/CESTDEBUGcan cast PoisonFogMagic on GroundGrid
2014-05-13/18:17:13.420/CESTDEBUGcan cast PoisonFogMagic on GroundGrid
2014-05-13/18:17:13.429/CESTDEBUGcan cast PoisonFogMagic on GroundGrid
2014-05-13/18:17:13.439/CESTDEBUGcan cast PoisonFogMagic on GroundGrid
2014-05-13/18:17:13.440/CESTDEBUGcan cast PoisonFogMagic on GroundGrid
2014-05-13/18:17:13.455/CESTDEBUGcan cast PoisonFogMagic on GroundGrid
2014-05-13/18:17:13.464/CESTDEBUGcan cast PoisonFogMagic on GroundGrid
2014-05-13/18:17:13.471/CESTDEBUGcan cast PoisonFogMagic on GroundGrid
2014-05-13/18:17:13.481/CESTDEBUGcan cast PoisonFogMagic on GroundGrid
2014-05-13/18:17:13.483/CESTDEBUGcan cast PoisonFogMagic on GroundGrid
2014-05-13/18:17:13.489/CESTDEBUGcan cast PoisonFogMagic on GroundGrid
2014-05-13/18:17:13.496/CESTDEBUGcan cast PoisonFogMagic on GroundGrid
2014-05-13/18:17:13.505/CESTDEBUGcan cast PoisonFogMagic on RoadGrid
2014-05-13/18:17:13.516/CESTDEBUGcan cast PoisonFogMagic on RoadGrid
2014-05-13/18:17:13.527/CESTDEBUGcan cast PoisonFogMagic on RoadGrid
2014-05-13/18:17:13.535/CESTDEBUGcan cast PoisonFogMagic on RoadGrid
2014-05-13/18:17:13.548/CESTDEBUGcan cast PoisonFogMagic on RoadGrid
2014-05-13/18:17:13.568/CESTDEBUGcan cast PoisonFogMagic on RoadGrid
2014-05-13/18:17:13.574/CESTDEBUGcan cast PoisonFogMagic on RoadGrid
2014-05-13/18:17:13.591/CESTDEBUGcan cast PoisonFogMagic on RoadGrid
2014-05-13/18:17:13.602/CESTDEBUGcan cast PoisonFogMagic on RoadGrid
2014-05-13/18:17:13.633/CESTDEBUGcan cast PoisonFogMagic on RoadGrid
2014-05-13/18:17:13.669/CESTDEBUGcan cast PoisonFogMagic on RoadGrid
2014-05-13/18:17:13.682/CESTDEBUGcan cast PoisonFogMagic on RoadGrid
2014-05-13/18:17:13.694/CESTDEBUGcan cast PoisonFogMagic on RoadGrid
2014-05-13/18:17:13.701/CESTDEBUGcan cast PoisonFogMagic on RoadGrid
2014-05-13/18:17:13.702/CESTDEBUGcan cast PoisonFogMagic on RoadGrid
2014-05-13/18:17:13.711/CESTDEBUGcan cast PoisonFogMagic on RoadGrid
2014-05-13/18:17:13.719/CESTDEBUGcan cast PoisonFogMagic on RoadGrid
2014-05-13/18:17:13.727/CESTDEBUGcan cast PoisonFogMagic on RoadGrid
2014-05-13/18:17:13.742/CESTDEBUGcan cast PoisonFogMagic on RoadGrid
2014-05-13/18:17:13.742/CESTDEBUGcan cast PoisonFogMagic on RoadGrid
2014-05-13/18:17:13.751/CESTDEBUGcan cast PoisonFogMagic on RoadGrid
2014-05-13/18:17:13.760/CESTDEBUGcan cast PoisonFogMagic on RoadGrid
2014-05-13/18:17:13.768/CESTDEBUGcan cast PoisonFogMagic on RoadGrid
2014-05-13/18:17:13.779/CESTDEBUGcan cast PoisonFogMagic on RoadGrid
2014-05-13/18:17:13.779/CESTDEBUGcan cast PoisonFogMagic on RoadGrid
2014-05-13/18:17:13.791/CESTDEBUGcan cast PoisonFogMagic on RoadGrid
2014-05-13/18:17:13.798/CESTDEBUGcan cast PoisonFogMagic on RoadGrid
2014-05-13/18:17:13.804/CESTDEBUGcan cast PoisonFogMagic on RoadGrid
2014-05-13/18:17:13.812/CESTDEBUGcan cast PoisonFogMagic on RoadGrid
2014-05-13/18:17:13.897/CESTDEBUGcan cast PoisonFogMagic on RoadGrid
2014-05-13/18:17:22.474/CESTDEBUGcan cast PoisonFogMagic on GroundGrid
2014-05-13/18:17:22.481/CESTDEBUGcan cast PoisonFogMagic on GroundGrid
2014-05-13/18:17:22.482/CESTDEBUGcan cast PoisonFogMagic on GroundGrid
2014-05-13/18:17:22.490/CESTDEBUGcan cast PoisonFogMagic on GroundGrid
2014-05-13/18:17:22.502/CESTDEBUGcan cast PoisonFogMagic on RoadGrid
2014-05-13/18:17:22.503/CESTDEBUGcan cast PoisonFogMagic on RoadGrid
2014-05-13/18:17:22.511/CESTDEBUGcan cast PoisonFogMagic on GroundGrid
2014-05-13/18:17:22.512/CESTDEBUGcan cast PoisonFogMagic on RoadGrid
2014-05-13/18:17:22.523/CESTDEBUGcan cast PoisonFogMagic on RoadGrid
2014-05-13/18:17:22.539/CESTDEBUGcan cast PoisonFogMagic on RoadGrid
2014-05-13/18:17:22.548/CESTDEBUGcan cast PoisonFogMagic on RoadGrid
2014-05-13/18:17:22.559/CESTDEBUGcan cast PoisonFogMagic on RoadGrid
2014-05-13/18:17:22.568/CESTDEBUGcan cast PoisonFogMagic on GroundGrid
2014-05-13/18:17:22.580/CESTDEBUGcan cast PoisonFogMagic on RoadGrid
2014-05-13/18:17:22.582/CESTDEBUGcan cast PoisonFogMagic on RoadGrid
2014-05-13/18:17:22.593/CESTDEBUGcan cast PoisonFogMagic on RoadGrid
2014-05-13/18:17:22.600/CESTDEBUGcan cast PoisonFogMagic on GroundGrid
2014-05-13/18:17:22.606/CESTDEBUGcan cast PoisonFogMagic on GroundGrid
2014-05-13/18:17:22.614/CESTDEBUGcan cast PoisonFogMagic on GroundGrid
2014-05-13/18:17:22.626/CESTDEBUGcan cast PoisonFogMagic on GroundGrid
2014-05-13/18:17:22.634/CESTDEBUGcan cast PoisonFogMagic on GroundGrid
2014-05-13/18:17:22.691/CESTDEBUGcan cast PoisonFogMagic on GroundGrid
2014-05-13/18:17:22.698/CESTDEBUGcan cast PoisonFogMagic on GroundGrid
2014-05-13/18:17:22.705/CESTDEBUGcan cast PoisonFogMagic on GroundGrid
2014-05-13/18:17:22.713/CESTDEBUGcan cast PoisonFogMagic on GroundGrid
2014-05-13/18:17:22.728/CESTDEBUGcan cast PoisonFogMagic on GroundGrid
2014-05-13/18:17:22.869/CESTDEBUGcan cast PoisonFogMagic on GroundGrid
2014-05-13/18:17:22.878/CESTDEBUGcan cast PoisonFogMagic on GroundGrid
2014-05-13/18:17:22.879/CESTDEBUGcan cast PoisonFogMagic on GroundGrid
2014-05-13/18:17:22.888/CESTDEBUGcan cast PoisonFogMagic on GroundGrid
2014-05-13/18:17:22.896/CESTDEBUGcan cast PoisonFogMagic on GroundGrid
2014-05-13/18:17:22.897/CESTDEBUGcan cast PoisonFogMagic on GroundGrid
2014-05-13/18:17:22.903/CESTDEBUGcan cast PoisonFogMagic on GroundGrid
2014-05-13/18:17:22.909/CESTDEBUGcan cast PoisonFogMagic on GroundGrid
2014-05-13/18:17:22.919/CESTDEBUGcan cast PoisonFogMagic on GroundGrid
2014-05-13/18:17:22.931/CESTDEBUGcan cast PoisonFogMagic on GroundGrid
2014-05-13/18:17:22.937/CESTDEBUGcan cast PoisonFogMagic on GroundGrid
2014-05-13/18:17:22.944/CESTDEBUGcan cast PoisonFogMagic on GroundGrid
2014-05-13/18:17:22.957/CESTDEBUGcan cast PoisonFogMagic on GroundGrid
2014-05-13/18:17:22.972/CESTDEBUGcan cast PoisonFogMagic on GroundGrid
2014-05-13/18:17:22.983/CESTDEBUGcan cast PoisonFogMagic on GroundGrid
2014-05-13/18:17:22.992/CESTDEBUGcan cast PoisonFogMagic on GroundGrid
2014-05-13/18:17:23.005/CESTDEBUGcan cast PoisonFogMagic on GroundGrid
2014-05-13/18:17:23.031/CESTDEBUGcan cast PoisonFogMagic on GroundGrid
2014-05-13/18:17:23.041/CESTDEBUGcan cast PoisonFogMagic on GroundGrid
2014-05-13/18:17:23.042/CESTDEBUGcan cast PoisonFogMagic on GroundGrid
2014-05-13/18:17:23.057/CESTDEBUGcan cast PoisonFogMagic on GroundGrid
2014-05-13/18:17:23.078/CESTDEBUGcan cast PoisonFogMagic on GroundGrid
2014-05-13/18:17:23.091/CESTDEBUGcan cast PoisonFogMagic on GroundGrid
2014-05-13/18:17:23.104/CESTDEBUGcan cast PoisonFogMagic on GroundGrid
2014-05-13/18:17:23.114/CESTDEBUGcan cast PoisonFogMagic on GroundGrid
2014-05-13/18:17:23.127/CESTDEBUGcan cast PoisonFogMagic on GroundGrid
2014-05-13/18:17:23.134/CESTDEBUGcan cast PoisonFogMagic on GroundGrid
2014-05-13/18:17:23.140/CESTDEBUGcan cast PoisonFogMagic on GroundGrid
2014-05-13/18:17:23.153/CESTDEBUGcan cast PoisonFogMagic on GroundGrid
2014-05-13/18:17:23.154/CESTDEBUGcan cast PoisonFogMagic on GroundGrid
2014-05-13/18:17:23.164/CESTDEBUGcan cast PoisonFogMagic on GroundGrid
2014-05-13/18:17:23.173/CESTDEBUGcan cast PoisonFogMagic on GroundGrid
2014-05-13/18:17:23.182/CESTDEBUGcan cast PoisonFogMagic on GroundGrid
2014-05-13/18:17:23.183/CESTDEBUGcan cast PoisonFogMagic on GroundGrid
2014-05-13/18:17:23.189/CESTDEBUGcan cast PoisonFogMagic on GroundGrid
2014-05-13/18:17:23.197/CESTDEBUGcan cast PoisonFogMagic on GroundGrid
2014-05-13/18:17:23.205/CESTDEBUGcan cast PoisonFogMagic on GroundGrid
2014-05-13/18:17:23.213/CESTDEBUGcan cast PoisonFogMagic on GroundGrid
2014-05-13/18:17:23.224/CESTDEBUGcan cast PoisonFogMagic on GroundGrid
2014-05-13/18:17:23.232/CESTDEBUGcan cast PoisonFogMagic on GroundGrid
2014-05-13/18:17:23.240/CESTDEBUGcan cast PoisonFogMagic on GroundGrid
2014-05-13/18:17:23.251/CESTDEBUGcan cast PoisonFogMagic on GroundGrid
2014-05-13/18:17:23.251/CESTDEBUGcan cast PoisonFogMagic on GroundGrid
2014-05-13/18:17:23.261/CESTDEBUGcan cast PoisonFogMagic on GroundGrid
2014-05-13/18:17:23.276/CESTDEBUGcan cast PoisonFogMagic on GroundGrid
2014-05-13/18:17:23.291/CESTDEBUGcan cast PoisonFogMagic on GroundGrid
2014-05-13/18:17:23.297/CESTDEBUGcan cast PoisonFogMagic on RoadGrid
2014-05-13/18:17:23.304/CESTDEBUGcan cast PoisonFogMagic on RoadGrid
2014-05-13/18:17:23.313/CESTDEBUGcan cast PoisonFogMagic on RoadGrid
2014-05-13/18:17:23.328/CESTDEBUGcan cast PoisonFogMagic on RoadGrid
2014-05-13/18:17:23.334/CESTDEBUGcan cast PoisonFogMagic on RoadGrid
2014-05-13/18:17:23.344/CESTDEBUGcan cast PoisonFogMagic on RoadGrid
2014-05-13/18:17:23.372/CESTDEBUGcan cast PoisonFogMagic on RoadGrid
2014-05-13/18:17:23.383/CESTDEBUGcan cast PoisonFogMagic on RoadGrid
2014-05-13/18:17:23.383/CESTDEBUGcan cast PoisonFogMagic on RoadGrid
2014-05-13/18:17:23.397/CESTDEBUGcan cast PoisonFogMagic on RoadGrid
2014-05-13/18:17:23.404/CESTDEBUGcan cast PoisonFogMagic on RoadGrid
2014-05-13/18:17:23.415/CESTDEBUGcan cast PoisonFogMagic on RoadGrid
2014-05-13/18:17:23.422/CESTDEBUGcan cast PoisonFogMagic on RoadGrid
2014-05-13/18:17:23.506/CESTDEBUGcan cast PoisonFogMagic on RoadGrid
2014-05-13/18:17:23.515/CESTDEBUGcan cast PoisonFogMagic on RoadGrid
2014-05-13/18:17:23.522/CESTDEBUGcan cast PoisonFogMagic on RoadGrid
2014-05-13/18:17:23.531/CESTDEBUGcan cast PoisonFogMagic on RoadGrid
2014-05-13/18:17:23.722/CESTDEBUGcan cast PoisonFogMagic on RoadGrid
