2014-05-13/13:21:16.618/CESTDEBUG starting round 0 for scene
2014-05-13/13:21:16.668/CESTDEBUG placing new enemies for 1th time
2014-05-13/13:21:16.671/CESTDEBUG enemy team.uninter.mordorq.gamespace.Hobbit[,0,0,0x0,invalid,layout=java.awt.FlowLayout,alignmentX=0.0,alignmentY=0.0,border=,flags=9,maximumSize=,minimumSize=,preferredSize=] was placed in PlaceWorker onto grid.u: 1 in depth of 0
2014-05-13/13:21:16.674/CESTDEBUG south grid is: team.uninter.mordorq.gamespace.RoadGrid[,0,0,0x0,invalid,layout=java.awt.FlowLayout,alignmentX=0.0,alignmentY=0.0,border=,flags=9,maximumSize=,minimumSize=,preferredSize=]
2014-05-13/13:21:16.674/CESTDEBUG enemy team.uninter.mordorq.gamespace.Hobbit[,0,0,0x0,invalid,layout=java.awt.FlowLayout,alignmentX=0.0,alignmentY=0.0,border=,flags=9,maximumSize=,minimumSize=,preferredSize=] was placed in PlaceWorker onto grid.u: 1 in depth of 1
2014-05-13/13:21:16.674/CESTDEBUG south grid is: team.uninter.mordorq.gamespace.RoadGrid[,0,0,0x0,invalid,layout=java.awt.FlowLayout,alignmentX=0.0,alignmentY=0.0,border=,flags=9,maximumSize=,minimumSize=,preferredSize=]
2014-05-13/13:21:16.674/CESTDEBUG enemy team.uninter.mordorq.gamespace.Hobbit[,0,0,0x0,invalid,layout=java.awt.FlowLayout,alignmentX=0.0,alignmentY=0.0,border=,flags=9,maximumSize=,minimumSize=,preferredSize=] was placed in PlaceWorker onto grid.u: 2 in depth of 2
2014-05-13/13:21:16.674/CESTDEBUG south grid is: team.uninter.mordorq.gamespace.RoadGrid[,0,0,0x0,invalid,layout=java.awt.FlowLayout,alignmentX=0.0,alignmentY=0.0,border=,flags=9,maximumSize=,minimumSize=,preferredSize=]
2014-05-13/13:21:16.675/CESTDEBUG enemy team.uninter.mordorq.gamespace.Hobbit[,0,0,0x0,invalid,layout=java.awt.FlowLayout,alignmentX=0.0,alignmentY=0.0,border=,flags=9,maximumSize=,minimumSize=,preferredSize=] was placed in PlaceWorker onto grid.u: 2 in depth of 3
2014-05-13/13:21:16.675/CESTDEBUG south grid is: team.uninter.mordorq.gamespace.RoadGrid[,0,0,0x0,invalid,layout=java.awt.FlowLayout,alignmentX=0.0,alignmentY=0.0,border=,flags=9,maximumSize=,minimumSize=,preferredSize=]
2014-05-13/13:21:16.675/CESTDEBUG enemy team.uninter.mordorq.gamespace.Hobbit[,0,0,0x0,invalid,layout=java.awt.FlowLayout,alignmentX=0.0,alignmentY=0.0,border=,flags=9,maximumSize=,minimumSize=,preferredSize=] was placed in PlaceWorker onto grid.u: 3 in depth of 4
2014-05-13/13:21:16.675/CESTDEBUG south grid is: team.uninter.mordorq.gamespace.RoadGrid[,0,0,0x0,invalid,layout=java.awt.FlowLayout,alignmentX=0.0,alignmentY=0.0,border=,flags=9,maximumSize=,minimumSize=,preferredSize=]
2014-05-13/13:21:16.676/CESTDEBUG enemy team.uninter.mordorq.gamespace.Hobbit[,0,0,0x0,invalid,layout=java.awt.FlowLayout,alignmentX=0.0,alignmentY=0.0,border=,flags=9,maximumSize=,minimumSize=,preferredSize=] was placed in PlaceWorker onto grid.u: 3 in depth of 5
2014-05-13/13:21:16.676/CESTDEBUG south grid is: team.uninter.mordorq.gamespace.RoadGrid[,0,0,0x0,invalid,layout=java.awt.FlowLayout,alignmentX=0.0,alignmentY=0.0,border=,flags=9,maximumSize=,minimumSize=,preferredSize=]
2014-05-13/13:21:16.677/CESTDEBUG enemy team.uninter.mordorq.gamespace.Hobbit[,0,0,0x0,invalid,layout=java.awt.FlowLayout,alignmentX=0.0,alignmentY=0.0,border=,flags=9,maximumSize=,minimumSize=,preferredSize=] was placed in PlaceWorker onto grid.u: 4 in depth of 6
2014-05-13/13:21:16.678/CESTDEBUG south grid is: team.uninter.mordorq.gamespace.RoadGrid[,0,0,0x0,invalid,layout=java.awt.FlowLayout,alignmentX=0.0,alignmentY=0.0,border=,flags=9,maximumSize=,minimumSize=,preferredSize=]
2014-05-13/13:21:16.678/CESTDEBUG enemy team.uninter.mordorq.gamespace.Hobbit[,0,0,0x0,invalid,layout=java.awt.FlowLayout,alignmentX=0.0,alignmentY=0.0,border=,flags=9,maximumSize=,minimumSize=,preferredSize=] was placed in PlaceWorker onto grid.u: 4 in depth of 7
2014-05-13/13:21:16.678/CESTDEBUG south grid is: team.uninter.mordorq.gamespace.RoadGrid[,0,0,0x0,invalid,layout=java.awt.FlowLayout,alignmentX=0.0,alignmentY=0.0,border=,flags=9,maximumSize=,minimumSize=,preferredSize=]
2014-05-13/13:21:16.678/CESTDEBUG enemy team.uninter.mordorq.gamespace.Hobbit[,0,0,0x0,invalid,layout=java.awt.FlowLayout,alignmentX=0.0,alignmentY=0.0,border=,flags=9,maximumSize=,minimumSize=,preferredSize=] was placed in PlaceWorker onto grid.u: 5 in depth of 8
2014-05-13/13:21:16.678/CESTDEBUG south grid is: team.uninter.mordorq.gamespace.RoadGrid[,0,0,0x0,invalid,layout=java.awt.FlowLayout,alignmentX=0.0,alignmentY=0.0,border=,flags=9,maximumSize=,minimumSize=,preferredSize=]
2014-05-13/13:21:16.678/CESTDEBUG enemy team.uninter.mordorq.gamespace.Hobbit[,0,0,0x0,invalid,layout=java.awt.FlowLayout,alignmentX=0.0,alignmentY=0.0,border=,flags=9,maximumSize=,minimumSize=,preferredSize=] was placed in PlaceWorker onto grid.u: 5 in depth of 9
2014-05-13/13:21:16.679/CESTDEBUG south grid is: team.uninter.mordorq.gamespace.RoadGrid[,0,0,0x0,invalid,layout=java.awt.FlowLayout,alignmentX=0.0,alignmentY=0.0,border=,flags=9,maximumSize=,minimumSize=,preferredSize=]
2014-05-13/13:21:17.617/CESTDEBUG starting round 1 for scene
2014-05-13/13:21:17.637/CESTDEBUG placing new enemies for 1th time
2014-05-13/13:21:17.637/CESTDEBUG south grid is: team.uninter.mordorq.gamespace.RoadGrid[,0,0,0x0,invalid,layout=java.awt.FlowLayout,alignmentX=0.0,alignmentY=0.0,border=,flags=9,maximumSize=,minimumSize=,preferredSize=]
2014-05-13/13:21:17.646/CESTDEBUG south grid is: team.uninter.mordorq.gamespace.RoadGrid[,0,0,0x0,invalid,layout=java.awt.FlowLayout,alignmentX=0.0,alignmentY=0.0,border=,flags=9,maximumSize=,minimumSize=,preferredSize=]
2014-05-13/13:21:17.646/CESTDEBUG south grid is: team.uninter.mordorq.gamespace.RoadGrid[,0,0,0x0,invalid,layout=java.awt.FlowLayout,alignmentX=0.0,alignmentY=0.0,border=,flags=9,maximumSize=,minimumSize=,preferredSize=]
2014-05-13/13:21:17.646/CESTDEBUG south grid is: team.uninter.mordorq.gamespace.RoadGrid[,0,0,0x0,invalid,layout=java.awt.FlowLayout,alignmentX=0.0,alignmentY=0.0,border=,flags=9,maximumSize=,minimumSize=,preferredSize=]
2014-05-13/13:21:17.646/CESTDEBUG south grid is: team.uninter.mordorq.gamespace.RoadGrid[,0,0,0x0,invalid,layout=java.awt.FlowLayout,alignmentX=0.0,alignmentY=0.0,border=,flags=9,maximumSize=,minimumSize=,preferredSize=]
2014-05-13/13:21:17.647/CESTDEBUG south grid is: team.uninter.mordorq.gamespace.RoadGrid[,0,0,0x0,invalid,layout=java.awt.FlowLayout,alignmentX=0.0,alignmentY=0.0,border=,flags=9,maximumSize=,minimumSize=,preferredSize=]
2014-05-13/13:21:17.647/CESTDEBUG south grid is: team.uninter.mordorq.gamespace.RoadGrid[,0,0,0x0,invalid,layout=java.awt.FlowLayout,alignmentX=0.0,alignmentY=0.0,border=,flags=9,maximumSize=,minimumSize=,preferredSize=]
2014-05-13/13:21:17.647/CESTDEBUG south grid is: team.uninter.mordorq.gamespace.RoadGrid[,0,0,0x0,invalid,layout=java.awt.FlowLayout,alignmentX=0.0,alignmentY=0.0,border=,flags=9,maximumSize=,minimumSize=,preferredSize=]
2014-05-13/13:21:17.647/CESTDEBUG south grid is: team.uninter.mordorq.gamespace.RoadGrid[,0,0,0x0,invalid,layout=java.awt.FlowLayout,alignmentX=0.0,alignmentY=0.0,border=,flags=9,maximumSize=,minimumSize=,preferredSize=]
2014-05-13/13:21:17.647/CESTDEBUG south grid is: team.uninter.mordorq.gamespace.RoadGrid[,0,0,0x0,invalid,layout=java.awt.FlowLayout,alignmentX=0.0,alignmentY=0.0,border=,flags=9,maximumSize=,minimumSize=,preferredSize=]
2014-05-13/13:21:17.647/CESTDEBUG enemy team.uninter.mordorq.gamespace.Elf[,0,0,0x0,invalid,layout=java.awt.FlowLayout,alignmentX=0.0,alignmentY=0.0,border=,flags=9,maximumSize=,minimumSize=,preferredSize=] was placed in PlaceWorker onto grid.u: 6 in depth of 10
2014-05-13/13:21:17.650/CESTDEBUG south grid is: team.uninter.mordorq.gamespace.RoadGrid[,0,0,0x0,invalid,layout=java.awt.FlowLayout,alignmentX=0.0,alignmentY=0.0,border=,flags=9,maximumSize=,minimumSize=,preferredSize=]
2014-05-13/13:21:17.653/CESTDEBUG enemy team.uninter.mordorq.gamespace.Elf[,0,0,0x0,invalid,layout=java.awt.FlowLayout,alignmentX=0.0,alignmentY=0.0,border=,flags=9,maximumSize=,minimumSize=,preferredSize=] was placed in PlaceWorker onto grid.u: 6 in depth of 11
2014-05-13/13:21:17.653/CESTDEBUG south grid is: team.uninter.mordorq.gamespace.RoadGrid[,0,0,0x0,invalid,layout=java.awt.FlowLayout,alignmentX=0.0,alignmentY=0.0,border=,flags=9,maximumSize=,minimumSize=,preferredSize=]
2014-05-13/13:21:17.653/CESTDEBUG enemy team.uninter.mordorq.gamespace.Elf[,0,0,0x0,invalid,layout=java.awt.FlowLayout,alignmentX=0.0,alignmentY=0.0,border=,flags=9,maximumSize=,minimumSize=,preferredSize=] was placed in PlaceWorker onto grid.u: 7 in depth of 12
2014-05-13/13:21:17.653/CESTDEBUG south grid is: team.uninter.mordorq.gamespace.RoadGrid[,0,0,0x0,invalid,layout=java.awt.FlowLayout,alignmentX=0.0,alignmentY=0.0,border=,flags=9,maximumSize=,minimumSize=,preferredSize=]
2014-05-13/13:21:17.654/CESTDEBUG enemy team.uninter.mordorq.gamespace.Elf[,0,0,0x0,invalid,layout=java.awt.FlowLayout,alignmentX=0.0,alignmentY=0.0,border=,flags=9,maximumSize=,minimumSize=,preferredSize=] was placed in PlaceWorker onto grid.u: 7 in depth of 13
2014-05-13/13:21:17.654/CESTDEBUG south grid is: team.uninter.mordorq.gamespace.RoadGrid[,0,0,0x0,invalid,layout=java.awt.FlowLayout,alignmentX=0.0,alignmentY=0.0,border=,flags=9,maximumSize=,minimumSize=,preferredSize=]
2014-05-13/13:21:17.654/CESTDEBUG enemy team.uninter.mordorq.gamespace.Elf[,0,0,0x0,invalid,layout=java.awt.FlowLayout,alignmentX=0.0,alignmentY=0.0,border=,flags=9,maximumSize=,minimumSize=,preferredSize=] was placed in PlaceWorker onto grid.u: 8 in depth of 14
2014-05-13/13:21:17.654/CESTDEBUG south grid is: team.uninter.mordorq.gamespace.RoadGrid[,0,0,0x0,invalid,layout=java.awt.FlowLayout,alignmentX=0.0,alignmentY=0.0,border=,flags=9,maximumSize=,minimumSize=,preferredSize=]
2014-05-13/13:21:17.654/CESTDEBUG enemy team.uninter.mordorq.gamespace.Hobbit[,0,0,0x0,invalid,layout=java.awt.FlowLayout,alignmentX=0.0,alignmentY=0.0,border=,flags=9,maximumSize=,minimumSize=,preferredSize=] was placed in PlaceWorker onto grid.u: 8 in depth of 15
2014-05-13/13:21:17.654/CESTDEBUG south grid is: team.uninter.mordorq.gamespace.RoadGrid[,0,0,0x0,invalid,layout=java.awt.FlowLayout,alignmentX=0.0,alignmentY=0.0,border=,flags=9,maximumSize=,minimumSize=,preferredSize=]
2014-05-13/13:21:17.655/CESTDEBUG enemy team.uninter.mordorq.gamespace.Hobbit[,0,0,0x0,invalid,layout=java.awt.FlowLayout,alignmentX=0.0,alignmentY=0.0,border=,flags=9,maximumSize=,minimumSize=,preferredSize=] was placed in PlaceWorker onto grid.u: 9 in depth of 16
2014-05-13/13:21:17.655/CESTDEBUG south grid is: team.uninter.mordorq.gamespace.RoadGrid[,0,0,0x0,invalid,layout=java.awt.FlowLayout,alignmentX=0.0,alignmentY=0.0,border=,flags=9,maximumSize=,minimumSize=,preferredSize=]
2014-05-13/13:21:17.655/CESTDEBUG enemy team.uninter.mordorq.gamespace.Hobbit[,0,0,0x0,invalid,layout=java.awt.FlowLayout,alignmentX=0.0,alignmentY=0.0,border=,flags=9,maximumSize=,minimumSize=,preferredSize=] was placed in PlaceWorker onto grid.u: 9 in depth of 17
2014-05-13/13:21:17.655/CESTDEBUG south grid is: team.uninter.mordorq.gamespace.RoadGrid[,0,0,0x0,invalid,layout=java.awt.FlowLayout,alignmentX=0.0,alignmentY=0.0,border=,flags=9,maximumSize=,minimumSize=,preferredSize=]
2014-05-13/13:21:17.655/CESTDEBUG enemy team.uninter.mordorq.gamespace.Hobbit[,0,0,0x0,invalid,layout=java.awt.FlowLayout,alignmentX=0.0,alignmentY=0.0,border=,flags=9,maximumSize=,minimumSize=,preferredSize=] was placed in PlaceWorker onto grid.u: 10 in depth of 18
2014-05-13/13:21:17.656/CESTDEBUG south grid is: team.uninter.mordorq.gamespace.RoadGrid[,0,0,0x0,invalid,layout=java.awt.FlowLayout,alignmentX=0.0,alignmentY=0.0,border=,flags=9,maximumSize=,minimumSize=,preferredSize=]
2014-05-13/13:21:17.656/CESTDEBUG enemy team.uninter.mordorq.gamespace.Hobbit[,0,0,0x0,invalid,layout=java.awt.FlowLayout,alignmentX=0.0,alignmentY=0.0,border=,flags=9,maximumSize=,minimumSize=,preferredSize=] was placed in PlaceWorker onto grid.u: 10 in depth of 19
2014-05-13/13:21:17.656/CESTDEBUG south grid is: team.uninter.mordorq.gamespace.RoadGrid[,0,0,0x0,invalid,layout=java.awt.FlowLayout,alignmentX=0.0,alignmentY=0.0,border=,flags=9,maximumSize=,minimumSize=,preferredSize=]
2014-05-13/13:21:18.617/CESTDEBUG starting round 2 for scene
2014-05-13/13:21:18.633/CESTDEBUG placing new enemies for 1th time
2014-05-13/13:21:18.633/CESTDEBUG south grid is: team.uninter.mordorq.gamespace.RoadGrid[,0,0,0x0,invalid,layout=java.awt.FlowLayout,alignmentX=0.0,alignmentY=0.0,border=,flags=9,maximumSize=,minimumSize=,preferredSize=]
2014-05-13/13:21:18.634/CESTDEBUG south grid is: team.uninter.mordorq.gamespace.RoadGrid[,0,0,0x0,invalid,layout=java.awt.FlowLayout,alignmentX=0.0,alignmentY=0.0,border=,flags=9,maximumSize=,minimumSize=,preferredSize=]
2014-05-13/13:21:18.640/CESTDEBUG south grid is: team.uninter.mordorq.gamespace.RoadGrid[,0,0,0x0,invalid,layout=java.awt.FlowLayout,alignmentX=0.0,alignmentY=0.0,border=,flags=9,maximumSize=,minimumSize=,preferredSize=]
2014-05-13/13:21:18.641/CESTDEBUG south grid is: team.uninter.mordorq.gamespace.RoadGrid[,0,0,0x0,invalid,layout=java.awt.FlowLayout,alignmentX=0.0,alignmentY=0.0,border=,flags=9,maximumSize=,minimumSize=,preferredSize=]
2014-05-13/13:21:18.641/CESTDEBUG south grid is: team.uninter.mordorq.gamespace.RoadGrid[,0,0,0x0,invalid,layout=java.awt.FlowLayout,alignmentX=0.0,alignmentY=0.0,border=,flags=9,maximumSize=,minimumSize=,preferredSize=]
2014-05-13/13:21:18.641/CESTDEBUG south grid is: team.uninter.mordorq.gamespace.RoadGrid[,0,0,0x0,invalid,layout=java.awt.FlowLayout,alignmentX=0.0,alignmentY=0.0,border=,flags=9,maximumSize=,minimumSize=,preferredSize=]
2014-05-13/13:21:18.641/CESTDEBUG south grid is: team.uninter.mordorq.gamespace.RoadGrid[,0,0,0x0,invalid,layout=java.awt.FlowLayout,alignmentX=0.0,alignmentY=0.0,border=,flags=9,maximumSize=,minimumSize=,preferredSize=]
2014-05-13/13:21:18.641/CESTDEBUG south grid is: team.uninter.mordorq.gamespace.RoadGrid[,0,0,0x0,invalid,layout=java.awt.FlowLayout,alignmentX=0.0,alignmentY=0.0,border=,flags=9,maximumSize=,minimumSize=,preferredSize=]
2014-05-13/13:21:18.644/CESTDEBUG south grid is: team.uninter.mordorq.gamespace.RoadGrid[,0,0,0x0,invalid,layout=java.awt.FlowLayout,alignmentX=0.0,alignmentY=0.0,border=,flags=9,maximumSize=,minimumSize=,preferredSize=]
2014-05-13/13:21:18.644/CESTDEBUG south grid is: team.uninter.mordorq.gamespace.RoadGrid[,0,0,0x0,invalid,layout=java.awt.FlowLayout,alignmentX=0.0,alignmentY=0.0,border=,flags=9,maximumSize=,minimumSize=,preferredSize=]
2014-05-13/13:21:18.644/CESTDEBUG south grid is: team.uninter.mordorq.gamespace.RoadGrid[,0,0,0x0,invalid,layout=java.awt.FlowLayout,alignmentX=0.0,alignmentY=0.0,border=,flags=9,maximumSize=,minimumSize=,preferredSize=]
2014-05-13/13:21:18.644/CESTDEBUG south grid is: team.uninter.mordorq.gamespace.RoadGrid[,0,0,0x0,invalid,layout=java.awt.FlowLayout,alignmentX=0.0,alignmentY=0.0,border=,flags=9,maximumSize=,minimumSize=,preferredSize=]
2014-05-13/13:21:18.644/CESTDEBUG south grid is: team.uninter.mordorq.gamespace.RoadGrid[,0,0,0x0,invalid,layout=java.awt.FlowLayout,alignmentX=0.0,alignmentY=0.0,border=,flags=9,maximumSize=,minimumSize=,preferredSize=]
2014-05-13/13:21:18.645/CESTDEBUG south grid is: team.uninter.mordorq.gamespace.RoadGrid[,0,0,0x0,invalid,layout=java.awt.FlowLayout,alignmentX=0.0,alignmentY=0.0,border=,flags=9,maximumSize=,minimumSize=,preferredSize=]
2014-05-13/13:21:18.647/CESTDEBUG south grid is: team.uninter.mordorq.gamespace.RoadGrid[,0,0,0x0,invalid,layout=java.awt.FlowLayout,alignmentX=0.0,alignmentY=0.0,border=,flags=9,maximumSize=,minimumSize=,preferredSize=]
2014-05-13/13:21:18.647/CESTDEBUG south grid is: team.uninter.mordorq.gamespace.RoadGrid[,0,0,0x0,invalid,layout=java.awt.FlowLayout,alignmentX=0.0,alignmentY=0.0,border=,flags=9,maximumSize=,minimumSize=,preferredSize=]
2014-05-13/13:21:18.648/CESTDEBUG south grid is: team.uninter.mordorq.gamespace.RoadGrid[,0,0,0x0,invalid,layout=java.awt.FlowLayout,alignmentX=0.0,alignmentY=0.0,border=,flags=9,maximumSize=,minimumSize=,preferredSize=]
2014-05-13/13:21:18.648/CESTDEBUG south grid is: team.uninter.mordorq.gamespace.RoadGrid[,0,0,0x0,invalid,layout=java.awt.FlowLayout,alignmentX=0.0,alignmentY=0.0,border=,flags=9,maximumSize=,minimumSize=,preferredSize=]
2014-05-13/13:21:18.648/CESTDEBUG south grid is: team.uninter.mordorq.gamespace.RoadGrid[,0,0,0x0,invalid,layout=java.awt.FlowLayout,alignmentX=0.0,alignmentY=0.0,border=,flags=9,maximumSize=,minimumSize=,preferredSize=]
2014-05-13/13:21:18.648/CESTDEBUG south grid is: team.uninter.mordorq.gamespace.RoadGrid[,0,0,0x0,invalid,layout=java.awt.FlowLayout,alignmentX=0.0,alignmentY=0.0,border=,flags=9,maximumSize=,minimumSize=,preferredSize=]
2014-05-13/13:21:18.648/CESTDEBUG enemy team.uninter.mordorq.gamespace.Elf[,0,0,0x0,invalid,layout=java.awt.FlowLayout,alignmentX=0.0,alignmentY=0.0,border=,flags=9,maximumSize=,minimumSize=,preferredSize=] was placed in PlaceWorker onto grid.u: 11 in depth of 20
2014-05-13/13:21:18.648/CESTDEBUG south grid is: team.uninter.mordorq.gamespace.RoadGrid[,0,0,0x0,invalid,layout=java.awt.FlowLayout,alignmentX=0.0,alignmentY=0.0,border=,flags=9,maximumSize=,minimumSize=,preferredSize=]
2014-05-13/13:21:18.648/CESTDEBUG enemy team.uninter.mordorq.gamespace.Elf[,0,0,0x0,invalid,layout=java.awt.FlowLayout,alignmentX=0.0,alignmentY=0.0,border=,flags=9,maximumSize=,minimumSize=,preferredSize=] was placed in PlaceWorker onto grid.u: 11 in depth of 21
2014-05-13/13:21:18.649/CESTDEBUG south grid is: team.uninter.mordorq.gamespace.RoadGrid[,0,0,0x0,invalid,layout=java.awt.FlowLayout,alignmentX=0.0,alignmentY=0.0,border=,flags=9,maximumSize=,minimumSize=,preferredSize=]
2014-05-13/13:21:18.649/CESTDEBUG enemy team.uninter.mordorq.gamespace.Elf[,0,0,0x0,invalid,layout=java.awt.FlowLayout,alignmentX=0.0,alignmentY=0.0,border=,flags=9,maximumSize=,minimumSize=,preferredSize=] was placed in PlaceWorker onto grid.u: 12 in depth of 22
2014-05-13/13:21:18.649/CESTDEBUG south grid is: team.uninter.mordorq.gamespace.RoadGrid[,0,0,0x0,invalid,layout=java.awt.FlowLayout,alignmentX=0.0,alignmentY=0.0,border=,flags=9,maximumSize=,minimumSize=,preferredSize=]
2014-05-13/13:21:18.649/CESTDEBUG enemy team.uninter.mordorq.gamespace.Elf[,0,0,0x0,invalid,layout=java.awt.FlowLayout,alignmentX=0.0,alignmentY=0.0,border=,flags=9,maximumSize=,minimumSize=,preferredSize=] was placed in PlaceWorker onto grid.u: 12 in depth of 23
2014-05-13/13:21:18.649/CESTDEBUG south grid is: team.uninter.mordorq.gamespace.RoadGrid[,0,0,0x0,invalid,layout=java.awt.FlowLayout,alignmentX=0.0,alignmentY=0.0,border=,flags=9,maximumSize=,minimumSize=,preferredSize=]
2014-05-13/13:21:18.649/CESTDEBUG enemy team.uninter.mordorq.gamespace.Elf[,0,0,0x0,invalid,layout=java.awt.FlowLayout,alignmentX=0.0,alignmentY=0.0,border=,flags=9,maximumSize=,minimumSize=,preferredSize=] was placed in PlaceWorker onto grid.u: 13 in depth of 24
2014-05-13/13:21:18.650/CESTDEBUG south grid is: team.uninter.mordorq.gamespace.RoadGrid[,0,0,0x0,invalid,layout=java.awt.FlowLayout,alignmentX=0.0,alignmentY=0.0,border=,flags=9,maximumSize=,minimumSize=,preferredSize=]
2014-05-13/13:21:18.651/CESTDEBUG enemy team.uninter.mordorq.gamespace.Hobbit[,0,0,0x0,invalid,layout=java.awt.FlowLayout,alignmentX=0.0,alignmentY=0.0,border=,flags=9,maximumSize=,minimumSize=,preferredSize=] was placed in PlaceWorker onto grid.u: 13 in depth of 25
2014-05-13/13:21:18.656/CESTDEBUG south grid is: team.uninter.mordorq.gamespace.RoadGrid[,0,0,0x0,invalid,layout=java.awt.FlowLayout,alignmentX=0.0,alignmentY=0.0,border=,flags=9,maximumSize=,minimumSize=,preferredSize=]
2014-05-13/13:21:18.656/CESTDEBUG enemy team.uninter.mordorq.gamespace.Hobbit[,0,0,0x0,invalid,layout=java.awt.FlowLayout,alignmentX=0.0,alignmentY=0.0,border=,flags=9,maximumSize=,minimumSize=,preferredSize=] was placed in PlaceWorker onto grid.u: 14 in depth of 26
2014-05-13/13:21:18.657/CESTDEBUG south grid is: team.uninter.mordorq.gamespace.RoadGrid[,0,0,0x0,invalid,layout=java.awt.FlowLayout,alignmentX=0.0,alignmentY=0.0,border=,flags=9,maximumSize=,minimumSize=,preferredSize=]
2014-05-13/13:21:18.657/CESTDEBUG enemy team.uninter.mordorq.gamespace.Hobbit[,0,0,0x0,invalid,layout=java.awt.FlowLayout,alignmentX=0.0,alignmentY=0.0,border=,flags=9,maximumSize=,minimumSize=,preferredSize=] was placed in PlaceWorker onto grid.u: 14 in depth of 27
2014-05-13/13:21:18.657/CESTDEBUG south grid is: team.uninter.mordorq.gamespace.RoadGrid[,0,0,0x0,invalid,layout=java.awt.FlowLayout,alignmentX=0.0,alignmentY=0.0,border=,flags=9,maximumSize=,minimumSize=,preferredSize=]
2014-05-13/13:21:18.657/CESTDEBUG enemy team.uninter.mordorq.gamespace.Hobbit[,0,0,0x0,invalid,layout=java.awt.FlowLayout,alignmentX=0.0,alignmentY=0.0,border=,flags=9,maximumSize=,minimumSize=,preferredSize=] was placed in PlaceWorker onto grid.u: 15 in depth of 28
2014-05-13/13:21:18.657/CESTDEBUG south grid is: team.uninter.mordorq.gamespace.RoadGrid[,0,0,0x0,invalid,layout=java.awt.FlowLayout,alignmentX=0.0,alignmentY=0.0,border=,flags=9,maximumSize=,minimumSize=,preferredSize=]
2014-05-13/13:21:18.657/CESTDEBUG enemy team.uninter.mordorq.gamespace.Hobbit[,0,0,0x0,invalid,layout=java.awt.FlowLayout,alignmentX=0.0,alignmentY=0.0,border=,flags=9,maximumSize=,minimumSize=,preferredSize=] was placed in PlaceWorker onto grid.u: 15 in depth of 29
2014-05-13/13:21:18.658/CESTDEBUG south grid is: team.uninter.mordorq.gamespace.RoadGrid[,0,0,0x0,invalid,layout=java.awt.FlowLayout,alignmentX=0.0,alignmentY=0.0,border=,flags=9,maximumSize=,minimumSize=,preferredSize=]
2014-05-13/13:21:18.658/CESTDEBUG enemy team.uninter.mordorq.gamespace.Hobbit[,0,0,0x0,invalid,layout=java.awt.FlowLayout,alignmentX=0.0,alignmentY=0.0,border=,flags=9,maximumSize=,minimumSize=,preferredSize=] was placed in PlaceWorker onto grid.u: 16 in depth of 30
2014-05-13/13:21:18.658/CESTDEBUG south grid is: team.uninter.mordorq.gamespace.RoadGrid[,0,0,0x0,invalid,layout=java.awt.FlowLayout,alignmentX=0.0,alignmentY=0.0,border=,flags=9,maximumSize=,minimumSize=,preferredSize=]
2014-05-13/13:21:18.658/CESTDEBUG enemy team.uninter.mordorq.gamespace.Hobbit[,0,0,0x0,invalid,layout=java.awt.FlowLayout,alignmentX=0.0,alignmentY=0.0,border=,flags=9,maximumSize=,minimumSize=,preferredSize=] was placed in PlaceWorker onto grid.u: 16 in depth of 31
2014-05-13/13:21:18.658/CESTDEBUG south grid is: team.uninter.mordorq.gamespace.RoadGrid[,0,0,0x0,invalid,layout=java.awt.FlowLayout,alignmentX=0.0,alignmentY=0.0,border=,flags=9,maximumSize=,minimumSize=,preferredSize=]
2014-05-13/13:21:19.619/CESTDEBUG starting round 3 for scene
2014-05-13/13:21:19.637/CESTDEBUG placing new enemies for 1th time
2014-05-13/13:21:19.644/CESTDEBUG south grid is: team.uninter.mordorq.gamespace.RoadGrid[,0,0,0x0,invalid,layout=java.awt.FlowLayout,alignmentX=0.0,alignmentY=0.0,border=,flags=9,maximumSize=,minimumSize=,preferredSize=]
2014-05-13/13:21:19.644/CESTDEBUG south grid is: team.uninter.mordorq.gamespace.RoadGrid[,0,0,0x0,invalid,layout=java.awt.FlowLayout,alignmentX=0.0,alignmentY=0.0,border=,flags=9,maximumSize=,minimumSize=,preferredSize=]
2014-05-13/13:21:19.644/CESTDEBUG south grid is: team.uninter.mordorq.gamespace.RoadGrid[,0,0,0x0,invalid,layout=java.awt.FlowLayout,alignmentX=0.0,alignmentY=0.0,border=,flags=9,maximumSize=,minimumSize=,preferredSize=]
2014-05-13/13:21:19.644/CESTDEBUG south grid is: team.uninter.mordorq.gamespace.RoadGrid[,0,0,0x0,invalid,layout=java.awt.FlowLayout,alignmentX=0.0,alignmentY=0.0,border=,flags=9,maximumSize=,minimumSize=,preferredSize=]
2014-05-13/13:21:19.644/CESTDEBUG south grid is: team.uninter.mordorq.gamespace.RoadGrid[,0,0,0x0,invalid,layout=java.awt.FlowLayout,alignmentX=0.0,alignmentY=0.0,border=,flags=9,maximumSize=,minimumSize=,preferredSize=]
2014-05-13/13:21:19.645/CESTDEBUG south grid is: team.uninter.mordorq.gamespace.RoadGrid[,0,0,0x0,invalid,layout=java.awt.FlowLayout,alignmentX=0.0,alignmentY=0.0,border=,flags=9,maximumSize=,minimumSize=,preferredSize=]
2014-05-13/13:21:19.645/CESTDEBUG south grid is: team.uninter.mordorq.gamespace.RoadGrid[,0,0,0x0,invalid,layout=java.awt.FlowLayout,alignmentX=0.0,alignmentY=0.0,border=,flags=9,maximumSize=,minimumSize=,preferredSize=]
2014-05-13/13:21:19.645/CESTDEBUG south grid is: team.uninter.mordorq.gamespace.RoadGrid[,0,0,0x0,invalid,layout=java.awt.FlowLayout,alignmentX=0.0,alignmentY=0.0,border=,flags=9,maximumSize=,minimumSize=,preferredSize=]
2014-05-13/13:21:19.645/CESTDEBUG south grid is: team.uninter.mordorq.gamespace.RoadGrid[,0,0,0x0,invalid,layout=java.awt.FlowLayout,alignmentX=0.0,alignmentY=0.0,border=,flags=9,maximumSize=,minimumSize=,preferredSize=]
2014-05-13/13:21:19.645/CESTDEBUG south grid is: team.uninter.mordorq.gamespace.RoadGrid[,0,0,0x0,invalid,layout=java.awt.FlowLayout,alignmentX=0.0,alignmentY=0.0,border=,flags=9,maximumSize=,minimumSize=,preferredSize=]
2014-05-13/13:21:19.645/CESTDEBUG south grid is: team.uninter.mordorq.gamespace.RoadGrid[,0,0,0x0,invalid,layout=java.awt.FlowLayout,alignmentX=0.0,alignmentY=0.0,border=,flags=9,maximumSize=,minimumSize=,preferredSize=]
2014-05-13/13:21:19.645/CESTDEBUG south grid is: team.uninter.mordorq.gamespace.RoadGrid[,0,0,0x0,invalid,layout=java.awt.FlowLayout,alignmentX=0.0,alignmentY=0.0,border=,flags=9,maximumSize=,minimumSize=,preferredSize=]
2014-05-13/13:21:19.645/CESTDEBUG south grid is: team.uninter.mordorq.gamespace.RoadGrid[,0,0,0x0,invalid,layout=java.awt.FlowLayout,alignmentX=0.0,alignmentY=0.0,border=,flags=9,maximumSize=,minimumSize=,preferredSize=]
2014-05-13/13:21:19.646/CESTDEBUG south grid is: team.uninter.mordorq.gamespace.RoadGrid[,0,0,0x0,invalid,layout=java.awt.FlowLayout,alignmentX=0.0,alignmentY=0.0,border=,flags=9,maximumSize=,minimumSize=,preferredSize=]
2014-05-13/13:21:19.646/CESTDEBUG south grid is: team.uninter.mordorq.gamespace.RoadGrid[,0,0,0x0,invalid,layout=java.awt.FlowLayout,alignmentX=0.0,alignmentY=0.0,border=,flags=9,maximumSize=,minimumSize=,preferredSize=]
2014-05-13/13:21:19.646/CESTDEBUG south grid is: team.uninter.mordorq.gamespace.RoadGrid[,0,0,0x0,invalid,layout=java.awt.FlowLayout,alignmentX=0.0,alignmentY=0.0,border=,flags=9,maximumSize=,minimumSize=,preferredSize=]
2014-05-13/13:21:19.646/CESTDEBUG south grid is: team.uninter.mordorq.gamespace.RoadGrid[,0,0,0x0,invalid,layout=java.awt.FlowLayout,alignmentX=0.0,alignmentY=0.0,border=,flags=9,maximumSize=,minimumSize=,preferredSize=]
2014-05-13/13:21:19.646/CESTDEBUG south grid is: team.uninter.mordorq.gamespace.RoadGrid[,0,0,0x0,invalid,layout=java.awt.FlowLayout,alignmentX=0.0,alignmentY=0.0,border=,flags=9,maximumSize=,minimumSize=,preferredSize=]
2014-05-13/13:21:19.646/CESTDEBUG south grid is: team.uninter.mordorq.gamespace.RoadGrid[,0,0,0x0,invalid,layout=java.awt.FlowLayout,alignmentX=0.0,alignmentY=0.0,border=,flags=9,maximumSize=,minimumSize=,preferredSize=]
2014-05-13/13:21:19.646/CESTDEBUG south grid is: team.uninter.mordorq.gamespace.RoadGrid[,0,0,0x0,invalid,layout=java.awt.FlowLayout,alignmentX=0.0,alignmentY=0.0,border=,flags=9,maximumSize=,minimumSize=,preferredSize=]
2014-05-13/13:21:19.646/CESTDEBUG south grid is: team.uninter.mordorq.gamespace.RoadGrid[,0,0,0x0,invalid,layout=java.awt.FlowLayout,alignmentX=0.0,alignmentY=0.0,border=,flags=9,maximumSize=,minimumSize=,preferredSize=]
2014-05-13/13:21:19.647/CESTDEBUG south grid is: team.uninter.mordorq.gamespace.RoadGrid[,0,0,0x0,invalid,layout=java.awt.FlowLayout,alignmentX=0.0,alignmentY=0.0,border=,flags=9,maximumSize=,minimumSize=,preferredSize=]
2014-05-13/13:21:19.647/CESTDEBUG south grid is: team.uninter.mordorq.gamespace.RoadGrid[,0,0,0x0,invalid,layout=java.awt.FlowLayout,alignmentX=0.0,alignmentY=0.0,border=,flags=9,maximumSize=,minimumSize=,preferredSize=]
2014-05-13/13:21:19.647/CESTDEBUG south grid is: team.uninter.mordorq.gamespace.RoadGrid[,0,0,0x0,invalid,layout=java.awt.FlowLayout,alignmentX=0.0,alignmentY=0.0,border=,flags=9,maximumSize=,minimumSize=,preferredSize=]
2014-05-13/13:21:19.647/CESTDEBUG south grid is: team.uninter.mordorq.gamespace.RoadGrid[,0,0,0x0,invalid,layout=java.awt.FlowLayout,alignmentX=0.0,alignmentY=0.0,border=,flags=9,maximumSize=,minimumSize=,preferredSize=]
2014-05-13/13:21:19.647/CESTDEBUG south grid is: team.uninter.mordorq.gamespace.RoadGrid[,0,0,0x0,invalid,layout=java.awt.FlowLayout,alignmentX=0.0,alignmentY=0.0,border=,flags=9,maximumSize=,minimumSize=,preferredSize=]
2014-05-13/13:21:19.647/CESTDEBUG south grid is: team.uninter.mordorq.gamespace.RoadGrid[,0,0,0x0,invalid,layout=java.awt.FlowLayout,alignmentX=0.0,alignmentY=0.0,border=,flags=9,maximumSize=,minimumSize=,preferredSize=]
2014-05-13/13:21:19.647/CESTDEBUG south grid is: team.uninter.mordorq.gamespace.RoadGrid[,0,0,0x0,invalid,layout=java.awt.FlowLayout,alignmentX=0.0,alignmentY=0.0,border=,flags=9,maximumSize=,minimumSize=,preferredSize=]
2014-05-13/13:21:19.648/CESTDEBUG south grid is: team.uninter.mordorq.gamespace.RoadGrid[,0,0,0x0,invalid,layout=java.awt.FlowLayout,alignmentX=0.0,alignmentY=0.0,border=,flags=9,maximumSize=,minimumSize=,preferredSize=]
2014-05-13/13:21:19.648/CESTDEBUG south grid is: team.uninter.mordorq.gamespace.RoadGrid[,0,0,0x0,invalid,layout=java.awt.FlowLayout,alignmentX=0.0,alignmentY=0.0,border=,flags=9,maximumSize=,minimumSize=,preferredSize=]
2014-05-13/13:21:19.648/CESTDEBUG south grid is: team.uninter.mordorq.gamespace.RoadGrid[,0,0,0x0,invalid,layout=java.awt.FlowLayout,alignmentX=0.0,alignmentY=0.0,border=,flags=9,maximumSize=,minimumSize=,preferredSize=]
2014-05-13/13:21:19.648/CESTDEBUG south grid is: team.uninter.mordorq.gamespace.RoadGrid[,0,0,0x0,invalid,layout=java.awt.FlowLayout,alignmentX=0.0,alignmentY=0.0,border=,flags=9,maximumSize=,minimumSize=,preferredSize=]
2014-05-13/13:21:19.648/CESTDEBUG enemy team.uninter.mordorq.gamespace.Elf[,0,0,0x0,invalid,layout=java.awt.FlowLayout,alignmentX=0.0,alignmentY=0.0,border=,flags=9,maximumSize=,minimumSize=,preferredSize=] was placed in PlaceWorker onto grid.u: 17 in depth of 32
2014-05-13/13:21:19.649/CESTDEBUG south grid is: team.uninter.mordorq.gamespace.RoadGrid[,0,0,0x0,invalid,layout=java.awt.FlowLayout,alignmentX=0.0,alignmentY=0.0,border=,flags=9,maximumSize=,minimumSize=,preferredSize=]
2014-05-13/13:21:19.652/CESTDEBUG enemy team.uninter.mordorq.gamespace.Elf[,0,0,0x0,invalid,layout=java.awt.FlowLayout,alignmentX=0.0,alignmentY=0.0,border=,flags=9,maximumSize=,minimumSize=,preferredSize=] was placed in PlaceWorker onto grid.u: 17 in depth of 33
2014-05-13/13:21:19.653/CESTDEBUG south grid is: team.uninter.mordorq.gamespace.RoadGrid[,0,0,0x0,invalid,layout=java.awt.FlowLayout,alignmentX=0.0,alignmentY=0.0,border=,flags=9,maximumSize=,minimumSize=,preferredSize=]
2014-05-13/13:21:19.653/CESTDEBUG enemy team.uninter.mordorq.gamespace.Elf[,0,0,0x0,invalid,layout=java.awt.FlowLayout,alignmentX=0.0,alignmentY=0.0,border=,flags=9,maximumSize=,minimumSize=,preferredSize=] was placed in PlaceWorker onto grid.u: 18 in depth of 34
2014-05-13/13:21:19.653/CESTDEBUG south grid is: team.uninter.mordorq.gamespace.RoadGrid[,0,0,0x0,invalid,layout=java.awt.FlowLayout,alignmentX=0.0,alignmentY=0.0,border=,flags=9,maximumSize=,minimumSize=,preferredSize=]
2014-05-13/13:21:19.653/CESTDEBUG enemy team.uninter.mordorq.gamespace.Elf[,0,0,0x0,invalid,layout=java.awt.FlowLayout,alignmentX=0.0,alignmentY=0.0,border=,flags=9,maximumSize=,minimumSize=,preferredSize=] was placed in PlaceWorker onto grid.u: 18 in depth of 35
2014-05-13/13:21:19.653/CESTDEBUG south grid is: team.uninter.mordorq.gamespace.RoadGrid[,0,0,0x0,invalid,layout=java.awt.FlowLayout,alignmentX=0.0,alignmentY=0.0,border=,flags=9,maximumSize=,minimumSize=,preferredSize=]
2014-05-13/13:21:19.654/CESTDEBUG enemy team.uninter.mordorq.gamespace.Elf[,0,0,0x0,invalid,layout=java.awt.FlowLayout,alignmentX=0.0,alignmentY=0.0,border=,flags=9,maximumSize=,minimumSize=,preferredSize=] was placed in PlaceWorker onto grid.u: 19 in depth of 36
2014-05-13/13:21:19.654/CESTDEBUG south grid is: team.uninter.mordorq.gamespace.RoadGrid[,0,0,0x0,invalid,layout=java.awt.FlowLayout,alignmentX=0.0,alignmentY=0.0,border=,flags=9,maximumSize=,minimumSize=,preferredSize=]
2014-05-13/13:21:19.654/CESTDEBUG enemy team.uninter.mordorq.gamespace.Elf[,0,0,0x0,invalid,layout=java.awt.FlowLayout,alignmentX=0.0,alignmentY=0.0,border=,flags=9,maximumSize=,minimumSize=,preferredSize=] was placed in PlaceWorker onto grid.u: 19 in depth of 37
2014-05-13/13:21:19.654/CESTDEBUG south grid is: team.uninter.mordorq.gamespace.RoadGrid[,0,0,0x0,invalid,layout=java.awt.FlowLayout,alignmentX=0.0,alignmentY=0.0,border=,flags=9,maximumSize=,minimumSize=,preferredSize=]
2014-05-13/13:21:19.654/CESTDEBUG enemy team.uninter.mordorq.gamespace.Elf[,0,0,0x0,invalid,layout=java.awt.FlowLayout,alignmentX=0.0,alignmentY=0.0,border=,flags=9,maximumSize=,minimumSize=,preferredSize=] was placed in PlaceWorker onto grid.u: 2 in depth of 38
2014-05-13/13:21:19.655/CESTDEBUG south grid is: team.uninter.mordorq.gamespace.RoadGrid[,0,0,0x0,invalid,layout=java.awt.FlowLayout,alignmentX=0.0,alignmentY=0.0,border=,flags=9,maximumSize=,minimumSize=,preferredSize=]
2014-05-13/13:21:19.655/CESTDEBUG enemy team.uninter.mordorq.gamespace.Elf[,0,0,0x0,invalid,layout=java.awt.FlowLayout,alignmentX=0.0,alignmentY=0.0,border=,flags=9,maximumSize=,minimumSize=,preferredSize=] was placed in PlaceWorker onto grid.u: 1 in depth of 39
2014-05-13/13:21:20.620/CESTDEBUG starting round 4 for scene
