2014-05-13/17:49:00.735/CESTDEBUGin Rune.canCastOn for DamageBoosterTowerRune
2014-05-13/17:49:00.736/CESTDEBUGRune.canCastOn returns false for DamageBoosterTowerRune in [else]
2014-05-13/17:49:00.738/CESTDEBUGin Rune.canCastOn for DamageBoosterTowerRune
2014-05-13/17:49:00.738/CESTDEBUGRune.canCastOn returns false for DamageBoosterTowerRune in [else]
2014-05-13/17:49:00.747/CESTDEBUGin Rune.canCastOn for DamageBoosterTowerRune
2014-05-13/17:49:00.748/CESTDEBUGRune.canCastOn returns false for DamageBoosterTowerRune in [else]
2014-05-13/17:49:00.748/CESTDEBUGin Rune.canCastOn for DamageBoosterTowerRune
2014-05-13/17:49:00.748/CESTDEBUGRune.canCastOn returns false for DamageBoosterTowerRune in [else]
2014-05-13/17:49:00.764/CESTDEBUGin Rune.canCastOn for DamageBoosterTowerRune
2014-05-13/17:49:00.764/CESTDEBUGRune.canCastOn returns false for DamageBoosterTowerRune in [else]
2014-05-13/17:49:00.771/CESTDEBUGin Rune.canCastOn for DamageBoosterTowerRune
2014-05-13/17:49:00.772/CESTDEBUGRune.canCastOn returns false for DamageBoosterTowerRune in [else]
2014-05-13/17:49:00.772/CESTDEBUGin Rune.canCastOn for DamageBoosterTowerRune
2014-05-13/17:49:00.773/CESTDEBUGRune.canCastOn returns false for DamageBoosterTowerRune in [else]
2014-05-13/17:49:00.778/CESTDEBUGin Rune.canCastOn for DamageBoosterTowerRune
2014-05-13/17:49:00.780/CESTDEBUGRune.canCastOn returns false for DamageBoosterTowerRune in [else]
2014-05-13/17:49:00.789/CESTDEBUGin Rune.canCastOn for DamageBoosterTowerRune
2014-05-13/17:49:00.789/CESTDEBUGRune.canCastOn returns false for DamageBoosterTowerRune in [else]
2014-05-13/17:49:00.797/CESTDEBUGin Rune.canCastOn for DamageBoosterTowerRune
2014-05-13/17:49:00.798/CESTDEBUGRune.canCastOn returns false for DamageBoosterTowerRune in [else]
2014-05-13/17:49:00.799/CESTDEBUGin Rune.canCastOn for DamageBoosterTowerRune
2014-05-13/17:49:00.799/CESTDEBUGRune.canCastOn returns false for DamageBoosterTowerRune in [else]
2014-05-13/17:49:00.807/CESTDEBUGin Rune.canCastOn for DamageBoosterTowerRune
2014-05-13/17:49:00.808/CESTDEBUGRune.canCastOn returns false for DamageBoosterTowerRune in [else]
2014-05-13/17:49:00.817/CESTDEBUGin Rune.canCastOn for DamageBoosterTowerRune
2014-05-13/17:49:00.817/CESTDEBUGRune.canCastOn returns false for DamageBoosterTowerRune in [else]
2014-05-13/17:49:00.827/CESTDEBUGin Rune.canCastOn for DamageBoosterTowerRune
2014-05-13/17:49:00.828/CESTDEBUGRune.canCastOn returns false for DamageBoosterTowerRune in [else]
2014-05-13/17:49:00.835/CESTDEBUGin Rune.canCastOn for DamageBoosterTowerRune
2014-05-13/17:49:00.836/CESTDEBUGRune.canCastOn returns false for DamageBoosterTowerRune in [else]
2014-05-13/17:49:00.836/CESTDEBUGin Rune.canCastOn for DamageBoosterTowerRune
2014-05-13/17:49:00.836/CESTDEBUGRune.canCastOn GroundGrid returns true for DamageBoosterTowerRune
2014-05-13/17:49:00.842/CESTDEBUGin Rune.canCastOn for DamageBoosterTowerRune
2014-05-13/17:49:00.842/CESTDEBUGRune.canCastOn returns false for DamageBoosterTowerRune in [else]
2014-05-13/17:49:00.851/CESTDEBUGin Rune.canCastOn for DamageBoosterTowerRune
2014-05-13/17:49:00.852/CESTDEBUGRune.canCastOn returns false for DamageBoosterTowerRune in [else]
2014-05-13/17:49:00.852/CESTDEBUGin Rune.canCastOn for DamageBoosterTowerRune
2014-05-13/17:49:00.852/CESTDEBUGRune.canCastOn returns false for DamageBoosterTowerRune in [else]
2014-05-13/17:49:00.862/CESTDEBUGin Rune.canCastOn for DamageBoosterTowerRune
2014-05-13/17:49:00.864/CESTDEBUGRune.canCastOn returns false for DamageBoosterTowerRune in [else]
2014-05-13/17:49:00.871/CESTDEBUGin Rune.canCastOn for DamageBoosterTowerRune
2014-05-13/17:49:00.873/CESTDEBUGRune.canCastOn returns false for DamageBoosterTowerRune in [else]
2014-05-13/17:49:00.873/CESTDEBUGin Rune.canCastOn for DamageBoosterTowerRune
2014-05-13/17:49:00.873/CESTDEBUGRune.canCastOn returns false for DamageBoosterTowerRune in [else]
2014-05-13/17:49:00.881/CESTDEBUGin Rune.canCastOn for DamageBoosterTowerRune
2014-05-13/17:49:00.882/CESTDEBUGRune.canCastOn returns false for DamageBoosterTowerRune in [else]
2014-05-13/17:49:00.883/CESTDEBUGin Rune.canCastOn for DamageBoosterTowerRune
2014-05-13/17:49:00.897/CESTDEBUGRune.canCastOn returns false for DamageBoosterTowerRune in [else]
2014-05-13/17:49:00.906/CESTDEBUGin Rune.canCastOn for DamageBoosterTowerRune
2014-05-13/17:49:00.906/CESTDEBUGRune.canCastOn returns false for DamageBoosterTowerRune in [else]
2014-05-13/17:49:00.913/CESTDEBUGin Rune.canCastOn for DamageBoosterTowerRune
2014-05-13/17:49:00.914/CESTDEBUGRune.canCastOn returns false for DamageBoosterTowerRune in [else]
2014-05-13/17:49:00.923/CESTDEBUGin Rune.canCastOn for DamageBoosterTowerRune
2014-05-13/17:49:00.923/CESTDEBUGRune.canCastOn returns false for DamageBoosterTowerRune in [else]
2014-05-13/17:49:00.932/CESTDEBUGin Rune.canCastOn for DamageBoosterTowerRune
2014-05-13/17:49:00.932/CESTDEBUGRune.canCastOn returns false for DamageBoosterTowerRune in [else]
2014-05-13/17:49:00.939/CESTDEBUGin Rune.canCastOn for DamageBoosterTowerRune
2014-05-13/17:49:00.939/CESTDEBUGRune.canCastOn returns false for DamageBoosterTowerRune in [else]
2014-05-13/17:49:00.945/CESTDEBUGin Rune.canCastOn for DamageBoosterTowerRune
2014-05-13/17:49:00.945/CESTDEBUGRune.canCastOn returns false for DamageBoosterTowerRune in [else]
2014-05-13/17:49:00.955/CESTDEBUGin Rune.canCastOn for DamageBoosterTowerRune
2014-05-13/17:49:00.955/CESTDEBUGRune.canCastOn returns false for DamageBoosterTowerRune in [else]
2014-05-13/17:49:00.963/CESTDEBUGin Rune.canCastOn for DamageBoosterTowerRune
2014-05-13/17:49:00.963/CESTDEBUGRune.canCastOn returns false for DamageBoosterTowerRune in [else]
2014-05-13/17:49:00.971/CESTDEBUGin Rune.canCastOn for DamageBoosterTowerRune
2014-05-13/17:49:00.972/CESTDEBUGRune.canCastOn returns false for DamageBoosterTowerRune in [else]
2014-05-13/17:49:00.980/CESTDEBUGin Rune.canCastOn for DamageBoosterTowerRune
2014-05-13/17:49:00.980/CESTDEBUGRune.canCastOn returns false for DamageBoosterTowerRune in [else]
2014-05-13/17:49:01.058/CESTDEBUGin Rune.canCastOn for DamageBoosterTowerRune
2014-05-13/17:49:01.058/CESTDEBUGRune.canCastOn returns false for DamageBoosterTowerRune in [else]
2014-05-13/17:49:01.064/CESTDEBUGin Rune.canCastOn for DamageBoosterTowerRune
2014-05-13/17:49:01.065/CESTDEBUGRune.canCastOn returns false for DamageBoosterTowerRune in [else]
2014-05-13/17:49:01.071/CESTDEBUGin Rune.canCastOn for DamageBoosterTowerRune
2014-05-13/17:49:01.071/CESTDEBUGRune.canCastOn returns false for DamageBoosterTowerRune in [else]
2014-05-13/17:49:01.077/CESTDEBUGin Rune.canCastOn for DamageBoosterTowerRune
2014-05-13/17:49:01.077/CESTDEBUGRune.canCastOn returns false for DamageBoosterTowerRune in [else]
2014-05-13/17:49:01.087/CESTDEBUGin Rune.canCastOn for DamageBoosterTowerRune
2014-05-13/17:49:01.087/CESTDEBUGRune.canCastOn returns false for DamageBoosterTowerRune in [else]
2014-05-13/17:49:01.093/CESTDEBUGin Rune.canCastOn for DamageBoosterTowerRune
2014-05-13/17:49:01.093/CESTDEBUGRune.canCastOn returns false for DamageBoosterTowerRune in [else]
2014-05-13/17:49:01.099/CESTDEBUGin Rune.canCastOn for DamageBoosterTowerRune
2014-05-13/17:49:01.099/CESTDEBUGRune.canCastOn returns false for DamageBoosterTowerRune in [else]
2014-05-13/17:49:01.105/CESTDEBUGin Rune.canCastOn for DamageBoosterTowerRune
2014-05-13/17:49:01.106/CESTDEBUGRune.canCastOn returns false for DamageBoosterTowerRune in [else]
2014-05-13/17:49:01.113/CESTDEBUGin Rune.canCastOn for DamageBoosterTowerRune
2014-05-13/17:49:01.113/CESTDEBUGRune.canCastOn returns false for DamageBoosterTowerRune in [else]
2014-05-13/17:49:01.123/CESTDEBUGin Rune.canCastOn for DamageBoosterTowerRune
2014-05-13/17:49:01.124/CESTDEBUGRune.canCastOn returns false for DamageBoosterTowerRune in [else]
2014-05-13/17:49:01.132/CESTDEBUGin Rune.canCastOn for DamageBoosterTowerRune
2014-05-13/17:49:01.133/CESTDEBUGRune.canCastOn returns false for DamageBoosterTowerRune in [else]
2014-05-13/17:49:01.133/CESTDEBUGin Rune.canCastOn for DamageBoosterTowerRune
2014-05-13/17:49:01.133/CESTDEBUGRune.canCastOn returns false for DamageBoosterTowerRune in [else]
2014-05-13/17:49:01.144/CESTDEBUGin Rune.canCastOn for DamageBoosterTowerRune
2014-05-13/17:49:01.144/CESTDEBUGRune.canCastOn returns false for DamageBoosterTowerRune in [else]
2014-05-13/17:49:01.154/CESTDEBUGin Rune.canCastOn for DamageBoosterTowerRune
2014-05-13/17:49:01.154/CESTDEBUGRune.canCastOn returns false for DamageBoosterTowerRune in [else]
2014-05-13/17:49:01.162/CESTDEBUGin Rune.canCastOn for DamageBoosterTowerRune
2014-05-13/17:49:01.163/CESTDEBUGRune.canCastOn returns false for DamageBoosterTowerRune in [else]
2014-05-13/17:49:01.171/CESTDEBUGin Rune.canCastOn for DamageBoosterTowerRune
2014-05-13/17:49:01.172/CESTDEBUGRune.canCastOn returns false for DamageBoosterTowerRune in [else]
2014-05-13/17:49:01.182/CESTDEBUGin Rune.canCastOn for DamageBoosterTowerRune
2014-05-13/17:49:01.183/CESTDEBUGRune.canCastOn returns false for DamageBoosterTowerRune in [else]
2014-05-13/17:49:01.184/CESTDEBUGin Rune.canCastOn for DamageBoosterTowerRune
2014-05-13/17:49:01.184/CESTDEBUGRune.canCastOn returns false for DamageBoosterTowerRune in [else]
2014-05-13/17:49:01.198/CESTDEBUGin Rune.canCastOn for DamageBoosterTowerRune
2014-05-13/17:49:01.199/CESTDEBUGRune.canCastOn returns false for DamageBoosterTowerRune in [else]
2014-05-13/17:49:01.208/CESTDEBUGin Rune.canCastOn for DamageBoosterTowerRune
2014-05-13/17:49:01.209/CESTDEBUGRune.canCastOn returns false for DamageBoosterTowerRune in [else]
2014-05-13/17:49:01.209/CESTDEBUGin Rune.canCastOn for DamageBoosterTowerRune
2014-05-13/17:49:01.209/CESTDEBUGRune.canCastOn returns false for DamageBoosterTowerRune in [else]
2014-05-13/17:49:01.216/CESTDEBUGin Rune.canCastOn for DamageBoosterTowerRune
2014-05-13/17:49:01.216/CESTDEBUGRune.canCastOn returns false for DamageBoosterTowerRune in [else]
2014-05-13/17:49:01.222/CESTDEBUGin Rune.canCastOn for DamageBoosterTowerRune
2014-05-13/17:49:01.223/CESTDEBUGRune.canCastOn returns false for DamageBoosterTowerRune in [else]
2014-05-13/17:49:01.231/CESTDEBUGin Rune.canCastOn for DamageBoosterTowerRune
2014-05-13/17:49:01.231/CESTDEBUGRune.canCastOn returns false for DamageBoosterTowerRune in [else]
2014-05-13/17:49:01.238/CESTDEBUGin Rune.canCastOn for DamageBoosterTowerRune
2014-05-13/17:49:01.239/CESTDEBUGRune.canCastOn GroundGrid returns true for DamageBoosterTowerRune
2014-05-13/17:49:01.245/CESTDEBUGin Rune.canCastOn for DamageBoosterTowerRune
2014-05-13/17:49:01.245/CESTDEBUGRune.canCastOn GroundGrid returns true for DamageBoosterTowerRune
2014-05-13/17:49:01.253/CESTDEBUGin Rune.canCastOn for DamageBoosterTowerRune
2014-05-13/17:49:01.253/CESTDEBUGRune.canCastOn GroundGrid returns true for DamageBoosterTowerRune
2014-05-13/17:49:01.343/CESTDEBUGin Rune.canCastOn for DamageBoosterTowerRune
2014-05-13/17:49:01.343/CESTDEBUGRune.canCastOn GroundGrid returns true for DamageBoosterTowerRune
2014-05-13/17:49:01.352/CESTDEBUGin Rune.canCastOn for DamageBoosterTowerRune
2014-05-13/17:49:01.353/CESTDEBUGRune.canCastOn GroundGrid returns true for DamageBoosterTowerRune
2014-05-13/17:49:01.362/CESTDEBUGin Rune.canCastOn for DamageBoosterTowerRune
2014-05-13/17:49:01.363/CESTDEBUGRune.canCastOn GroundGrid returns true for DamageBoosterTowerRune
2014-05-13/17:49:01.371/CESTDEBUGin Rune.canCastOn for DamageBoosterTowerRune
2014-05-13/17:49:01.372/CESTDEBUGRune.canCastOn GroundGrid returns true for DamageBoosterTowerRune
2014-05-13/17:49:01.382/CESTDEBUGin Rune.canCastOn for DamageBoosterTowerRune
2014-05-13/17:49:01.382/CESTDEBUGRune.canCastOn GroundGrid returns true for DamageBoosterTowerRune
2014-05-13/17:49:01.390/CESTDEBUGin Rune.canCastOn for DamageBoosterTowerRune
2014-05-13/17:49:01.390/CESTDEBUGRune.canCastOn GroundGrid returns true for DamageBoosterTowerRune
2014-05-13/17:49:01.399/CESTDEBUGin Rune.canCastOn for DamageBoosterTowerRune
2014-05-13/17:49:01.399/CESTDEBUGRune.canCastOn GroundGrid returns true for DamageBoosterTowerRune
2014-05-13/17:49:01.406/CESTDEBUGin Rune.canCastOn for DamageBoosterTowerRune
2014-05-13/17:49:01.407/CESTDEBUGRune.canCastOn GroundGrid returns true for DamageBoosterTowerRune
2014-05-13/17:49:01.535/CESTDEBUGin Rune.canCastOn for DamageBoosterTowerRune
2014-05-13/17:49:01.536/CESTDEBUGRune.canCastOn GroundGrid returns true for DamageBoosterTowerRune
2014-05-13/17:49:01.562/CESTDEBUGin Rune.canCastOn for DamageBoosterTowerRune
2014-05-13/17:49:01.563/CESTDEBUGRune.canCastOn GroundGrid returns true for DamageBoosterTowerRune
2014-05-13/17:49:01.593/CESTDEBUGin Rune.canCastOn for DamageBoosterTowerRune
2014-05-13/17:49:01.593/CESTDEBUGRune.canCastOn GroundGrid returns true for DamageBoosterTowerRune
2014-05-13/17:49:01.640/CESTDEBUGin Rune.canCastOn for DamageBoosterTowerRune
2014-05-13/17:49:01.640/CESTDEBUGRune.canCastOn GroundGrid returns true for DamageBoosterTowerRune
2014-05-13/17:49:01.821/CESTDEBUGin Rune.canCastOn for DamageBoosterTowerRune
2014-05-13/17:49:01.821/CESTDEBUGRune.canCastOn GroundGrid returns true for DamageBoosterTowerRune
2014-05-13/17:49:01.837/CESTDEBUGin Rune.castOn GroundGrid for DamageBoosterTowerRune
2014-05-13/17:49:01.838/CESTDEBUGgrid GroundGrid injected DamageBoosterTowerRune
2014-05-13/17:49:01.838/CESTDEBUGon GroundGrid injectionTarget was null: false
2014-05-13/18:11:30.777/CESTDEBUGin Rune.castOn RoadGrid for WeakenTrapRune
2014-05-13/18:11:30.792/CESTDEBUGgrid RoadGrid injected WeakenTrapRune
2014-05-13/18:11:30.792/CESTDEBUGon RoadGrid injectionTarget was null: false
2014-05-13/18:11:33.035/CESTDEBUGin Rune.castOn RoadGrid for WeakenTrapRune
2014-05-13/18:11:33.036/CESTDEBUGgrid RoadGrid injected WeakenTrapRune
2014-05-13/18:11:33.036/CESTDEBUGon RoadGrid injectionTarget was null: false
2014-05-13/18:11:35.324/CESTDEBUGin Rune.castOn RoadGrid for PoisonTrapRune
2014-05-13/18:11:35.325/CESTDEBUGgrid RoadGrid injected PoisonTrapRune
2014-05-13/18:11:35.329/CESTDEBUGon RoadGrid injectionTarget was null: false
2014-05-13/18:11:41.423/CESTDEBUGin Rune.castOn RoadGrid for PoisonTrapRune
2014-05-13/18:11:41.425/CESTDEBUGgrid RoadGrid injected PoisonTrapRune
2014-05-13/18:11:41.425/CESTDEBUGon RoadGrid injectionTarget was null: false
2014-05-13/18:11:44.384/CESTDEBUGin Rune.castOn RoadGrid for PoisonTrapRune
2014-05-13/18:11:44.385/CESTDEBUGgrid RoadGrid injected PoisonTrapRune
2014-05-13/18:11:44.385/CESTDEBUGon RoadGrid injectionTarget was null: false
2014-05-13/18:11:47.683/CESTDEBUGin Rune.castOn RoadGrid for PoisonTrapRune
2014-05-13/18:11:47.683/CESTDEBUGgrid RoadGrid injected PoisonTrapRune
2014-05-13/18:11:47.684/CESTDEBUGon RoadGrid injectionTarget was null: false
2014-05-13/18:11:49.128/CESTDEBUGin Rune.canCastOn for RadiusIncTowerRune
2014-05-13/18:11:49.128/CESTDEBUGRune.canCastOn returns false for RadiusIncTowerRune in [else]
2014-05-13/18:11:49.137/CESTDEBUGin Rune.canCastOn for RadiusIncTowerRune
2014-05-13/18:11:49.138/CESTDEBUGRune.canCastOn returns false for RadiusIncTowerRune in [else]
2014-05-13/18:11:49.138/CESTDEBUGin Rune.canCastOn for RadiusIncTowerRune
2014-05-13/18:11:49.139/CESTDEBUGRune.canCastOn returns false for RadiusIncTowerRune in [else]
2014-05-13/18:11:49.148/CESTDEBUGin Rune.canCastOn for RadiusIncTowerRune
2014-05-13/18:11:49.149/CESTDEBUGRune.canCastOn returns false for RadiusIncTowerRune in [else]
2014-05-13/18:11:49.156/CESTDEBUGin Rune.canCastOn for RadiusIncTowerRune
2014-05-13/18:11:49.156/CESTDEBUGRune.canCastOn returns false for RadiusIncTowerRune in [else]
2014-05-13/18:11:49.163/CESTDEBUGin Rune.canCastOn for RadiusIncTowerRune
2014-05-13/18:11:49.163/CESTDEBUGRune.canCastOn returns false for RadiusIncTowerRune in [else]
2014-05-13/18:11:49.170/CESTDEBUGin Rune.canCastOn for RadiusIncTowerRune
2014-05-13/18:11:49.170/CESTDEBUGRune.canCastOn returns false for RadiusIncTowerRune in [else]
2014-05-13/18:11:49.176/CESTDEBUGin Rune.canCastOn for RadiusIncTowerRune
2014-05-13/18:11:49.177/CESTDEBUGRune.canCastOn returns false for RadiusIncTowerRune in [else]
2014-05-13/18:11:49.188/CESTDEBUGin Rune.canCastOn for RadiusIncTowerRune
2014-05-13/18:11:49.188/CESTDEBUGRune.canCastOn returns false for RadiusIncTowerRune in [else]
2014-05-13/18:11:49.390/CESTDEBUGin Rune.canCastOn for RadiusIncTowerRune
2014-05-13/18:11:49.390/CESTDEBUGRune.canCastOn returns false for RadiusIncTowerRune in [else]
2014-05-13/18:11:49.397/CESTDEBUGin Rune.canCastOn for RadiusIncTowerRune
2014-05-13/18:11:49.411/CESTDEBUGRune.canCastOn returns false for RadiusIncTowerRune in [else]
2014-05-13/18:11:49.411/CESTDEBUGin Rune.canCastOn for RadiusIncTowerRune
2014-05-13/18:11:49.411/CESTDEBUGRune.canCastOn returns false for RadiusIncTowerRune in [else]
2014-05-13/18:11:49.419/CESTDEBUGin Rune.canCastOn for RadiusIncTowerRune
2014-05-13/18:11:49.420/CESTDEBUGRune.canCastOn returns false for RadiusIncTowerRune in [else]
2014-05-13/18:11:49.425/CESTDEBUGin Rune.canCastOn for RadiusIncTowerRune
2014-05-13/18:11:49.426/CESTDEBUGRune.canCastOn returns false for RadiusIncTowerRune in [else]
2014-05-13/18:11:49.434/CESTDEBUGin Rune.canCastOn for RadiusIncTowerRune
2014-05-13/18:11:49.434/CESTDEBUGRune.canCastOn returns false for RadiusIncTowerRune in [else]
2014-05-13/18:11:49.435/CESTDEBUGin Rune.canCastOn for RadiusIncTowerRune
2014-05-13/18:11:49.435/CESTDEBUGRune.canCastOn returns false for RadiusIncTowerRune in [else]
2014-05-13/18:11:49.442/CESTDEBUGin Rune.canCastOn for RadiusIncTowerRune
2014-05-13/18:11:49.443/CESTDEBUGRune.canCastOn returns false for RadiusIncTowerRune in [else]
2014-05-13/18:11:49.452/CESTDEBUGin Rune.canCastOn for RadiusIncTowerRune
2014-05-13/18:11:49.452/CESTDEBUGRune.canCastOn returns false for RadiusIncTowerRune in [else]
2014-05-13/18:11:49.458/CESTDEBUGin Rune.canCastOn for RadiusIncTowerRune
2014-05-13/18:11:49.458/CESTDEBUGRune.canCastOn returns false for RadiusIncTowerRune in [else]
2014-05-13/18:11:49.465/CESTDEBUGin Rune.canCastOn for RadiusIncTowerRune
2014-05-13/18:11:49.465/CESTDEBUGRune.canCastOn returns false for RadiusIncTowerRune in [else]
2014-05-13/18:11:49.472/CESTDEBUGin Rune.canCastOn for RadiusIncTowerRune
2014-05-13/18:11:49.473/CESTDEBUGRune.canCastOn returns false for RadiusIncTowerRune in [else]
2014-05-13/18:11:49.479/CESTDEBUGin Rune.canCastOn for RadiusIncTowerRune
2014-05-13/18:11:49.480/CESTDEBUGRune.canCastOn returns false for RadiusIncTowerRune in [else]
2014-05-13/18:11:49.486/CESTDEBUGin Rune.canCastOn for RadiusIncTowerRune
2014-05-13/18:11:49.487/CESTDEBUGRune.canCastOn returns false for RadiusIncTowerRune in [else]
2014-05-13/18:11:49.532/CESTDEBUGin Rune.canCastOn for RadiusIncTowerRune
2014-05-13/18:11:49.532/CESTDEBUGRune.canCastOn returns false for RadiusIncTowerRune in [else]
2014-05-13/18:11:49.539/CESTDEBUGin Rune.canCastOn for RadiusIncTowerRune
2014-05-13/18:11:49.539/CESTDEBUGRune.canCastOn returns false for RadiusIncTowerRune in [else]
2014-05-13/18:11:49.545/CESTDEBUGin Rune.canCastOn for RadiusIncTowerRune
2014-05-13/18:11:49.546/CESTDEBUGRune.canCastOn returns false for RadiusIncTowerRune in [else]
2014-05-13/18:11:49.554/CESTDEBUGin Rune.canCastOn for RadiusIncTowerRune
2014-05-13/18:11:49.554/CESTDEBUGRune.canCastOn returns false for RadiusIncTowerRune in [else]
2014-05-13/18:11:49.564/CESTDEBUGin Rune.canCastOn for RadiusIncTowerRune
2014-05-13/18:11:49.566/CESTDEBUGRune.canCastOn returns false for RadiusIncTowerRune in [else]
2014-05-13/18:11:49.566/CESTDEBUGin Rune.canCastOn for RadiusIncTowerRune
2014-05-13/18:11:49.566/CESTDEBUGRune.canCastOn returns false for RadiusIncTowerRune in [else]
2014-05-13/18:11:49.574/CESTDEBUGin Rune.canCastOn for RadiusIncTowerRune
2014-05-13/18:11:49.575/CESTDEBUGRune.canCastOn returns false for RadiusIncTowerRune in [else]
2014-05-13/18:11:49.576/CESTDEBUGin Rune.canCastOn for RadiusIncTowerRune
2014-05-13/18:11:49.576/CESTDEBUGRune.canCastOn returns false for RadiusIncTowerRune in [else]
2014-05-13/18:11:49.588/CESTDEBUGin Rune.canCastOn for RadiusIncTowerRune
2014-05-13/18:11:49.588/CESTDEBUGRune.canCastOn returns false for RadiusIncTowerRune in [else]
2014-05-13/18:11:49.596/CESTDEBUGin Rune.canCastOn for RadiusIncTowerRune
2014-05-13/18:11:49.597/CESTDEBUGRune.canCastOn returns false for RadiusIncTowerRune in [else]
2014-05-13/18:11:49.604/CESTDEBUGin Rune.canCastOn for RadiusIncTowerRune
2014-05-13/18:11:49.605/CESTDEBUGRune.canCastOn returns false for RadiusIncTowerRune in [else]
2014-05-13/18:11:49.612/CESTDEBUGin Rune.canCastOn for RadiusIncTowerRune
2014-05-13/18:11:49.613/CESTDEBUGRune.canCastOn returns false for RadiusIncTowerRune in [else]
2014-05-13/18:11:49.630/CESTDEBUGin Rune.canCastOn for RadiusIncTowerRune
2014-05-13/18:11:49.630/CESTDEBUGRune.canCastOn returns false for RadiusIncTowerRune in [else]
2014-05-13/18:11:49.636/CESTDEBUGin Rune.canCastOn for RadiusIncTowerRune
2014-05-13/18:11:49.637/CESTDEBUGRune.canCastOn returns false for RadiusIncTowerRune in [else]
2014-05-13/18:11:49.643/CESTDEBUGin Rune.canCastOn for RadiusIncTowerRune
2014-05-13/18:11:49.643/CESTDEBUGRune.canCastOn returns false for RadiusIncTowerRune in [else]
2014-05-13/18:11:49.652/CESTDEBUGin Rune.canCastOn for RadiusIncTowerRune
2014-05-13/18:11:49.652/CESTDEBUGRune.canCastOn returns false for RadiusIncTowerRune in [else]
2014-05-13/18:11:49.660/CESTDEBUGin Rune.canCastOn for RadiusIncTowerRune
2014-05-13/18:11:49.660/CESTDEBUGRune.canCastOn returns false for RadiusIncTowerRune in [else]
2014-05-13/18:11:49.668/CESTDEBUGin Rune.canCastOn for RadiusIncTowerRune
2014-05-13/18:11:49.668/CESTDEBUGRune.canCastOn returns false for RadiusIncTowerRune in [else]
2014-05-13/18:11:49.676/CESTDEBUGin Rune.canCastOn for RadiusIncTowerRune
2014-05-13/18:11:49.676/CESTDEBUGRune.canCastOn returns false for RadiusIncTowerRune in [else]
2014-05-13/18:11:49.685/CESTDEBUGin Rune.canCastOn for RadiusIncTowerRune
2014-05-13/18:11:49.685/CESTDEBUGRune.canCastOn returns false for RadiusIncTowerRune in [else]
2014-05-13/18:11:49.694/CESTDEBUGin Rune.canCastOn for RadiusIncTowerRune
2014-05-13/18:11:49.694/CESTDEBUGRune.canCastOn GroundGrid returns true for RadiusIncTowerRune
2014-05-13/18:11:49.701/CESTDEBUGin Rune.canCastOn for RadiusIncTowerRune
2014-05-13/18:11:49.701/CESTDEBUGRune.canCastOn GroundGrid returns true for RadiusIncTowerRune
2014-05-13/18:11:49.707/CESTDEBUGin Rune.canCastOn for RadiusIncTowerRune
2014-05-13/18:11:49.707/CESTDEBUGRune.canCastOn GroundGrid returns true for RadiusIncTowerRune
2014-05-13/18:11:49.892/CESTDEBUGin Rune.canCastOn for RadiusIncTowerRune
2014-05-13/18:11:49.893/CESTDEBUGRune.canCastOn GroundGrid returns true for RadiusIncTowerRune
2014-05-13/18:11:49.900/CESTDEBUGin Rune.canCastOn for RadiusIncTowerRune
2014-05-13/18:11:49.901/CESTDEBUGRune.canCastOn GroundGrid returns true for RadiusIncTowerRune
2014-05-13/18:11:49.901/CESTDEBUGin Rune.canCastOn for RadiusIncTowerRune
2014-05-13/18:11:49.902/CESTDEBUGRune.canCastOn GroundGrid returns true for RadiusIncTowerRune
2014-05-13/18:11:49.910/CESTDEBUGin Rune.canCastOn for RadiusIncTowerRune
2014-05-13/18:11:49.911/CESTDEBUGRune.canCastOn GroundGrid returns true for RadiusIncTowerRune
2014-05-13/18:11:49.919/CESTDEBUGin Rune.canCastOn for RadiusIncTowerRune
2014-05-13/18:11:49.919/CESTDEBUGRune.canCastOn GroundGrid returns true for RadiusIncTowerRune
2014-05-13/18:11:49.926/CESTDEBUGin Rune.canCastOn for RadiusIncTowerRune
2014-05-13/18:11:49.927/CESTDEBUGRune.canCastOn GroundGrid returns true for RadiusIncTowerRune
2014-05-13/18:11:49.933/CESTDEBUGin Rune.canCastOn for RadiusIncTowerRune
2014-05-13/18:11:49.934/CESTDEBUGRune.canCastOn GroundGrid returns true for RadiusIncTowerRune
2014-05-13/18:11:49.939/CESTDEBUGin Rune.canCastOn for RadiusIncTowerRune
2014-05-13/18:11:49.941/CESTDEBUGRune.canCastOn GroundGrid returns true for RadiusIncTowerRune
2014-05-13/18:11:49.947/CESTDEBUGin Rune.canCastOn for RadiusIncTowerRune
2014-05-13/18:11:49.948/CESTDEBUGRune.canCastOn GroundGrid returns true for RadiusIncTowerRune
2014-05-13/18:11:49.956/CESTDEBUGin Rune.canCastOn for RadiusIncTowerRune
2014-05-13/18:11:49.956/CESTDEBUGRune.canCastOn GroundGrid returns true for RadiusIncTowerRune
2014-05-13/18:11:49.963/CESTDEBUGin Rune.canCastOn for RadiusIncTowerRune
2014-05-13/18:11:49.964/CESTDEBUGRune.canCastOn GroundGrid returns true for RadiusIncTowerRune
2014-05-13/18:11:49.964/CESTDEBUGin Rune.canCastOn for RadiusIncTowerRune
2014-05-13/18:11:49.964/CESTDEBUGRune.canCastOn GroundGrid returns true for RadiusIncTowerRune
2014-05-13/18:11:49.971/CESTDEBUGin Rune.canCastOn for RadiusIncTowerRune
2014-05-13/18:11:49.972/CESTDEBUGRune.canCastOn returns false for RadiusIncTowerRune in [else]
2014-05-13/18:11:49.982/CESTDEBUGin Rune.canCastOn for RadiusIncTowerRune
2014-05-13/18:11:49.982/CESTDEBUGRune.canCastOn returns false for RadiusIncTowerRune in [else]
2014-05-13/18:11:49.990/CESTDEBUGin Rune.canCastOn for RadiusIncTowerRune
2014-05-13/18:11:49.990/CESTDEBUGRune.canCastOn returns false for RadiusIncTowerRune in [else]
2014-05-13/18:11:49.999/CESTDEBUGin Rune.canCastOn for RadiusIncTowerRune
2014-05-13/18:11:49.999/CESTDEBUGRune.canCastOn returns false for RadiusIncTowerRune in [else]
2014-05-13/18:11:50.007/CESTDEBUGin Rune.canCastOn for RadiusIncTowerRune
2014-05-13/18:11:50.008/CESTDEBUGRune.canCastOn returns false for RadiusIncTowerRune in [else]
2014-05-13/18:11:50.009/CESTDEBUGin Rune.canCastOn for RadiusIncTowerRune
2014-05-13/18:11:50.009/CESTDEBUGRune.canCastOn returns false for RadiusIncTowerRune in [else]
2014-05-13/18:11:50.025/CESTDEBUGin Rune.canCastOn for RadiusIncTowerRune
2014-05-13/18:11:50.025/CESTDEBUGRune.canCastOn returns false for RadiusIncTowerRune in [else]
2014-05-13/18:11:50.037/CESTDEBUGin Rune.canCastOn for RadiusIncTowerRune
2014-05-13/18:11:50.038/CESTDEBUGRune.canCastOn returns false for RadiusIncTowerRune in [else]
2014-05-13/18:11:50.038/CESTDEBUGin Rune.canCastOn for RadiusIncTowerRune
2014-05-13/18:11:50.038/CESTDEBUGRune.canCastOn returns false for RadiusIncTowerRune in [else]
2014-05-13/18:11:50.047/CESTDEBUGin Rune.canCastOn for RadiusIncTowerRune
2014-05-13/18:11:50.047/CESTDEBUGRune.canCastOn returns false for RadiusIncTowerRune in [else]
2014-05-13/18:11:50.055/CESTDEBUGin Rune.canCastOn for RadiusIncTowerRune
2014-05-13/18:11:50.056/CESTDEBUGRune.canCastOn returns false for RadiusIncTowerRune in [else]
2014-05-13/18:11:50.063/CESTDEBUGin Rune.canCastOn for RadiusIncTowerRune
2014-05-13/18:11:50.064/CESTDEBUGRune.canCastOn RoadGrid returns false for RadiusIncTowerRune
2014-05-13/18:11:50.072/CESTDEBUGin Rune.canCastOn for RadiusIncTowerRune
2014-05-13/18:11:50.072/CESTDEBUGRune.canCastOn RoadGrid returns false for RadiusIncTowerRune
2014-05-13/18:11:50.082/CESTDEBUGin Rune.canCastOn for RadiusIncTowerRune
2014-05-13/18:11:50.082/CESTDEBUGRune.canCastOn returns false for RadiusIncTowerRune in [else]
2014-05-13/18:11:50.090/CESTDEBUGin Rune.canCastOn for RadiusIncTowerRune
2014-05-13/18:11:50.090/CESTDEBUGRune.canCastOn returns false for RadiusIncTowerRune in [else]
2014-05-13/18:11:50.098/CESTDEBUGin Rune.canCastOn for RadiusIncTowerRune
2014-05-13/18:11:50.099/CESTDEBUGRune.canCastOn RoadGrid returns false for RadiusIncTowerRune
2014-05-13/18:11:50.106/CESTDEBUGin Rune.canCastOn for RadiusIncTowerRune
2014-05-13/18:11:50.107/CESTDEBUGRune.canCastOn RoadGrid returns false for RadiusIncTowerRune
2014-05-13/18:11:50.125/CESTDEBUGin Rune.canCastOn for RadiusIncTowerRune
2014-05-13/18:11:50.125/CESTDEBUGRune.canCastOn RoadGrid returns false for RadiusIncTowerRune
2014-05-13/18:11:50.186/CESTDEBUGin Rune.canCastOn for RadiusIncTowerRune
2014-05-13/18:11:50.187/CESTDEBUGRune.canCastOn RoadGrid returns false for RadiusIncTowerRune
2014-05-13/18:11:50.196/CESTDEBUGin Rune.canCastOn for RadiusIncTowerRune
2014-05-13/18:11:50.197/CESTDEBUGRune.canCastOn RoadGrid returns false for RadiusIncTowerRune
2014-05-13/18:11:50.206/CESTDEBUGin Rune.canCastOn for RadiusIncTowerRune
2014-05-13/18:11:50.207/CESTDEBUGRune.canCastOn RoadGrid returns false for RadiusIncTowerRune
2014-05-13/18:11:50.215/CESTDEBUGin Rune.canCastOn for RadiusIncTowerRune
2014-05-13/18:11:50.215/CESTDEBUGRune.canCastOn RoadGrid returns false for RadiusIncTowerRune
2014-05-13/18:11:50.238/CESTDEBUGin Rune.canCastOn for RadiusIncTowerRune
2014-05-13/18:11:50.238/CESTDEBUGRune.canCastOn returns false for RadiusIncTowerRune in [else]
2014-05-13/18:11:50.238/CESTDEBUGin Rune.canCastOn for RadiusIncTowerRune
2014-05-13/18:11:50.239/CESTDEBUGRune.canCastOn returns false for RadiusIncTowerRune in [else]
2014-05-13/18:11:50.263/CESTDEBUGin Rune.canCastOn for RadiusIncTowerRune
2014-05-13/18:11:50.267/CESTDEBUGRune.canCastOn returns false for RadiusIncTowerRune in [else]
2014-05-13/18:11:50.283/CESTDEBUGin Rune.canCastOn for RadiusIncTowerRune
2014-05-13/18:11:50.284/CESTDEBUGRune.canCastOn returns false for RadiusIncTowerRune in [else]
2014-05-13/18:11:50.303/CESTDEBUGin Rune.canCastOn for RadiusIncTowerRune
2014-05-13/18:11:50.304/CESTDEBUGRune.canCastOn returns false for RadiusIncTowerRune in [else]
2014-05-13/18:11:50.325/CESTDEBUGin Rune.canCastOn for RadiusIncTowerRune
2014-05-13/18:11:50.326/CESTDEBUGRune.canCastOn returns false for RadiusIncTowerRune in [else]
2014-05-13/18:11:50.337/CESTDEBUGin Rune.canCastOn for RadiusIncTowerRune
2014-05-13/18:11:50.337/CESTDEBUGRune.canCastOn returns false for RadiusIncTowerRune in [else]
2014-05-13/18:11:50.357/CESTDEBUGin Rune.canCastOn for RadiusIncTowerRune
2014-05-13/18:11:50.358/CESTDEBUGRune.canCastOn returns false for RadiusIncTowerRune in [else]
2014-05-13/18:11:50.366/CESTDEBUGin Rune.canCastOn for RadiusIncTowerRune
2014-05-13/18:11:50.367/CESTDEBUGRune.canCastOn returns false for RadiusIncTowerRune in [else]
2014-05-13/18:11:50.379/CESTDEBUGin Rune.canCastOn for RadiusIncTowerRune
2014-05-13/18:11:50.380/CESTDEBUGRune.canCastOn returns false for RadiusIncTowerRune in [else]
2014-05-13/18:11:50.387/CESTDEBUGin Rune.canCastOn for RadiusIncTowerRune
2014-05-13/18:11:50.388/CESTDEBUGRune.canCastOn returns false for RadiusIncTowerRune in [else]
2014-05-13/18:11:50.401/CESTDEBUGin Rune.canCastOn for RadiusIncTowerRune
2014-05-13/18:11:50.402/CESTDEBUGRune.canCastOn returns false for RadiusIncTowerRune in [else]
2014-05-13/18:11:50.409/CESTDEBUGin Rune.canCastOn for RadiusIncTowerRune
2014-05-13/18:11:50.410/CESTDEBUGRune.canCastOn returns false for RadiusIncTowerRune in [else]
2014-05-13/18:11:50.495/CESTDEBUGin Rune.canCastOn for RadiusIncTowerRune
2014-05-13/18:11:50.496/CESTDEBUGRune.canCastOn returns false for RadiusIncTowerRune in [else]
2014-05-13/18:11:50.504/CESTDEBUGin Rune.canCastOn for RadiusIncTowerRune
2014-05-13/18:11:50.506/CESTDEBUGRune.canCastOn returns false for RadiusIncTowerRune in [else]
2014-05-13/18:11:50.515/CESTDEBUGin Rune.canCastOn for RadiusIncTowerRune
2014-05-13/18:11:50.516/CESTDEBUGRune.canCastOn returns false for RadiusIncTowerRune in [else]
2014-05-13/18:11:50.522/CESTDEBUGin Rune.canCastOn for RadiusIncTowerRune
2014-05-13/18:11:50.523/CESTDEBUGRune.canCastOn returns false for RadiusIncTowerRune in [else]
2014-05-13/18:11:50.530/CESTDEBUGin Rune.canCastOn for RadiusIncTowerRune
2014-05-13/18:11:50.530/CESTDEBUGRune.canCastOn returns false for RadiusIncTowerRune in [else]
2014-05-13/18:11:50.536/CESTDEBUGin Rune.canCastOn for RadiusIncTowerRune
2014-05-13/18:11:50.536/CESTDEBUGRune.canCastOn returns false for RadiusIncTowerRune in [else]
2014-05-13/18:11:50.550/CESTDEBUGin Rune.canCastOn for RadiusIncTowerRune
2014-05-13/18:11:50.550/CESTDEBUGRune.canCastOn returns false for RadiusIncTowerRune in [else]
2014-05-13/18:11:50.556/CESTDEBUGin Rune.canCastOn for RadiusIncTowerRune
2014-05-13/18:11:50.557/CESTDEBUGRune.canCastOn returns false for RadiusIncTowerRune in [else]
2014-05-13/18:11:50.563/CESTDEBUGin Rune.canCastOn for RadiusIncTowerRune
2014-05-13/18:11:50.564/CESTDEBUGRune.canCastOn returns false for RadiusIncTowerRune in [else]
2014-05-13/18:11:50.570/CESTDEBUGin Rune.canCastOn for RadiusIncTowerRune
2014-05-13/18:11:50.571/CESTDEBUGRune.canCastOn returns false for RadiusIncTowerRune in [else]
2014-05-13/18:11:50.584/CESTDEBUGin Rune.canCastOn for RadiusIncTowerRune
2014-05-13/18:11:50.586/CESTDEBUGRune.canCastOn returns false for RadiusIncTowerRune in [else]
2014-05-13/18:11:50.586/CESTDEBUGin Rune.canCastOn for RadiusIncTowerRune
2014-05-13/18:11:50.586/CESTDEBUGRune.canCastOn GroundGrid returns true for RadiusIncTowerRune
2014-05-13/18:11:50.593/CESTDEBUGin Rune.canCastOn for RadiusIncTowerRune
2014-05-13/18:11:50.594/CESTDEBUGRune.canCastOn GroundGrid returns true for RadiusIncTowerRune
2014-05-13/18:11:50.604/CESTDEBUGin Rune.canCastOn for RadiusIncTowerRune
2014-05-13/18:11:50.605/CESTDEBUGRune.canCastOn GroundGrid returns true for RadiusIncTowerRune
2014-05-13/18:11:50.611/CESTDEBUGin Rune.canCastOn for RadiusIncTowerRune
2014-05-13/18:11:50.611/CESTDEBUGRune.canCastOn RoadGrid returns false for RadiusIncTowerRune
2014-05-13/18:11:50.618/CESTDEBUGin Rune.canCastOn for RadiusIncTowerRune
2014-05-13/18:11:50.618/CESTDEBUGRune.canCastOn RoadGrid returns false for RadiusIncTowerRune
2014-05-13/18:11:50.626/CESTDEBUGin Rune.canCastOn for RadiusIncTowerRune
2014-05-13/18:11:50.627/CESTDEBUGRune.canCastOn RoadGrid returns false for RadiusIncTowerRune
2014-05-13/18:11:50.691/CESTDEBUGin Rune.canCastOn for RadiusIncTowerRune
2014-05-13/18:11:50.692/CESTDEBUGRune.canCastOn RoadGrid returns false for RadiusIncTowerRune
2014-05-13/18:11:50.700/CESTDEBUGin Rune.canCastOn for RadiusIncTowerRune
2014-05-13/18:11:50.702/CESTDEBUGRune.canCastOn GroundGrid returns true for RadiusIncTowerRune
2014-05-13/18:11:50.715/CESTDEBUGin Rune.canCastOn for RadiusIncTowerRune
2014-05-13/18:11:50.716/CESTDEBUGRune.canCastOn GroundGrid returns true for RadiusIncTowerRune
2014-05-13/18:11:50.723/CESTDEBUGin Rune.canCastOn for RadiusIncTowerRune
2014-05-13/18:11:50.724/CESTDEBUGRune.canCastOn GroundGrid returns true for RadiusIncTowerRune
2014-05-13/18:11:50.733/CESTDEBUGin Rune.canCastOn for RadiusIncTowerRune
2014-05-13/18:11:50.734/CESTDEBUGRune.canCastOn GroundGrid returns true for RadiusIncTowerRune
2014-05-13/18:11:50.747/CESTDEBUGin Rune.canCastOn for RadiusIncTowerRune
2014-05-13/18:11:50.747/CESTDEBUGRune.canCastOn GroundGrid returns true for RadiusIncTowerRune
2014-05-13/18:11:50.757/CESTDEBUGin Rune.canCastOn for RadiusIncTowerRune
2014-05-13/18:11:50.757/CESTDEBUGRune.canCastOn GroundGrid returns true for RadiusIncTowerRune
2014-05-13/18:11:51.088/CESTDEBUGin Rune.canCastOn for RadiusIncTowerRune
2014-05-13/18:11:51.089/CESTDEBUGRune.canCastOn GroundGrid returns true for RadiusIncTowerRune
2014-05-13/18:11:51.089/CESTDEBUGin Rune.castOn GroundGrid for RadiusIncTowerRune
2014-05-13/18:11:51.089/CESTDEBUGgrid GroundGrid injected RadiusIncTowerRune
2014-05-13/18:11:51.089/CESTDEBUGon GroundGrid injectionTarget was null: false
2014-05-13/18:11:52.560/CESTDEBUGin Rune.canCastOn for DamageBoosterTowerRune
2014-05-13/18:11:52.561/CESTDEBUGRune.canCastOn returns false for DamageBoosterTowerRune in [else]
2014-05-13/18:11:52.567/CESTDEBUGin Rune.canCastOn for DamageBoosterTowerRune
2014-05-13/18:11:52.567/CESTDEBUGRune.canCastOn returns false for DamageBoosterTowerRune in [else]
2014-05-13/18:11:52.573/CESTDEBUGin Rune.canCastOn for DamageBoosterTowerRune
2014-05-13/18:11:52.574/CESTDEBUGRune.canCastOn returns false for DamageBoosterTowerRune in [else]
2014-05-13/18:11:52.581/CESTDEBUGin Rune.canCastOn for DamageBoosterTowerRune
2014-05-13/18:11:52.581/CESTDEBUGRune.canCastOn returns false for DamageBoosterTowerRune in [else]
2014-05-13/18:11:52.581/CESTDEBUGin Rune.canCastOn for DamageBoosterTowerRune
2014-05-13/18:11:52.582/CESTDEBUGRune.canCastOn returns false for DamageBoosterTowerRune in [else]
2014-05-13/18:11:52.588/CESTDEBUGin Rune.canCastOn for DamageBoosterTowerRune
2014-05-13/18:11:52.588/CESTDEBUGRune.canCastOn returns false for DamageBoosterTowerRune in [else]
2014-05-13/18:11:52.594/CESTDEBUGin Rune.canCastOn for DamageBoosterTowerRune
2014-05-13/18:11:52.594/CESTDEBUGRune.canCastOn returns false for DamageBoosterTowerRune in [else]
2014-05-13/18:11:52.600/CESTDEBUGin Rune.canCastOn for DamageBoosterTowerRune
2014-05-13/18:11:52.601/CESTDEBUGRune.canCastOn returns false for DamageBoosterTowerRune in [else]
2014-05-13/18:11:52.608/CESTDEBUGin Rune.canCastOn for DamageBoosterTowerRune
2014-05-13/18:11:52.609/CESTDEBUGRune.canCastOn returns false for DamageBoosterTowerRune in [else]
2014-05-13/18:11:52.619/CESTDEBUGin Rune.canCastOn for DamageBoosterTowerRune
2014-05-13/18:11:52.620/CESTDEBUGRune.canCastOn returns false for DamageBoosterTowerRune in [else]
2014-05-13/18:11:52.631/CESTDEBUGin Rune.canCastOn for DamageBoosterTowerRune
2014-05-13/18:11:52.631/CESTDEBUGRune.canCastOn returns false for DamageBoosterTowerRune in [else]
2014-05-13/18:11:52.637/CESTDEBUGin Rune.canCastOn for DamageBoosterTowerRune
2014-05-13/18:11:52.637/CESTDEBUGRune.canCastOn returns false for DamageBoosterTowerRune in [else]
2014-05-13/18:11:52.643/CESTDEBUGin Rune.canCastOn for DamageBoosterTowerRune
2014-05-13/18:11:52.644/CESTDEBUGRune.canCastOn returns false for DamageBoosterTowerRune in [else]
2014-05-13/18:11:52.652/CESTDEBUGin Rune.canCastOn for DamageBoosterTowerRune
2014-05-13/18:11:52.652/CESTDEBUGRune.canCastOn returns false for DamageBoosterTowerRune in [else]
2014-05-13/18:11:52.660/CESTDEBUGin Rune.canCastOn for DamageBoosterTowerRune
2014-05-13/18:11:52.661/CESTDEBUGRune.canCastOn returns false for DamageBoosterTowerRune in [else]
2014-05-13/18:11:52.661/CESTDEBUGin Rune.canCastOn for DamageBoosterTowerRune
2014-05-13/18:11:52.662/CESTDEBUGRune.canCastOn returns false for DamageBoosterTowerRune in [else]
2014-05-13/18:11:52.669/CESTDEBUGin Rune.canCastOn for DamageBoosterTowerRune
2014-05-13/18:11:52.669/CESTDEBUGRune.canCastOn returns false for DamageBoosterTowerRune in [else]
2014-05-13/18:11:52.675/CESTDEBUGin Rune.canCastOn for DamageBoosterTowerRune
2014-05-13/18:11:52.676/CESTDEBUGRune.canCastOn returns false for DamageBoosterTowerRune in [else]
2014-05-13/18:11:52.684/CESTDEBUGin Rune.canCastOn for DamageBoosterTowerRune
2014-05-13/18:11:52.685/CESTDEBUGRune.canCastOn returns false for DamageBoosterTowerRune in [else]
2014-05-13/18:11:52.692/CESTDEBUGin Rune.canCastOn for DamageBoosterTowerRune
2014-05-13/18:11:52.694/CESTDEBUGRune.canCastOn returns false for DamageBoosterTowerRune in [else]
2014-05-13/18:11:52.702/CESTDEBUGin Rune.canCastOn for DamageBoosterTowerRune
2014-05-13/18:11:52.703/CESTDEBUGRune.canCastOn returns false for DamageBoosterTowerRune in [else]
2014-05-13/18:11:52.703/CESTDEBUGin Rune.canCastOn for DamageBoosterTowerRune
2014-05-13/18:11:52.704/CESTDEBUGRune.canCastOn returns false for DamageBoosterTowerRune in [else]
2014-05-13/18:11:52.712/CESTDEBUGin Rune.canCastOn for DamageBoosterTowerRune
2014-05-13/18:11:52.725/CESTDEBUGRune.canCastOn returns false for DamageBoosterTowerRune in [else]
2014-05-13/18:11:52.726/CESTDEBUGin Rune.canCastOn for DamageBoosterTowerRune
2014-05-13/18:11:52.726/CESTDEBUGRune.canCastOn returns false for DamageBoosterTowerRune in [else]
2014-05-13/18:11:52.743/CESTDEBUGin Rune.canCastOn for DamageBoosterTowerRune
2014-05-13/18:11:52.743/CESTDEBUGRune.canCastOn returns false for DamageBoosterTowerRune in [else]
2014-05-13/18:11:52.754/CESTDEBUGin Rune.canCastOn for DamageBoosterTowerRune
2014-05-13/18:11:52.754/CESTDEBUGRune.canCastOn returns false for DamageBoosterTowerRune in [else]
2014-05-13/18:11:52.765/CESTDEBUGin Rune.canCastOn for DamageBoosterTowerRune
2014-05-13/18:11:52.773/CESTDEBUGRune.canCastOn RoadGrid returns false for DamageBoosterTowerRune
2014-05-13/18:11:52.774/CESTDEBUGin Rune.canCastOn for DamageBoosterTowerRune
2014-05-13/18:11:52.774/CESTDEBUGRune.canCastOn RoadGrid returns false for DamageBoosterTowerRune
2014-05-13/18:11:52.785/CESTDEBUGin Rune.canCastOn for DamageBoosterTowerRune
2014-05-13/18:11:52.785/CESTDEBUGRune.canCastOn RoadGrid returns false for DamageBoosterTowerRune
2014-05-13/18:11:52.793/CESTDEBUGin Rune.canCastOn for DamageBoosterTowerRune
2014-05-13/18:11:52.793/CESTDEBUGRune.canCastOn returns false for DamageBoosterTowerRune in [else]
2014-05-13/18:11:52.803/CESTDEBUGin Rune.canCastOn for DamageBoosterTowerRune
2014-05-13/18:11:52.803/CESTDEBUGRune.canCastOn returns false for DamageBoosterTowerRune in [else]
2014-05-13/18:11:52.810/CESTDEBUGin Rune.canCastOn for DamageBoosterTowerRune
2014-05-13/18:11:52.811/CESTDEBUGRune.canCastOn returns false for DamageBoosterTowerRune in [else]
2014-05-13/18:11:52.825/CESTDEBUGin Rune.canCastOn for DamageBoosterTowerRune
2014-05-13/18:11:52.825/CESTDEBUGRune.canCastOn RoadGrid returns false for DamageBoosterTowerRune
2014-05-13/18:11:52.834/CESTDEBUGin Rune.canCastOn for DamageBoosterTowerRune
2014-05-13/18:11:52.835/CESTDEBUGRune.canCastOn RoadGrid returns false for DamageBoosterTowerRune
2014-05-13/18:11:52.841/CESTDEBUGin Rune.canCastOn for DamageBoosterTowerRune
2014-05-13/18:11:52.842/CESTDEBUGRune.canCastOn RoadGrid returns false for DamageBoosterTowerRune
2014-05-13/18:11:52.843/CESTDEBUGin Rune.canCastOn for DamageBoosterTowerRune
2014-05-13/18:11:52.843/CESTDEBUGRune.canCastOn RoadGrid returns false for DamageBoosterTowerRune
2014-05-13/18:11:52.849/CESTDEBUGin Rune.canCastOn for DamageBoosterTowerRune
2014-05-13/18:11:52.851/CESTDEBUGRune.canCastOn RoadGrid returns false for DamageBoosterTowerRune
2014-05-13/18:11:52.857/CESTDEBUGin Rune.canCastOn for DamageBoosterTowerRune
2014-05-13/18:11:52.858/CESTDEBUGRune.canCastOn RoadGrid returns false for DamageBoosterTowerRune
2014-05-13/18:11:52.858/CESTDEBUGin Rune.canCastOn for DamageBoosterTowerRune
2014-05-13/18:11:52.858/CESTDEBUGRune.canCastOn RoadGrid returns false for DamageBoosterTowerRune
2014-05-13/18:11:52.865/CESTDEBUGin Rune.canCastOn for DamageBoosterTowerRune
2014-05-13/18:11:52.866/CESTDEBUGRune.canCastOn RoadGrid returns false for DamageBoosterTowerRune
2014-05-13/18:11:52.877/CESTDEBUGin Rune.canCastOn for DamageBoosterTowerRune
2014-05-13/18:11:52.878/CESTDEBUGRune.canCastOn RoadGrid returns false for DamageBoosterTowerRune
2014-05-13/18:11:52.886/CESTDEBUGin Rune.canCastOn for DamageBoosterTowerRune
2014-05-13/18:11:52.886/CESTDEBUGRune.canCastOn RoadGrid returns false for DamageBoosterTowerRune
2014-05-13/18:11:52.910/CESTDEBUGin Rune.canCastOn for DamageBoosterTowerRune
2014-05-13/18:11:52.911/CESTDEBUGRune.canCastOn RoadGrid returns false for DamageBoosterTowerRune
2014-05-13/18:11:52.919/CESTDEBUGin Rune.canCastOn for DamageBoosterTowerRune
2014-05-13/18:11:52.919/CESTDEBUGRune.canCastOn RoadGrid returns false for DamageBoosterTowerRune
2014-05-13/18:11:52.925/CESTDEBUGin Rune.canCastOn for DamageBoosterTowerRune
2014-05-13/18:11:52.926/CESTDEBUGRune.canCastOn RoadGrid returns false for DamageBoosterTowerRune
2014-05-13/18:11:52.932/CESTDEBUGin Rune.canCastOn for DamageBoosterTowerRune
2014-05-13/18:11:52.932/CESTDEBUGRune.canCastOn RoadGrid returns false for DamageBoosterTowerRune
2014-05-13/18:11:52.938/CESTDEBUGin Rune.canCastOn for DamageBoosterTowerRune
2014-05-13/18:11:52.938/CESTDEBUGRune.canCastOn returns false for DamageBoosterTowerRune in [else]
2014-05-13/18:11:52.945/CESTDEBUGin Rune.canCastOn for DamageBoosterTowerRune
2014-05-13/18:11:52.946/CESTDEBUGRune.canCastOn returns false for DamageBoosterTowerRune in [else]
2014-05-13/18:11:52.957/CESTDEBUGin Rune.canCastOn for DamageBoosterTowerRune
2014-05-13/18:11:52.959/CESTDEBUGRune.canCastOn returns false for DamageBoosterTowerRune in [else]
2014-05-13/18:11:52.965/CESTDEBUGin Rune.canCastOn for DamageBoosterTowerRune
2014-05-13/18:11:52.966/CESTDEBUGRune.canCastOn returns false for DamageBoosterTowerRune in [else]
2014-05-13/18:11:52.987/CESTDEBUGin Rune.canCastOn for DamageBoosterTowerRune
2014-05-13/18:11:52.988/CESTDEBUGRune.canCastOn returns false for DamageBoosterTowerRune in [else]
2014-05-13/18:11:52.996/CESTDEBUGin Rune.canCastOn for DamageBoosterTowerRune
2014-05-13/18:11:52.997/CESTDEBUGRune.canCastOn returns false for DamageBoosterTowerRune in [else]
2014-05-13/18:11:53.004/CESTDEBUGin Rune.canCastOn for DamageBoosterTowerRune
2014-05-13/18:11:53.006/CESTDEBUGRune.canCastOn returns false for DamageBoosterTowerRune in [else]
2014-05-13/18:11:53.006/CESTDEBUGin Rune.canCastOn for DamageBoosterTowerRune
2014-05-13/18:11:53.006/CESTDEBUGRune.canCastOn returns false for DamageBoosterTowerRune in [else]
2014-05-13/18:11:53.023/CESTDEBUGin Rune.canCastOn for DamageBoosterTowerRune
2014-05-13/18:11:53.023/CESTDEBUGRune.canCastOn returns false for DamageBoosterTowerRune in [else]
2014-05-13/18:11:53.031/CESTDEBUGin Rune.canCastOn for DamageBoosterTowerRune
2014-05-13/18:11:53.031/CESTDEBUGRune.canCastOn returns false for DamageBoosterTowerRune in [else]
2014-05-13/18:11:53.037/CESTDEBUGin Rune.canCastOn for DamageBoosterTowerRune
2014-05-13/18:11:53.038/CESTDEBUGRune.canCastOn returns false for DamageBoosterTowerRune in [else]
2014-05-13/18:11:53.043/CESTDEBUGin Rune.canCastOn for DamageBoosterTowerRune
2014-05-13/18:11:53.044/CESTDEBUGRune.canCastOn returns false for DamageBoosterTowerRune in [else]
2014-05-13/18:11:53.056/CESTDEBUGin Rune.canCastOn for DamageBoosterTowerRune
2014-05-13/18:11:53.056/CESTDEBUGRune.canCastOn returns false for DamageBoosterTowerRune in [else]
2014-05-13/18:11:53.063/CESTDEBUGin Rune.canCastOn for DamageBoosterTowerRune
2014-05-13/18:11:53.064/CESTDEBUGRune.canCastOn returns false for DamageBoosterTowerRune in [else]
2014-05-13/18:11:53.071/CESTDEBUGin Rune.canCastOn for DamageBoosterTowerRune
2014-05-13/18:11:53.071/CESTDEBUGRune.canCastOn RoadGrid returns false for DamageBoosterTowerRune
2014-05-13/18:11:53.079/CESTDEBUGin Rune.canCastOn for DamageBoosterTowerRune
2014-05-13/18:11:53.079/CESTDEBUGRune.canCastOn RoadGrid returns false for DamageBoosterTowerRune
2014-05-13/18:11:53.099/CESTDEBUGin Rune.canCastOn for DamageBoosterTowerRune
2014-05-13/18:11:53.099/CESTDEBUGRune.canCastOn RoadGrid returns false for DamageBoosterTowerRune
2014-05-13/18:11:53.100/CESTDEBUGin Rune.canCastOn for DamageBoosterTowerRune
2014-05-13/18:11:53.100/CESTDEBUGRune.canCastOn RoadGrid returns false for DamageBoosterTowerRune
2014-05-13/18:11:53.106/CESTDEBUGin Rune.canCastOn for DamageBoosterTowerRune
2014-05-13/18:11:53.107/CESTDEBUGRune.canCastOn RoadGrid returns false for DamageBoosterTowerRune
2014-05-13/18:11:53.114/CESTDEBUGin Rune.canCastOn for DamageBoosterTowerRune
2014-05-13/18:11:53.115/CESTDEBUGRune.canCastOn RoadGrid returns false for DamageBoosterTowerRune
2014-05-13/18:11:53.121/CESTDEBUGin Rune.canCastOn for DamageBoosterTowerRune
2014-05-13/18:11:53.122/CESTDEBUGRune.canCastOn RoadGrid returns false for DamageBoosterTowerRune
2014-05-13/18:11:53.122/CESTDEBUGin Rune.canCastOn for DamageBoosterTowerRune
2014-05-13/18:11:53.123/CESTDEBUGRune.canCastOn RoadGrid returns false for DamageBoosterTowerRune
2014-05-13/18:11:53.129/CESTDEBUGin Rune.canCastOn for DamageBoosterTowerRune
2014-05-13/18:11:53.130/CESTDEBUGRune.canCastOn RoadGrid returns false for DamageBoosterTowerRune
2014-05-13/18:11:53.136/CESTDEBUGin Rune.canCastOn for DamageBoosterTowerRune
2014-05-13/18:11:53.137/CESTDEBUGRune.canCastOn RoadGrid returns false for DamageBoosterTowerRune
2014-05-13/18:11:53.142/CESTDEBUGin Rune.canCastOn for DamageBoosterTowerRune
2014-05-13/18:11:53.143/CESTDEBUGRune.canCastOn RoadGrid returns false for DamageBoosterTowerRune
2014-05-13/18:11:53.158/CESTDEBUGin Rune.canCastOn for DamageBoosterTowerRune
2014-05-13/18:11:53.159/CESTDEBUGRune.canCastOn RoadGrid returns false for DamageBoosterTowerRune
2014-05-13/18:11:53.166/CESTDEBUGin Rune.canCastOn for DamageBoosterTowerRune
2014-05-13/18:11:53.167/CESTDEBUGRune.canCastOn RoadGrid returns false for DamageBoosterTowerRune
2014-05-13/18:11:53.175/CESTDEBUGin Rune.canCastOn for DamageBoosterTowerRune
2014-05-13/18:11:53.175/CESTDEBUGRune.canCastOn RoadGrid returns false for DamageBoosterTowerRune
2014-05-13/18:11:53.187/CESTDEBUGin Rune.canCastOn for DamageBoosterTowerRune
2014-05-13/18:11:53.187/CESTDEBUGRune.canCastOn RoadGrid returns false for DamageBoosterTowerRune
2014-05-13/18:11:53.196/CESTDEBUGin Rune.canCastOn for DamageBoosterTowerRune
2014-05-13/18:11:53.196/CESTDEBUGRune.canCastOn GroundGrid returns false for DamageBoosterTowerRune
2014-05-13/18:11:53.205/CESTDEBUGin Rune.canCastOn for DamageBoosterTowerRune
2014-05-13/18:11:53.205/CESTDEBUGRune.canCastOn GroundGrid returns false for DamageBoosterTowerRune
2014-05-13/18:11:53.217/CESTDEBUGin Rune.canCastOn for DamageBoosterTowerRune
2014-05-13/18:11:53.218/CESTDEBUGRune.canCastOn GroundGrid returns false for DamageBoosterTowerRune
2014-05-13/18:11:53.455/CESTDEBUGin Rune.canCastOn for DamageBoosterTowerRune
2014-05-13/18:11:53.455/CESTDEBUGRune.canCastOn GroundGrid returns false for DamageBoosterTowerRune
2014-05-13/18:11:53.455/CESTDEBUGin Rune.canCastOn for DamageBoosterTowerRune
2014-05-13/18:11:53.455/CESTDEBUGRune.canCastOn GroundGrid returns false for DamageBoosterTowerRune
2014-05-13/18:11:53.461/CESTDEBUGin Rune.canCastOn for DamageBoosterTowerRune
2014-05-13/18:11:53.463/CESTDEBUGRune.canCastOn GroundGrid returns false for DamageBoosterTowerRune
2014-05-13/18:11:53.469/CESTDEBUGin Rune.canCastOn for DamageBoosterTowerRune
2014-05-13/18:11:53.470/CESTDEBUGRune.canCastOn GroundGrid returns false for DamageBoosterTowerRune
2014-05-13/18:11:53.484/CESTDEBUGin Rune.canCastOn for DamageBoosterTowerRune
2014-05-13/18:11:53.484/CESTDEBUGRune.canCastOn GroundGrid returns false for DamageBoosterTowerRune
2014-05-13/18:11:53.915/CESTDEBUGin Rune.canCastOn for DamageBoosterTowerRune
2014-05-13/18:11:53.916/CESTDEBUGRune.canCastOn GroundGrid returns false for DamageBoosterTowerRune
2014-05-13/18:11:54.020/CESTDEBUGin Rune.canCastOn for DamageBoosterTowerRune
2014-05-13/18:11:54.021/CESTDEBUGRune.canCastOn GroundGrid returns false for DamageBoosterTowerRune
2014-05-13/18:11:54.029/CESTDEBUGin Rune.canCastOn for DamageBoosterTowerRune
2014-05-13/18:11:54.030/CESTDEBUGRune.canCastOn GroundGrid returns false for DamageBoosterTowerRune
2014-05-13/18:11:54.030/CESTDEBUGin Rune.canCastOn for DamageBoosterTowerRune
2014-05-13/18:11:54.031/CESTDEBUGRune.canCastOn GroundGrid returns false for DamageBoosterTowerRune
2014-05-13/18:11:54.039/CESTDEBUGin Rune.canCastOn for DamageBoosterTowerRune
2014-05-13/18:11:54.039/CESTDEBUGRune.canCastOn RoadGrid returns false for DamageBoosterTowerRune
2014-05-13/18:11:54.050/CESTDEBUGin Rune.canCastOn for DamageBoosterTowerRune
2014-05-13/18:11:54.050/CESTDEBUGRune.canCastOn RoadGrid returns false for DamageBoosterTowerRune
2014-05-13/18:11:54.058/CESTDEBUGin Rune.canCastOn for DamageBoosterTowerRune
2014-05-13/18:11:54.058/CESTDEBUGRune.canCastOn RoadGrid returns false for DamageBoosterTowerRune
2014-05-13/18:11:54.065/CESTDEBUGin Rune.canCastOn for DamageBoosterTowerRune
2014-05-13/18:11:54.065/CESTDEBUGRune.canCastOn RoadGrid returns false for DamageBoosterTowerRune
2014-05-13/18:11:54.071/CESTDEBUGin Rune.canCastOn for DamageBoosterTowerRune
2014-05-13/18:11:54.072/CESTDEBUGRune.canCastOn RoadGrid returns false for DamageBoosterTowerRune
2014-05-13/18:11:54.078/CESTDEBUGin Rune.canCastOn for DamageBoosterTowerRune
2014-05-13/18:11:54.078/CESTDEBUGRune.canCastOn RoadGrid returns false for DamageBoosterTowerRune
2014-05-13/18:11:54.084/CESTDEBUGin Rune.canCastOn for DamageBoosterTowerRune
2014-05-13/18:11:54.084/CESTDEBUGRune.canCastOn RoadGrid returns false for DamageBoosterTowerRune
2014-05-13/18:11:54.090/CESTDEBUGin Rune.canCastOn for DamageBoosterTowerRune
2014-05-13/18:11:54.091/CESTDEBUGRune.canCastOn RoadGrid returns false for DamageBoosterTowerRune
2014-05-13/18:11:54.097/CESTDEBUGin Rune.canCastOn for DamageBoosterTowerRune
2014-05-13/18:11:54.098/CESTDEBUGRune.canCastOn RoadGrid returns false for DamageBoosterTowerRune
2014-05-13/18:11:54.104/CESTDEBUGin Rune.canCastOn for DamageBoosterTowerRune
2014-05-13/18:11:54.104/CESTDEBUGRune.canCastOn RoadGrid returns false for DamageBoosterTowerRune
2014-05-13/18:11:54.110/CESTDEBUGin Rune.canCastOn for DamageBoosterTowerRune
2014-05-13/18:11:54.110/CESTDEBUGRune.canCastOn returns false for DamageBoosterTowerRune in [else]
2014-05-13/18:11:54.116/CESTDEBUGin Rune.canCastOn for DamageBoosterTowerRune
2014-05-13/18:11:54.116/CESTDEBUGRune.canCastOn returns false for DamageBoosterTowerRune in [else]
2014-05-13/18:11:54.125/CESTDEBUGin Rune.canCastOn for DamageBoosterTowerRune
2014-05-13/18:11:54.125/CESTDEBUGRune.canCastOn returns false for DamageBoosterTowerRune in [else]
2014-05-13/18:11:54.131/CESTDEBUGin Rune.canCastOn for DamageBoosterTowerRune
2014-05-13/18:11:54.132/CESTDEBUGRune.canCastOn returns false for DamageBoosterTowerRune in [else]
2014-05-13/18:11:54.138/CESTDEBUGin Rune.canCastOn for DamageBoosterTowerRune
2014-05-13/18:11:54.138/CESTDEBUGRune.canCastOn returns false for DamageBoosterTowerRune in [else]
2014-05-13/18:11:54.144/CESTDEBUGin Rune.canCastOn for DamageBoosterTowerRune
2014-05-13/18:11:54.145/CESTDEBUGRune.canCastOn returns false for DamageBoosterTowerRune in [else]
2014-05-13/18:11:54.152/CESTDEBUGin Rune.canCastOn for DamageBoosterTowerRune
2014-05-13/18:11:54.152/CESTDEBUGRune.canCastOn returns false for DamageBoosterTowerRune in [else]
2014-05-13/18:11:54.160/CESTDEBUGin Rune.canCastOn for DamageBoosterTowerRune
2014-05-13/18:11:54.160/CESTDEBUGRune.canCastOn returns false for DamageBoosterTowerRune in [else]
2014-05-13/18:11:54.168/CESTDEBUGin Rune.canCastOn for DamageBoosterTowerRune
2014-05-13/18:11:54.168/CESTDEBUGRune.canCastOn returns false for DamageBoosterTowerRune in [else]
2014-05-13/18:11:54.184/CESTDEBUGin Rune.canCastOn for DamageBoosterTowerRune
2014-05-13/18:11:54.184/CESTDEBUGRune.canCastOn returns false for DamageBoosterTowerRune in [else]
2014-05-13/18:11:54.192/CESTDEBUGin Rune.canCastOn for DamageBoosterTowerRune
2014-05-13/18:11:54.192/CESTDEBUGRune.canCastOn returns false for DamageBoosterTowerRune in [else]
2014-05-13/18:11:54.200/CESTDEBUGin Rune.canCastOn for DamageBoosterTowerRune
2014-05-13/18:11:54.201/CESTDEBUGRune.canCastOn returns false for DamageBoosterTowerRune in [else]
2014-05-13/18:11:54.209/CESTDEBUGin Rune.canCastOn for DamageBoosterTowerRune
2014-05-13/18:11:54.209/CESTDEBUGRune.canCastOn returns false for DamageBoosterTowerRune in [else]
2014-05-13/18:11:54.217/CESTDEBUGin Rune.canCastOn for DamageBoosterTowerRune
2014-05-13/18:11:54.217/CESTDEBUGRune.canCastOn returns false for DamageBoosterTowerRune in [else]
2014-05-13/18:11:54.227/CESTDEBUGin Rune.canCastOn for DamageBoosterTowerRune
2014-05-13/18:11:54.227/CESTDEBUGRune.canCastOn returns false for DamageBoosterTowerRune in [else]
2014-05-13/18:11:54.239/CESTDEBUGin Rune.canCastOn for DamageBoosterTowerRune
2014-05-13/18:11:54.239/CESTDEBUGRune.canCastOn returns false for DamageBoosterTowerRune in [else]
2014-05-13/18:11:54.247/CESTDEBUGin Rune.canCastOn for DamageBoosterTowerRune
2014-05-13/18:11:54.247/CESTDEBUGRune.canCastOn returns false for DamageBoosterTowerRune in [else]
2014-05-13/18:11:54.253/CESTDEBUGin Rune.canCastOn for DamageBoosterTowerRune
2014-05-13/18:11:54.254/CESTDEBUGRune.canCastOn returns false for DamageBoosterTowerRune in [else]
2014-05-13/18:11:54.255/CESTDEBUGin Rune.canCastOn for DamageBoosterTowerRune
2014-05-13/18:11:54.255/CESTDEBUGRune.canCastOn returns false for DamageBoosterTowerRune in [else]
2014-05-13/18:11:54.261/CESTDEBUGin Rune.canCastOn for DamageBoosterTowerRune
2014-05-13/18:11:54.262/CESTDEBUGRune.canCastOn returns false for DamageBoosterTowerRune in [else]
2014-05-13/18:11:54.263/CESTDEBUGin Rune.canCastOn for DamageBoosterTowerRune
2014-05-13/18:11:54.263/CESTDEBUGRune.canCastOn returns false for DamageBoosterTowerRune in [else]
2014-05-13/18:11:54.271/CESTDEBUGin Rune.canCastOn for DamageBoosterTowerRune
2014-05-13/18:11:54.271/CESTDEBUGRune.canCastOn returns false for DamageBoosterTowerRune in [else]
2014-05-13/18:11:54.278/CESTDEBUGin Rune.canCastOn for DamageBoosterTowerRune
2014-05-13/18:11:54.279/CESTDEBUGRune.canCastOn returns false for DamageBoosterTowerRune in [else]
2014-05-13/18:11:54.287/CESTDEBUGin Rune.canCastOn for DamageBoosterTowerRune
2014-05-13/18:11:54.287/CESTDEBUGRune.canCastOn returns false for DamageBoosterTowerRune in [else]
2014-05-13/18:11:54.341/CESTDEBUGin Rune.canCastOn for DamageBoosterTowerRune
2014-05-13/18:11:54.342/CESTDEBUGRune.canCastOn returns false for DamageBoosterTowerRune in [else]
2014-05-13/18:11:54.349/CESTDEBUGin Rune.canCastOn for DamageBoosterTowerRune
2014-05-13/18:11:54.350/CESTDEBUGRune.canCastOn returns false for DamageBoosterTowerRune in [else]
2014-05-13/18:11:54.355/CESTDEBUGin Rune.canCastOn for DamageBoosterTowerRune
2014-05-13/18:11:54.356/CESTDEBUGRune.canCastOn returns false for DamageBoosterTowerRune in [else]
2014-05-13/18:11:54.362/CESTDEBUGin Rune.canCastOn for DamageBoosterTowerRune
2014-05-13/18:11:54.362/CESTDEBUGRune.canCastOn returns false for DamageBoosterTowerRune in [else]
2014-05-13/18:11:54.368/CESTDEBUGin Rune.canCastOn for DamageBoosterTowerRune
2014-05-13/18:11:54.369/CESTDEBUGRune.canCastOn returns false for DamageBoosterTowerRune in [else]
2014-05-13/18:11:54.375/CESTDEBUGin Rune.canCastOn for DamageBoosterTowerRune
2014-05-13/18:11:54.375/CESTDEBUGRune.canCastOn returns false for DamageBoosterTowerRune in [else]
2014-05-13/18:11:54.383/CESTDEBUGin Rune.canCastOn for DamageBoosterTowerRune
2014-05-13/18:11:54.383/CESTDEBUGRune.canCastOn returns false for DamageBoosterTowerRune in [else]
2014-05-13/18:11:54.391/CESTDEBUGin Rune.canCastOn for DamageBoosterTowerRune
2014-05-13/18:11:54.391/CESTDEBUGRune.canCastOn returns false for DamageBoosterTowerRune in [else]
2014-05-13/18:11:54.398/CESTDEBUGin Rune.canCastOn for DamageBoosterTowerRune
2014-05-13/18:11:54.398/CESTDEBUGRune.canCastOn returns false for DamageBoosterTowerRune in [else]
2014-05-13/18:11:54.408/CESTDEBUGin Rune.canCastOn for DamageBoosterTowerRune
2014-05-13/18:11:54.408/CESTDEBUGRune.canCastOn returns false for DamageBoosterTowerRune in [else]
2014-05-13/18:11:54.418/CESTDEBUGin Rune.canCastOn for DamageBoosterTowerRune
2014-05-13/18:11:54.419/CESTDEBUGRune.canCastOn returns false for DamageBoosterTowerRune in [else]
2014-05-13/18:11:54.430/CESTDEBUGin Rune.canCastOn for DamageBoosterTowerRune
2014-05-13/18:11:54.435/CESTDEBUGRune.canCastOn returns false for DamageBoosterTowerRune in [else]
2014-05-13/18:11:54.436/CESTDEBUGin Rune.canCastOn for DamageBoosterTowerRune
2014-05-13/18:11:54.436/CESTDEBUGRune.canCastOn returns false for DamageBoosterTowerRune in [else]
2014-05-13/18:11:54.442/CESTDEBUGin Rune.canCastOn for DamageBoosterTowerRune
2014-05-13/18:11:54.442/CESTDEBUGRune.canCastOn returns false for DamageBoosterTowerRune in [else]
2014-05-13/18:11:54.448/CESTDEBUGin Rune.canCastOn for DamageBoosterTowerRune
2014-05-13/18:11:54.449/CESTDEBUGRune.canCastOn RoadGrid returns false for DamageBoosterTowerRune
2014-05-13/18:11:54.455/CESTDEBUGin Rune.canCastOn for DamageBoosterTowerRune
2014-05-13/18:11:54.455/CESTDEBUGRune.canCastOn RoadGrid returns false for DamageBoosterTowerRune
2014-05-13/18:11:54.462/CESTDEBUGin Rune.canCastOn for DamageBoosterTowerRune
2014-05-13/18:11:54.463/CESTDEBUGRune.canCastOn RoadGrid returns false for DamageBoosterTowerRune
2014-05-13/18:11:54.620/CESTDEBUGin Rune.canCastOn for DamageBoosterTowerRune
2014-05-13/18:11:54.621/CESTDEBUGRune.canCastOn RoadGrid returns false for DamageBoosterTowerRune
2014-05-13/18:11:54.628/CESTDEBUGin Rune.canCastOn for DamageBoosterTowerRune
2014-05-13/18:11:54.630/CESTDEBUGRune.canCastOn RoadGrid returns false for DamageBoosterTowerRune
2014-05-13/18:11:54.647/CESTDEBUGin Rune.canCastOn for DamageBoosterTowerRune
2014-05-13/18:11:54.647/CESTDEBUGRune.canCastOn GroundGrid returns true for DamageBoosterTowerRune
2014-05-13/18:11:54.655/CESTDEBUGin Rune.canCastOn for DamageBoosterTowerRune
2014-05-13/18:11:54.655/CESTDEBUGRune.canCastOn GroundGrid returns true for DamageBoosterTowerRune
2014-05-13/18:11:54.667/CESTDEBUGin Rune.canCastOn for DamageBoosterTowerRune
2014-05-13/18:11:54.667/CESTDEBUGRune.canCastOn GroundGrid returns true for DamageBoosterTowerRune
2014-05-13/18:11:54.675/CESTDEBUGin Rune.canCastOn for DamageBoosterTowerRune
2014-05-13/18:11:54.676/CESTDEBUGRune.canCastOn GroundGrid returns true for DamageBoosterTowerRune
2014-05-13/18:11:54.837/CESTDEBUGin Rune.canCastOn for DamageBoosterTowerRune
2014-05-13/18:11:54.838/CESTDEBUGRune.canCastOn GroundGrid returns true for DamageBoosterTowerRune
2014-05-13/18:11:54.845/CESTDEBUGin Rune.canCastOn for DamageBoosterTowerRune
2014-05-13/18:11:54.846/CESTDEBUGRune.canCastOn GroundGrid returns true for DamageBoosterTowerRune
2014-05-13/18:11:54.854/CESTDEBUGin Rune.canCastOn for DamageBoosterTowerRune
2014-05-13/18:11:54.854/CESTDEBUGRune.canCastOn GroundGrid returns true for DamageBoosterTowerRune
2014-05-13/18:11:54.862/CESTDEBUGin Rune.canCastOn for DamageBoosterTowerRune
2014-05-13/18:11:54.862/CESTDEBUGRune.canCastOn GroundGrid returns true for DamageBoosterTowerRune
2014-05-13/18:11:54.868/CESTDEBUGin Rune.canCastOn for DamageBoosterTowerRune
2014-05-13/18:11:54.869/CESTDEBUGRune.canCastOn GroundGrid returns true for DamageBoosterTowerRune
2014-05-13/18:11:54.882/CESTDEBUGin Rune.canCastOn for DamageBoosterTowerRune
2014-05-13/18:11:54.882/CESTDEBUGRune.canCastOn GroundGrid returns true for DamageBoosterTowerRune
2014-05-13/18:11:55.173/CESTDEBUGin Rune.canCastOn for DamageBoosterTowerRune
2014-05-13/18:11:55.173/CESTDEBUGRune.canCastOn GroundGrid returns true for DamageBoosterTowerRune
2014-05-13/18:11:55.174/CESTDEBUGin Rune.castOn GroundGrid for DamageBoosterTowerRune
2014-05-13/18:11:55.174/CESTDEBUGgrid GroundGrid injected DamageBoosterTowerRune
2014-05-13/18:11:55.174/CESTDEBUGon GroundGrid injectionTarget was null: false
2014-05-13/18:11:56.189/CESTDEBUGin Rune.canCastOn for DamageBoosterTowerRune
2014-05-13/18:11:56.190/CESTDEBUGRune.canCastOn returns false for DamageBoosterTowerRune in [else]
2014-05-13/18:11:56.198/CESTDEBUGin Rune.canCastOn for DamageBoosterTowerRune
2014-05-13/18:11:56.199/CESTDEBUGRune.canCastOn returns false for DamageBoosterTowerRune in [else]
2014-05-13/18:11:56.206/CESTDEBUGin Rune.canCastOn for DamageBoosterTowerRune
2014-05-13/18:11:56.207/CESTDEBUGRune.canCastOn returns false for DamageBoosterTowerRune in [else]
2014-05-13/18:11:56.214/CESTDEBUGin Rune.canCastOn for DamageBoosterTowerRune
2014-05-13/18:11:56.215/CESTDEBUGRune.canCastOn returns false for DamageBoosterTowerRune in [else]
2014-05-13/18:11:56.230/CESTDEBUGin Rune.canCastOn for DamageBoosterTowerRune
2014-05-13/18:11:56.231/CESTDEBUGRune.canCastOn returns false for DamageBoosterTowerRune in [else]
2014-05-13/18:11:56.237/CESTDEBUGin Rune.canCastOn for DamageBoosterTowerRune
2014-05-13/18:11:56.237/CESTDEBUGRune.canCastOn returns false for DamageBoosterTowerRune in [else]
2014-05-13/18:11:56.245/CESTDEBUGin Rune.canCastOn for DamageBoosterTowerRune
2014-05-13/18:11:56.245/CESTDEBUGRune.canCastOn returns false for DamageBoosterTowerRune in [else]
2014-05-13/18:11:56.245/CESTDEBUGin Rune.canCastOn for DamageBoosterTowerRune
2014-05-13/18:11:56.246/CESTDEBUGRune.canCastOn returns false for DamageBoosterTowerRune in [else]
2014-05-13/18:11:56.255/CESTDEBUGin Rune.canCastOn for DamageBoosterTowerRune
2014-05-13/18:11:56.256/CESTDEBUGRune.canCastOn returns false for DamageBoosterTowerRune in [else]
2014-05-13/18:11:56.262/CESTDEBUGin Rune.canCastOn for DamageBoosterTowerRune
2014-05-13/18:11:56.263/CESTDEBUGRune.canCastOn returns false for DamageBoosterTowerRune in [else]
2014-05-13/18:11:56.269/CESTDEBUGin Rune.canCastOn for DamageBoosterTowerRune
2014-05-13/18:11:56.269/CESTDEBUGRune.canCastOn returns false for DamageBoosterTowerRune in [else]
2014-05-13/18:11:56.275/CESTDEBUGin Rune.canCastOn for DamageBoosterTowerRune
2014-05-13/18:11:56.276/CESTDEBUGRune.canCastOn returns false for DamageBoosterTowerRune in [else]
2014-05-13/18:11:56.284/CESTDEBUGin Rune.canCastOn for DamageBoosterTowerRune
2014-05-13/18:11:56.285/CESTDEBUGRune.canCastOn returns false for DamageBoosterTowerRune in [else]
2014-05-13/18:11:56.293/CESTDEBUGin Rune.canCastOn for DamageBoosterTowerRune
2014-05-13/18:11:56.293/CESTDEBUGRune.canCastOn returns false for DamageBoosterTowerRune in [else]
2014-05-13/18:11:56.301/CESTDEBUGin Rune.canCastOn for DamageBoosterTowerRune
2014-05-13/18:11:56.302/CESTDEBUGRune.canCastOn returns false for DamageBoosterTowerRune in [else]
2014-05-13/18:11:56.312/CESTDEBUGin Rune.canCastOn for DamageBoosterTowerRune
2014-05-13/18:11:56.312/CESTDEBUGRune.canCastOn returns false for DamageBoosterTowerRune in [else]
2014-05-13/18:11:56.320/CESTDEBUGin Rune.canCastOn for DamageBoosterTowerRune
2014-05-13/18:11:56.321/CESTDEBUGRune.canCastOn returns false for DamageBoosterTowerRune in [else]
2014-05-13/18:11:56.329/CESTDEBUGin Rune.canCastOn for DamageBoosterTowerRune
2014-05-13/18:11:56.329/CESTDEBUGRune.canCastOn returns false for DamageBoosterTowerRune in [else]
2014-05-13/18:11:56.339/CESTDEBUGin Rune.canCastOn for DamageBoosterTowerRune
2014-05-13/18:11:56.340/CESTDEBUGRune.canCastOn returns false for DamageBoosterTowerRune in [else]
2014-05-13/18:11:56.340/CESTDEBUGin Rune.canCastOn for DamageBoosterTowerRune
2014-05-13/18:11:56.340/CESTDEBUGRune.canCastOn returns false for DamageBoosterTowerRune in [else]
2014-05-13/18:11:56.365/CESTDEBUGin Rune.canCastOn for DamageBoosterTowerRune
2014-05-13/18:11:56.366/CESTDEBUGRune.canCastOn returns false for DamageBoosterTowerRune in [else]
2014-05-13/18:11:56.378/CESTDEBUGin Rune.canCastOn for DamageBoosterTowerRune
2014-05-13/18:11:56.378/CESTDEBUGRune.canCastOn GroundGrid returns false for DamageBoosterTowerRune
2014-05-13/18:11:56.397/CESTDEBUGin Rune.canCastOn for DamageBoosterTowerRune
2014-05-13/18:11:56.397/CESTDEBUGRune.canCastOn GroundGrid returns false for DamageBoosterTowerRune
2014-05-13/18:11:56.521/CESTDEBUGin Rune.canCastOn for DamageBoosterTowerRune
2014-05-13/18:11:56.522/CESTDEBUGRune.canCastOn GroundGrid returns false for DamageBoosterTowerRune
2014-05-13/18:11:56.522/CESTDEBUGin Rune.canCastOn for DamageBoosterTowerRune
2014-05-13/18:11:56.522/CESTDEBUGRune.canCastOn GroundGrid returns false for DamageBoosterTowerRune
2014-05-13/18:11:56.534/CESTDEBUGin Rune.canCastOn for DamageBoosterTowerRune
2014-05-13/18:11:56.534/CESTDEBUGRune.canCastOn GroundGrid returns false for DamageBoosterTowerRune
2014-05-13/18:11:56.543/CESTDEBUGin Rune.canCastOn for DamageBoosterTowerRune
2014-05-13/18:11:56.544/CESTDEBUGRune.canCastOn GroundGrid returns false for DamageBoosterTowerRune
2014-05-13/18:11:56.559/CESTDEBUGin Rune.canCastOn for DamageBoosterTowerRune
2014-05-13/18:11:56.559/CESTDEBUGRune.canCastOn RoadGrid returns false for DamageBoosterTowerRune
2014-05-13/18:11:56.560/CESTDEBUGin Rune.canCastOn for DamageBoosterTowerRune
2014-05-13/18:11:56.560/CESTDEBUGRune.canCastOn RoadGrid returns false for DamageBoosterTowerRune
2014-05-13/18:11:56.568/CESTDEBUGin Rune.canCastOn for DamageBoosterTowerRune
2014-05-13/18:11:56.568/CESTDEBUGRune.canCastOn RoadGrid returns false for DamageBoosterTowerRune
2014-05-13/18:11:56.575/CESTDEBUGin Rune.canCastOn for DamageBoosterTowerRune
2014-05-13/18:11:56.575/CESTDEBUGRune.canCastOn RoadGrid returns false for DamageBoosterTowerRune
2014-05-13/18:11:56.588/CESTDEBUGin Rune.canCastOn for DamageBoosterTowerRune
2014-05-13/18:11:56.588/CESTDEBUGRune.canCastOn RoadGrid returns false for DamageBoosterTowerRune
2014-05-13/18:11:56.600/CESTDEBUGin Rune.canCastOn for DamageBoosterTowerRune
2014-05-13/18:11:56.600/CESTDEBUGRune.canCastOn RoadGrid returns false for DamageBoosterTowerRune
2014-05-13/18:11:56.608/CESTDEBUGin Rune.canCastOn for DamageBoosterTowerRune
2014-05-13/18:11:56.608/CESTDEBUGRune.canCastOn RoadGrid returns false for DamageBoosterTowerRune
2014-05-13/18:11:56.617/CESTDEBUGin Rune.canCastOn for DamageBoosterTowerRune
2014-05-13/18:11:56.617/CESTDEBUGRune.canCastOn RoadGrid returns false for DamageBoosterTowerRune
2014-05-13/18:11:56.624/CESTDEBUGin Rune.canCastOn for DamageBoosterTowerRune
2014-05-13/18:11:56.625/CESTDEBUGRune.canCastOn RoadGrid returns false for DamageBoosterTowerRune
2014-05-13/18:11:56.637/CESTDEBUGin Rune.canCastOn for DamageBoosterTowerRune
2014-05-13/18:11:56.637/CESTDEBUGRune.canCastOn returns false for DamageBoosterTowerRune in [else]
2014-05-13/18:11:56.674/CESTDEBUGin Rune.canCastOn for DamageBoosterTowerRune
2014-05-13/18:11:56.675/CESTDEBUGRune.canCastOn GroundGrid returns true for DamageBoosterTowerRune
2014-05-13/18:11:56.695/CESTDEBUGin Rune.canCastOn for DamageBoosterTowerRune
2014-05-13/18:11:56.695/CESTDEBUGRune.canCastOn GroundGrid returns true for DamageBoosterTowerRune
2014-05-13/18:11:56.849/CESTDEBUGin Rune.canCastOn for DamageBoosterTowerRune
2014-05-13/18:11:56.849/CESTDEBUGRune.canCastOn GroundGrid returns true for DamageBoosterTowerRune
2014-05-13/18:11:56.860/CESTDEBUGin Rune.canCastOn for DamageBoosterTowerRune
2014-05-13/18:11:56.860/CESTDEBUGRune.canCastOn GroundGrid returns true for DamageBoosterTowerRune
2014-05-13/18:11:56.866/CESTDEBUGin Rune.canCastOn for DamageBoosterTowerRune
2014-05-13/18:11:56.866/CESTDEBUGRune.canCastOn GroundGrid returns true for DamageBoosterTowerRune
2014-05-13/18:11:56.872/CESTDEBUGin Rune.canCastOn for DamageBoosterTowerRune
2014-05-13/18:11:56.872/CESTDEBUGRune.canCastOn GroundGrid returns true for DamageBoosterTowerRune
2014-05-13/18:11:56.887/CESTDEBUGin Rune.canCastOn for DamageBoosterTowerRune
2014-05-13/18:11:56.887/CESTDEBUGRune.canCastOn GroundGrid returns true for DamageBoosterTowerRune
2014-05-13/18:11:56.897/CESTDEBUGin Rune.canCastOn for DamageBoosterTowerRune
2014-05-13/18:11:56.897/CESTDEBUGRune.canCastOn GroundGrid returns true for DamageBoosterTowerRune
2014-05-13/18:11:57.217/CESTDEBUGin Rune.canCastOn for DamageBoosterTowerRune
2014-05-13/18:11:57.217/CESTDEBUGRune.canCastOn GroundGrid returns true for DamageBoosterTowerRune
2014-05-13/18:11:57.217/CESTDEBUGin Rune.castOn GroundGrid for DamageBoosterTowerRune
2014-05-13/18:11:57.217/CESTDEBUGgrid GroundGrid injected DamageBoosterTowerRune
2014-05-13/18:11:57.218/CESTDEBUGon GroundGrid injectionTarget was null: false
